2024-01-30 11:13:09.140 +05:30  INF  User profile is available. Using 'C:\Users\jithj\AppData\Local\ASP.NET\DataProtection-Keys' as key repository and Windows DPAPI to encrypt keys at rest.
2024-01-30 11:13:09.693 +05:30  INF  Now listening on: https://localhost:7212
2024-01-30 11:13:09.694 +05:30  INF  Now listening on: http://localhost:5212
2024-01-30 11:13:09.699 +05:30  INF  Application started. Press Ctrl+C to shut down.
2024-01-30 11:13:09.699 +05:30  INF  Hosting environment: Development
2024-01-30 11:13:09.699 +05:30  INF  Content root path: C:\Users\jithj\Downloads\Employee Management System\WebApi\
2024-01-30 11:13:10.743 +05:30  INF  Request starting HTTP/2 GET https://localhost:7212/swagger - -
2024-01-30 11:13:11.016 +05:30  INF  Request finished HTTP/2 GET https://localhost:7212/swagger - - - 301 0 - 279.7532ms
2024-01-30 11:13:11.049 +05:30  INF  Request starting HTTP/2 GET https://localhost:7212/swagger/index.html - -
2024-01-30 11:13:11.564 +05:30  INF  Request starting HTTP/2 GET https://localhost:7212/swagger/swagger-ui.css - -
2024-01-30 11:13:11.564 +05:30  INF  Request starting HTTP/2 GET https://localhost:7212/swagger/swagger-ui-bundle.js - -
2024-01-30 11:13:11.565 +05:30  INF  Request starting HTTP/2 GET https://localhost:7212/swagger/swagger-ui-standalone-preset.js - -
2024-01-30 11:13:11.565 +05:30  INF  Request starting HTTP/2 GET https://localhost:7212/_framework/aspnetcore-browser-refresh.js - -
2024-01-30 11:13:11.565 +05:30  INF  Request starting HTTP/2 GET https://localhost:7212/_vs/browserLink - -
2024-01-30 11:13:11.583 +05:30  INF  Request finished HTTP/2 GET https://localhost:7212/_framework/aspnetcore-browser-refresh.js - - - 200 11982 application/javascript;+charset=utf-8 17.4591ms
2024-01-30 11:13:11.596 +05:30  INF  Request finished HTTP/2 GET https://localhost:7212/swagger/index.html - - - 200 - text/html;charset=utf-8 547.1714ms
2024-01-30 11:13:11.673 +05:30  INF  Sending file. Request path: '/swagger-ui.css'. Physical path: 'N/A'
2024-01-30 11:13:11.673 +05:30  INF  Request finished HTTP/2 GET https://localhost:7212/swagger/swagger-ui.css - - - 200 143943 text/css 109.6990ms
2024-01-30 11:13:11.690 +05:30  INF  Sending file. Request path: '/swagger-ui-standalone-preset.js'. Physical path: 'N/A'
2024-01-30 11:13:11.690 +05:30  INF  Request finished HTTP/2 GET https://localhost:7212/swagger/swagger-ui-standalone-preset.js - - - 200 339486 application/javascript 125.3939ms
2024-01-30 11:13:11.694 +05:30  INF  Request finished HTTP/2 GET https://localhost:7212/_vs/browserLink - - - 200 - text/javascript;+charset=UTF-8 128.8836ms
2024-01-30 11:13:11.706 +05:30  INF  Sending file. Request path: '/swagger-ui-bundle.js'. Physical path: 'N/A'
2024-01-30 11:13:11.706 +05:30  INF  Request finished HTTP/2 GET https://localhost:7212/swagger/swagger-ui-bundle.js - - - 200 1096145 application/javascript 141.5894ms
2024-01-30 11:13:12.049 +05:30  INF  Request starting HTTP/2 GET https://localhost:7212/swagger/v1/swagger.json - -
2024-01-30 11:13:12.084 +05:30  INF  Request starting HTTP/2 GET https://localhost:7212/swagger/favicon-32x32.png - -
2024-01-30 11:13:12.085 +05:30  INF  Sending file. Request path: '/favicon-32x32.png'. Physical path: 'N/A'
2024-01-30 11:13:12.085 +05:30  INF  Request finished HTTP/2 GET https://localhost:7212/swagger/favicon-32x32.png - - - 200 628 image/png 1.0676ms
2024-01-30 11:13:12.332 +05:30  INF  Request finished HTTP/2 GET https://localhost:7212/swagger/v1/swagger.json - - - 200 - application/json;charset=utf-8 283.8166ms
2024-01-30 11:13:19.436 +05:30  INF  Request starting HTTP/2 GET https://localhost:7212/api/v1/user/roles - -
2024-01-30 11:13:19.688 +05:30  INF  Executing endpoint 'WebApi.Controllers.UserController.GetAllRole (WebApi)'
2024-01-30 11:13:19.723 +05:30  INF  Route matched with {action = "GetAllRole", controller = "User"}. Executing controller action with signature Microsoft.AspNetCore.Mvc.IActionResult GetAllRole() on controller WebApi.Controllers.UserController (WebApi).
2024-01-30 11:13:21.373 +05:30  INF  Getting All Roles
2024-01-30 11:13:22.725 +05:30  WRN  No store type was specified for the decimal property 'Salary' on entity type 'Employees'. This will cause values to be silently truncated if they do not fit in the default precision and scale. Explicitly specify the SQL server column type that can accommodate all the values in 'OnModelCreating' using 'HasColumnType', specify precision and scale using 'HasPrecision', or configure a value converter using 'HasConversion'.
2024-01-30 11:13:22.726 +05:30  WRN  No store type was specified for the decimal property 'Score' on entity type 'Employees'. This will cause values to be silently truncated if they do not fit in the default precision and scale. Explicitly specify the SQL server column type that can accommodate all the values in 'OnModelCreating' using 'HasColumnType', specify precision and scale using 'HasPrecision', or configure a value converter using 'HasConversion'.
2024-01-30 11:13:23.065 +05:30  INF  Entity Framework Core 6.0.9 initialized 'EmployeeContext' using provider 'Microsoft.EntityFrameworkCore.SqlServer:6.0.9' with options: MigrationsAssembly=Employee DAL, Version=1.0.0.0, Culture=neutral, PublicKeyToken=null 
2024-01-30 11:13:25.672 +05:30  INF  Executed DbCommand (148ms) [Parameters=[], CommandType='"Text"', CommandTimeout='30']
SELECT [r].[Id], [r].[Description], [r].[Roles]
FROM [Roles] AS [r]
2024-01-30 11:13:25.792 +05:30  INF  Executing OkObjectResult, writing value of type 'WebApi.ApiResult`1[[System.Collections.Generic.List`1[[Employee_BAL.Model.RoleIdModel, Employee BAL, Version=1.0.0.0, Culture=neutral, PublicKeyToken=null]], System.Private.CoreLib, Version=6.0.0.0, Culture=neutral, PublicKeyToken=7cec85d7bea7798e]]'.
2024-01-30 11:13:25.813 +05:30  INF  Executed action WebApi.Controllers.UserController.GetAllRole (WebApi) in 6077.284ms
2024-01-30 11:13:25.815 +05:30  INF  Executed endpoint 'WebApi.Controllers.UserController.GetAllRole (WebApi)'
2024-01-30 11:13:25.831 +05:30  INF  Request finished HTTP/2 GET https://localhost:7212/api/v1/user/roles - - - 200 - application/json;+charset=utf-8 6394.6660ms
2024-01-30 11:40:16.733 +05:30  INF  User profile is available. Using 'C:\Users\jithj\AppData\Local\ASP.NET\DataProtection-Keys' as key repository and Windows DPAPI to encrypt keys at rest.
2024-01-30 11:40:17.443 +05:30  INF  Now listening on: https://localhost:7212
2024-01-30 11:40:17.444 +05:30  INF  Now listening on: http://localhost:5212
2024-01-30 11:40:17.450 +05:30  INF  Application started. Press Ctrl+C to shut down.
2024-01-30 11:40:17.450 +05:30  INF  Hosting environment: Development
2024-01-30 11:40:17.450 +05:30  INF  Content root path: C:\Users\jithj\Downloads\Employee Management System\WebApi\
2024-01-30 11:40:19.385 +05:30  INF  Request starting HTTP/2 GET https://localhost:7212/swagger/index.html - -
2024-01-30 11:40:20.693 +05:30  INF  Request starting HTTP/2 GET https://localhost:7212/_framework/aspnetcore-browser-refresh.js - -
2024-01-30 11:40:20.693 +05:30  INF  Request starting HTTP/2 GET https://localhost:7212/_vs/browserLink - -
2024-01-30 11:40:20.702 +05:30  INF  Request finished HTTP/2 GET https://localhost:7212/swagger/index.html - - - 200 - text/html;charset=utf-8 1359.2806ms
2024-01-30 11:40:20.782 +05:30  INF  Request finished HTTP/2 GET https://localhost:7212/_framework/aspnetcore-browser-refresh.js - - - 200 11982 application/javascript;+charset=utf-8 88.9096ms
2024-01-30 11:40:20.976 +05:30  INF  Request finished HTTP/2 GET https://localhost:7212/_vs/browserLink - - - 200 - text/javascript;+charset=UTF-8 282.5111ms
2024-01-30 11:40:21.252 +05:30  INF  Request starting HTTP/2 GET https://localhost:7212/swagger/v1/swagger.json - -
2024-01-30 11:40:21.625 +05:30  INF  Request finished HTTP/2 GET https://localhost:7212/swagger/v1/swagger.json - - - 200 - application/json;charset=utf-8 372.5187ms
2024-01-30 11:40:28.096 +05:30  INF  Request starting HTTP/2 GET https://localhost:7212/api/v1/user/roles - -
2024-01-30 11:40:28.347 +05:30  INF  Executing endpoint 'WebApi.Controllers.UserController.GetAllRole (WebApi)'
2024-01-30 11:40:28.379 +05:30  INF  Route matched with {action = "GetAllRole", controller = "User"}. Executing controller action with signature Microsoft.AspNetCore.Mvc.IActionResult GetAllRole() on controller WebApi.Controllers.UserController (WebApi).
2024-01-30 11:40:29.131 +05:30  INF  Getting All Roles
2024-01-30 11:40:30.582 +05:30  WRN  No store type was specified for the decimal property 'Salary' on entity type 'Employees'. This will cause values to be silently truncated if they do not fit in the default precision and scale. Explicitly specify the SQL server column type that can accommodate all the values in 'OnModelCreating' using 'HasColumnType', specify precision and scale using 'HasPrecision', or configure a value converter using 'HasConversion'.
2024-01-30 11:40:30.583 +05:30  WRN  No store type was specified for the decimal property 'Score' on entity type 'Employees'. This will cause values to be silently truncated if they do not fit in the default precision and scale. Explicitly specify the SQL server column type that can accommodate all the values in 'OnModelCreating' using 'HasColumnType', specify precision and scale using 'HasPrecision', or configure a value converter using 'HasConversion'.
2024-01-30 11:40:30.970 +05:30  INF  Entity Framework Core 6.0.9 initialized 'EmployeeContext' using provider 'Microsoft.EntityFrameworkCore.SqlServer:6.0.9' with options: MigrationsAssembly=Employee DAL, Version=1.0.0.0, Culture=neutral, PublicKeyToken=null 
2024-01-30 11:40:33.300 +05:30  INF  Executed DbCommand (134ms) [Parameters=[], CommandType='"Text"', CommandTimeout='30']
SELECT [r].[Id], [r].[Description], [r].[Roles]
FROM [Roles] AS [r]
2024-01-30 11:40:33.465 +05:30  INF  Executing OkObjectResult, writing value of type 'WebApi.ApiResult`1[[System.Collections.Generic.List`1[[Employee_BAL.Model.RoleIdModel, Employee BAL, Version=1.0.0.0, Culture=neutral, PublicKeyToken=null]], System.Private.CoreLib, Version=6.0.0.0, Culture=neutral, PublicKeyToken=7cec85d7bea7798e]]'.
2024-01-30 11:40:33.488 +05:30  INF  Executed action WebApi.Controllers.UserController.GetAllRole (WebApi) in 5098.2336ms
2024-01-30 11:40:33.490 +05:30  INF  Executed endpoint 'WebApi.Controllers.UserController.GetAllRole (WebApi)'
2024-01-30 11:40:33.501 +05:30  INF  Request finished HTTP/2 GET https://localhost:7212/api/v1/user/roles - - - 200 - application/json;+charset=utf-8 5405.7076ms
2024-01-30 12:19:03.066 +05:30  INF  User profile is available. Using 'C:\Users\jithj\AppData\Local\ASP.NET\DataProtection-Keys' as key repository and Windows DPAPI to encrypt keys at rest.
2024-01-30 12:19:03.856 +05:30  INF  Now listening on: https://localhost:7212
2024-01-30 12:19:03.857 +05:30  INF  Now listening on: http://localhost:5212
2024-01-30 12:19:03.859 +05:30  INF  Application started. Press Ctrl+C to shut down.
2024-01-30 12:19:03.859 +05:30  INF  Hosting environment: Development
2024-01-30 12:19:03.859 +05:30  INF  Content root path: C:\Users\jithj\Downloads\Employee Management System\WebApi\
2024-01-30 12:19:04.421 +05:30  INF  Request starting HTTP/2 GET https://localhost:7212/swagger/index.html - -
2024-01-30 12:19:04.911 +05:30  INF  Request starting HTTP/2 GET https://localhost:7212/_vs/browserLink - -
2024-01-30 12:19:04.911 +05:30  INF  Request starting HTTP/2 GET https://localhost:7212/_framework/aspnetcore-browser-refresh.js - -
2024-01-30 12:19:04.965 +05:30  INF  Request finished HTTP/2 GET https://localhost:7212/_framework/aspnetcore-browser-refresh.js - - - 200 11982 application/javascript;+charset=utf-8 14.3594ms
2024-01-30 12:19:04.965 +05:30  INF  Request finished HTTP/2 GET https://localhost:7212/swagger/index.html - - - 200 - text/html;charset=utf-8 507.4233ms
2024-01-30 12:19:05.015 +05:30  INF  Request finished HTTP/2 GET https://localhost:7212/_vs/browserLink - - - 200 - text/javascript;+charset=UTF-8 104.2794ms
2024-01-30 12:19:05.061 +05:30  INF  Request starting HTTP/2 GET https://localhost:7212/swagger/v1/swagger.json - -
2024-01-30 12:19:05.228 +05:30  INF  Request finished HTTP/2 GET https://localhost:7212/swagger/v1/swagger.json - - - 200 - application/json;charset=utf-8 166.7488ms
2024-01-30 12:22:00.488 +05:30  INF  Request starting HTTP/2 GET https://localhost:7212/api/v1/user/roles - -
2024-01-30 12:22:00.632 +05:30  INF  Executing endpoint 'WebApi.Controllers.UserController.GetAllRole (WebApi)'
2024-01-30 12:22:00.645 +05:30  INF  Route matched with {action = "GetAllRole", controller = "User"}. Executing controller action with signature Microsoft.AspNetCore.Mvc.IActionResult GetAllRole() on controller WebApi.Controllers.UserController (WebApi).
2024-01-30 12:22:01.104 +05:30  INF  Getting All Roles
2024-01-30 12:22:01.797 +05:30  WRN  No store type was specified for the decimal property 'Salary' on entity type 'Employees'. This will cause values to be silently truncated if they do not fit in the default precision and scale. Explicitly specify the SQL server column type that can accommodate all the values in 'OnModelCreating' using 'HasColumnType', specify precision and scale using 'HasPrecision', or configure a value converter using 'HasConversion'.
2024-01-30 12:22:01.797 +05:30  WRN  No store type was specified for the decimal property 'Score' on entity type 'Employees'. This will cause values to be silently truncated if they do not fit in the default precision and scale. Explicitly specify the SQL server column type that can accommodate all the values in 'OnModelCreating' using 'HasColumnType', specify precision and scale using 'HasPrecision', or configure a value converter using 'HasConversion'.
2024-01-30 12:22:01.951 +05:30  INF  Entity Framework Core 6.0.9 initialized 'EmployeeContext' using provider 'Microsoft.EntityFrameworkCore.SqlServer:6.0.9' with options: MigrationsAssembly=Employee DAL, Version=1.0.0.0, Culture=neutral, PublicKeyToken=null 
2024-01-30 12:22:02.796 +05:30  INF  Executed DbCommand (28ms) [Parameters=[], CommandType='"Text"', CommandTimeout='30']
SELECT [r].[Id], [r].[Description], [r].[Roles]
FROM [Roles] AS [r]
2024-01-30 12:22:02.849 +05:30  INF  Executing OkObjectResult, writing value of type 'WebApi.ApiResult`1[[System.Collections.Generic.List`1[[Employee_BAL.Model.RoleIdModel, Employee BAL, Version=1.0.0.0, Culture=neutral, PublicKeyToken=null]], System.Private.CoreLib, Version=6.0.0.0, Culture=neutral, PublicKeyToken=7cec85d7bea7798e]]'.
2024-01-30 12:22:02.858 +05:30  INF  Executed action WebApi.Controllers.UserController.GetAllRole (WebApi) in 2207.9807ms
2024-01-30 12:22:02.859 +05:30  INF  Executed endpoint 'WebApi.Controllers.UserController.GetAllRole (WebApi)'
2024-01-30 12:22:02.865 +05:30  INF  Request finished HTTP/2 GET https://localhost:7212/api/v1/user/roles - - - 200 - application/json;+charset=utf-8 2376.8926ms
2024-01-30 14:09:22.417 +05:30  INF  User profile is available. Using 'C:\Users\jithj\AppData\Local\ASP.NET\DataProtection-Keys' as key repository and Windows DPAPI to encrypt keys at rest.
2024-01-30 14:09:23.203 +05:30  INF  Now listening on: https://localhost:7212
2024-01-30 14:09:23.204 +05:30  INF  Now listening on: http://localhost:5212
2024-01-30 14:09:23.209 +05:30  INF  Application started. Press Ctrl+C to shut down.
2024-01-30 14:09:23.209 +05:30  INF  Hosting environment: Development
2024-01-30 14:09:23.209 +05:30  INF  Content root path: C:\Users\jithj\Downloads\Employee Management System\WebApi\
2024-01-30 14:09:24.310 +05:30  INF  Request starting HTTP/2 GET https://localhost:7212/swagger/index.html - -
2024-01-30 14:09:25.148 +05:30  INF  Request starting HTTP/2 GET https://localhost:7212/_framework/aspnetcore-browser-refresh.js - -
2024-01-30 14:09:25.149 +05:30  INF  Request starting HTTP/2 GET https://localhost:7212/_vs/browserLink - -
2024-01-30 14:09:25.196 +05:30  INF  Request finished HTTP/2 GET https://localhost:7212/swagger/index.html - - - 200 - text/html;charset=utf-8 891.1780ms
2024-01-30 14:09:25.196 +05:30  INF  Request finished HTTP/2 GET https://localhost:7212/_framework/aspnetcore-browser-refresh.js - - - 200 11982 application/javascript;+charset=utf-8 40.8813ms
2024-01-30 14:09:25.300 +05:30  INF  Request finished HTTP/2 GET https://localhost:7212/_vs/browserLink - - - 200 - text/javascript;+charset=UTF-8 151.5862ms
2024-01-30 14:09:25.427 +05:30  INF  Request starting HTTP/2 GET https://localhost:7212/swagger/v1/swagger.json - -
2024-01-30 14:09:25.707 +05:30  INF  Request finished HTTP/2 GET https://localhost:7212/swagger/v1/swagger.json - - - 200 - application/json;charset=utf-8 279.6269ms
2024-01-30 14:12:46.227 +05:30  INF  Request starting HTTP/2 POST https://localhost:7212/api/v1/user/register application/json 74
2024-01-30 14:12:46.443 +05:30  INF  Executing endpoint 'WebApi.Controllers.UserController.RegisterCredentials (WebApi)'
2024-01-30 14:12:46.526 +05:30  INF  Route matched with {action = "RegisterCredentials", controller = "User"}. Executing controller action with signature Microsoft.AspNetCore.Mvc.IActionResult RegisterCredentials(Employee_BAL.Model.UserRegisterModel) on controller WebApi.Controllers.UserController (WebApi).
2024-01-30 14:12:47.471 +05:30  INF  Registering Account
2024-01-30 14:12:48.953 +05:30  WRN  No store type was specified for the decimal property 'Salary' on entity type 'Employees'. This will cause values to be silently truncated if they do not fit in the default precision and scale. Explicitly specify the SQL server column type that can accommodate all the values in 'OnModelCreating' using 'HasColumnType', specify precision and scale using 'HasPrecision', or configure a value converter using 'HasConversion'.
2024-01-30 14:12:48.954 +05:30  WRN  No store type was specified for the decimal property 'Score' on entity type 'Employees'. This will cause values to be silently truncated if they do not fit in the default precision and scale. Explicitly specify the SQL server column type that can accommodate all the values in 'OnModelCreating' using 'HasColumnType', specify precision and scale using 'HasPrecision', or configure a value converter using 'HasConversion'.
2024-01-30 14:12:49.281 +05:30  INF  Entity Framework Core 6.0.9 initialized 'EmployeeContext' using provider 'Microsoft.EntityFrameworkCore.SqlServer:6.0.9' with options: MigrationsAssembly=Employee DAL, Version=1.0.0.0, Culture=neutral, PublicKeyToken=null 
2024-01-30 14:12:51.022 +05:30  INF  Executed DbCommand (162ms) [Parameters=[@__email_0='?' (Size = 250) (DbType = AnsiString)], CommandType='"Text"', CommandTimeout='30']
SELECT [u].[Id], [u].[Email], [u].[LogOn], [u].[Password], [u].[RegisteredOn]
FROM [Users] AS [u]
WHERE [u].[Email] = @__email_0
2024-01-30 14:12:51.579 +05:30  INF  Executed DbCommand (127ms) [Parameters=[@p0='?' (Size = 250) (DbType = AnsiString), @p1='?' (DbType = DateTime2), @p2='?' (Size = 250) (DbType = AnsiString), @p3='?' (DbType = DateTime2)], CommandType='"Text"', CommandTimeout='30']
SET NOCOUNT ON;
INSERT INTO [Users] ([Email], [LogOn], [Password], [RegisteredOn])
VALUES (@p0, @p1, @p2, @p3);
SELECT [Id]
FROM [Users]
WHERE @@ROWCOUNT = 1 AND [Id] = scope_identity();
2024-01-30 14:12:51.677 +05:30  INF  Executing OkObjectResult, writing value of type 'WebApi.ApiResult`1[[Employee_BAL.Model.UserRegisterModel, Employee BAL, Version=1.0.0.0, Culture=neutral, PublicKeyToken=null]]'.
2024-01-30 14:12:51.696 +05:30  INF  Executed action WebApi.Controllers.UserController.RegisterCredentials (WebApi) in 5156.6811ms
2024-01-30 14:12:51.697 +05:30  INF  Executed endpoint 'WebApi.Controllers.UserController.RegisterCredentials (WebApi)'
2024-01-30 14:12:51.709 +05:30  INF  Request finished HTTP/2 POST https://localhost:7212/api/v1/user/register application/json 74 - 200 - application/json;+charset=utf-8 5482.7738ms
2024-01-30 14:39:08.582 +05:30  INF  User profile is available. Using 'C:\Users\jithj\AppData\Local\ASP.NET\DataProtection-Keys' as key repository and Windows DPAPI to encrypt keys at rest.
2024-01-30 14:39:09.116 +05:30  INF  Now listening on: https://localhost:7212
2024-01-30 14:39:09.116 +05:30  INF  Now listening on: http://localhost:5212
2024-01-30 14:39:09.120 +05:30  INF  Application started. Press Ctrl+C to shut down.
2024-01-30 14:39:09.121 +05:30  INF  Hosting environment: Development
2024-01-30 14:39:09.121 +05:30  INF  Content root path: C:\Users\jithj\Downloads\Employee Management System\WebApi\
2024-01-30 14:39:09.743 +05:30  INF  Request starting HTTP/2 GET https://localhost:7212/swagger/index.html - -
2024-01-30 14:39:10.299 +05:30  INF  Request starting HTTP/2 GET https://localhost:7212/_framework/aspnetcore-browser-refresh.js - -
2024-01-30 14:39:10.301 +05:30  INF  Request starting HTTP/2 GET https://localhost:7212/_vs/browserLink - -
2024-01-30 14:39:10.323 +05:30  INF  Request finished HTTP/2 GET https://localhost:7212/_framework/aspnetcore-browser-refresh.js - - - 200 11982 application/javascript;+charset=utf-8 13.9239ms
2024-01-30 14:39:10.323 +05:30  INF  Request finished HTTP/2 GET https://localhost:7212/swagger/index.html - - - 200 - text/html;charset=utf-8 587.8769ms
2024-01-30 14:39:10.351 +05:30  INF  Request finished HTTP/2 GET https://localhost:7212/_vs/browserLink - - - 200 - text/javascript;+charset=UTF-8 49.9271ms
2024-01-30 14:39:10.467 +05:30  INF  Request starting HTTP/2 GET https://localhost:7212/swagger/v1/swagger.json - -
2024-01-30 14:39:10.759 +05:30  INF  Request finished HTTP/2 GET https://localhost:7212/swagger/v1/swagger.json - - - 200 - application/json;charset=utf-8 292.2292ms
2024-01-30 16:39:04.663 +05:30  INF  User profile is available. Using 'C:\Users\jithj\AppData\Local\ASP.NET\DataProtection-Keys' as key repository and Windows DPAPI to encrypt keys at rest.
2024-01-30 16:39:05.405 +05:30  INF  Now listening on: https://localhost:7212
2024-01-30 16:39:05.405 +05:30  INF  Now listening on: http://localhost:5212
2024-01-30 16:39:05.410 +05:30  INF  Application started. Press Ctrl+C to shut down.
2024-01-30 16:39:05.410 +05:30  INF  Hosting environment: Development
2024-01-30 16:39:05.410 +05:30  INF  Content root path: C:\Users\jithj\Downloads\Employee Management System\WebApi\
2024-01-30 16:39:06.280 +05:30  INF  Request starting HTTP/2 GET https://localhost:7212/swagger/index.html - -
2024-01-30 16:39:06.922 +05:30  INF  Request starting HTTP/2 GET https://localhost:7212/_framework/aspnetcore-browser-refresh.js - -
2024-01-30 16:39:06.936 +05:30  INF  Request starting HTTP/2 GET https://localhost:7212/_vs/browserLink - -
2024-01-30 16:39:06.964 +05:30  INF  Request finished HTTP/2 GET https://localhost:7212/_framework/aspnetcore-browser-refresh.js - - - 200 11982 application/javascript;+charset=utf-8 38.0880ms
2024-01-30 16:39:06.964 +05:30  INF  Request finished HTTP/2 GET https://localhost:7212/swagger/index.html - - - 200 - text/html;charset=utf-8 694.1118ms
2024-01-30 16:39:07.035 +05:30  INF  Request finished HTTP/2 GET https://localhost:7212/_vs/browserLink - - - 200 - text/javascript;+charset=UTF-8 99.1358ms
2024-01-30 16:39:07.161 +05:30  INF  Request starting HTTP/2 GET https://localhost:7212/swagger/v1/swagger.json - -
2024-01-30 16:39:07.488 +05:30  INF  Request finished HTTP/2 GET https://localhost:7212/swagger/v1/swagger.json - - - 200 - application/json;charset=utf-8 326.1256ms
2024-01-30 16:39:16.202 +05:30  INF  Request starting HTTP/2 GET https://localhost:7212/api/v1/user/roles - -
2024-01-30 16:39:16.431 +05:30  INF  Executing endpoint 'WebApi.Controllers.UserController.GetAllRole (WebApi)'
2024-01-30 16:39:16.453 +05:30  INF  Route matched with {action = "GetAllRole", controller = "User"}. Executing controller action with signature Microsoft.AspNetCore.Mvc.IActionResult GetAllRole() on controller WebApi.Controllers.UserController (WebApi).
2024-01-30 16:39:17.748 +05:30  INF  Getting All Roles
2024-01-30 16:39:19.143 +05:30  WRN  No store type was specified for the decimal property 'Salary' on entity type 'Employees'. This will cause values to be silently truncated if they do not fit in the default precision and scale. Explicitly specify the SQL server column type that can accommodate all the values in 'OnModelCreating' using 'HasColumnType', specify precision and scale using 'HasPrecision', or configure a value converter using 'HasConversion'.
2024-01-30 16:39:19.143 +05:30  WRN  No store type was specified for the decimal property 'Score' on entity type 'Employees'. This will cause values to be silently truncated if they do not fit in the default precision and scale. Explicitly specify the SQL server column type that can accommodate all the values in 'OnModelCreating' using 'HasColumnType', specify precision and scale using 'HasPrecision', or configure a value converter using 'HasConversion'.
2024-01-30 16:39:19.491 +05:30  INF  Entity Framework Core 6.0.9 initialized 'EmployeeContext' using provider 'Microsoft.EntityFrameworkCore.SqlServer:6.0.9' with options: MigrationsAssembly=Employee DAL, Version=1.0.0.0, Culture=neutral, PublicKeyToken=null 
2024-01-30 16:39:21.149 +05:30  INF  Executed DbCommand (58ms) [Parameters=[], CommandType='"Text"', CommandTimeout='30']
SELECT [r].[Id], [r].[Description], [r].[Roles]
FROM [Roles] AS [r]
2024-01-30 16:39:21.367 +05:30  INF  Executing OkObjectResult, writing value of type 'WebApi.ApiResult`1[[System.Collections.Generic.List`1[[Employee_BAL.Model.RoleIdModel, Employee BAL, Version=1.0.0.0, Culture=neutral, PublicKeyToken=null]], System.Private.CoreLib, Version=6.0.0.0, Culture=neutral, PublicKeyToken=7cec85d7bea7798e]]'.
2024-01-30 16:39:21.387 +05:30  INF  Executed action WebApi.Controllers.UserController.GetAllRole (WebApi) in 4922.1976ms
2024-01-30 16:39:21.388 +05:30  INF  Executed endpoint 'WebApi.Controllers.UserController.GetAllRole (WebApi)'
2024-01-30 16:39:21.400 +05:30  INF  Request finished HTTP/2 GET https://localhost:7212/api/v1/user/roles - - - 200 - application/json;+charset=utf-8 5198.0379ms
2024-01-30 16:41:01.731 +05:30  INF  User profile is available. Using 'C:\Users\jithj\AppData\Local\ASP.NET\DataProtection-Keys' as key repository and Windows DPAPI to encrypt keys at rest.
2024-01-30 16:41:02.168 +05:30  INF  Now listening on: https://localhost:7212
2024-01-30 16:41:02.168 +05:30  INF  Now listening on: http://localhost:5212
2024-01-30 16:41:02.173 +05:30  INF  Application started. Press Ctrl+C to shut down.
2024-01-30 16:41:02.173 +05:30  INF  Hosting environment: Development
2024-01-30 16:41:02.173 +05:30  INF  Content root path: C:\Users\jithj\Downloads\Employee Management System\WebApi\
2024-01-30 16:41:02.823 +05:30  INF  Request starting HTTP/2 GET https://localhost:7212/swagger/index.html - -
2024-01-30 16:41:03.322 +05:30  INF  Request starting HTTP/2 GET https://localhost:7212/_framework/aspnetcore-browser-refresh.js - -
2024-01-30 16:41:03.334 +05:30  INF  Request starting HTTP/2 GET https://localhost:7212/_vs/browserLink - -
2024-01-30 16:41:03.356 +05:30  INF  Request finished HTTP/2 GET https://localhost:7212/swagger/index.html - - - 200 - text/html;charset=utf-8 543.9267ms
2024-01-30 16:41:03.356 +05:30  INF  Request finished HTTP/2 GET https://localhost:7212/_framework/aspnetcore-browser-refresh.js - - - 200 11982 application/javascript;+charset=utf-8 31.9672ms
2024-01-30 16:41:03.380 +05:30  INF  Request finished HTTP/2 GET https://localhost:7212/_vs/browserLink - - - 200 - text/javascript;+charset=UTF-8 45.7348ms
2024-01-30 16:41:03.492 +05:30  INF  Request starting HTTP/2 GET https://localhost:7212/swagger/v1/swagger.json - -
2024-01-30 16:41:03.752 +05:30  INF  Request finished HTTP/2 GET https://localhost:7212/swagger/v1/swagger.json - - - 200 - application/json;charset=utf-8 260.3016ms
2024-01-30 16:41:44.948 +05:30  INF  User profile is available. Using 'C:\Users\jithj\AppData\Local\ASP.NET\DataProtection-Keys' as key repository and Windows DPAPI to encrypt keys at rest.
2024-01-30 16:41:45.382 +05:30  INF  Now listening on: https://localhost:7212
2024-01-30 16:41:45.382 +05:30  INF  Now listening on: http://localhost:5212
2024-01-30 16:41:45.386 +05:30  INF  Application started. Press Ctrl+C to shut down.
2024-01-30 16:41:45.386 +05:30  INF  Hosting environment: Development
2024-01-30 16:41:45.386 +05:30  INF  Content root path: C:\Users\jithj\Downloads\Employee Management System\WebApi\
2024-01-30 16:41:46.011 +05:30  INF  Request starting HTTP/2 GET https://localhost:7212/swagger/index.html - -
2024-01-30 16:41:46.553 +05:30  INF  Request starting HTTP/2 GET https://localhost:7212/_vs/browserLink - -
2024-01-30 16:41:46.553 +05:30  INF  Request starting HTTP/2 GET https://localhost:7212/_framework/aspnetcore-browser-refresh.js - -
2024-01-30 16:41:46.579 +05:30  INF  Request finished HTTP/2 GET https://localhost:7212/swagger/index.html - - - 200 - text/html;charset=utf-8 574.7385ms
2024-01-30 16:41:46.579 +05:30  INF  Request finished HTTP/2 GET https://localhost:7212/_framework/aspnetcore-browser-refresh.js - - - 200 11982 application/javascript;+charset=utf-8 23.7083ms
2024-01-30 16:41:46.597 +05:30  INF  Request finished HTTP/2 GET https://localhost:7212/_vs/browserLink - - - 200 - text/javascript;+charset=UTF-8 43.9694ms
2024-01-30 16:41:46.713 +05:30  INF  Request starting HTTP/2 GET https://localhost:7212/swagger/v1/swagger.json - -
2024-01-30 16:41:47.054 +05:30  INF  Request finished HTTP/2 GET https://localhost:7212/swagger/v1/swagger.json - - - 200 - application/json;charset=utf-8 340.9570ms
2024-01-30 16:42:08.570 +05:30  INF  Request starting HTTP/2 POST https://localhost:7212/api/v1/user/register application/json 74
2024-01-30 16:42:08.759 +05:30  INF  Executing endpoint 'WebApi.Controllers.UserController.RegisterCredentials (WebApi)'
2024-01-30 16:42:08.806 +05:30  INF  Route matched with {action = "RegisterCredentials", controller = "User"}. Executing controller action with signature Microsoft.AspNetCore.Mvc.IActionResult RegisterCredentials(Employee_BAL.Model.UserRegisterModel) on controller WebApi.Controllers.UserController (WebApi).
2024-01-30 16:42:09.566 +05:30  INF  Registering Account
2024-01-30 16:42:29.573 +05:30  WRN  No store type was specified for the decimal property 'Salary' on entity type 'Employees'. This will cause values to be silently truncated if they do not fit in the default precision and scale. Explicitly specify the SQL server column type that can accommodate all the values in 'OnModelCreating' using 'HasColumnType', specify precision and scale using 'HasPrecision', or configure a value converter using 'HasConversion'.
2024-01-30 16:42:29.573 +05:30  WRN  No store type was specified for the decimal property 'Score' on entity type 'Employees'. This will cause values to be silently truncated if they do not fit in the default precision and scale. Explicitly specify the SQL server column type that can accommodate all the values in 'OnModelCreating' using 'HasColumnType', specify precision and scale using 'HasPrecision', or configure a value converter using 'HasConversion'.
2024-01-30 16:42:29.909 +05:30  INF  Entity Framework Core 6.0.9 initialized 'EmployeeContext' using provider 'Microsoft.EntityFrameworkCore.SqlServer:6.0.9' with options: MigrationsAssembly=Employee DAL, Version=1.0.0.0, Culture=neutral, PublicKeyToken=null 
2024-01-30 16:42:31.530 +05:30  INF  Executed DbCommand (115ms) [Parameters=[@__email_0='?' (Size = 250) (DbType = AnsiString)], CommandType='"Text"', CommandTimeout='30']
SELECT [u].[Id], [u].[Email], [u].[LogOn], [u].[Password], [u].[RegisteredOn]
FROM [Users] AS [u]
WHERE [u].[Email] = @__email_0
2024-01-30 16:42:38.198 +05:30  INF  Executed DbCommand (37ms) [Parameters=[@p0='?' (Size = 250) (DbType = AnsiString), @p1='?' (DbType = DateTime2), @p2='?' (Size = 250) (DbType = AnsiString), @p3='?' (DbType = DateTime2)], CommandType='"Text"', CommandTimeout='30']
SET NOCOUNT ON;
INSERT INTO [Users] ([Email], [LogOn], [Password], [RegisteredOn])
VALUES (@p0, @p1, @p2, @p3);
SELECT [Id]
FROM [Users]
WHERE @@ROWCOUNT = 1 AND [Id] = scope_identity();
2024-01-30 16:42:50.327 +05:30  INF  Executing OkObjectResult, writing value of type 'WebApi.ApiResult`1[[Employee_BAL.Model.UserRegisterModel, Employee BAL, Version=1.0.0.0, Culture=neutral, PublicKeyToken=null]]'.
2024-01-30 16:42:50.346 +05:30  INF  Executed action WebApi.Controllers.UserController.RegisterCredentials (WebApi) in 41526.7311ms
2024-01-30 16:42:50.347 +05:30  INF  Executed endpoint 'WebApi.Controllers.UserController.RegisterCredentials (WebApi)'
2024-01-30 16:42:50.359 +05:30  INF  Request finished HTTP/2 POST https://localhost:7212/api/v1/user/register application/json 74 - 200 - application/json;+charset=utf-8 41789.0410ms
2024-01-30 16:44:51.743 +05:30  INF  User profile is available. Using 'C:\Users\jithj\AppData\Local\ASP.NET\DataProtection-Keys' as key repository and Windows DPAPI to encrypt keys at rest.
2024-01-30 16:44:52.213 +05:30  INF  Now listening on: https://localhost:7212
2024-01-30 16:44:52.214 +05:30  INF  Now listening on: http://localhost:5212
2024-01-30 16:44:52.218 +05:30  INF  Application started. Press Ctrl+C to shut down.
2024-01-30 16:44:52.218 +05:30  INF  Hosting environment: Development
2024-01-30 16:44:52.218 +05:30  INF  Content root path: C:\Users\jithj\Downloads\Employee Management System\WebApi\
2024-01-30 16:44:53.120 +05:30  INF  Request starting HTTP/2 GET https://localhost:7212/swagger/index.html - -
2024-01-30 16:44:53.711 +05:30  INF  Request starting HTTP/2 GET https://localhost:7212/_framework/aspnetcore-browser-refresh.js - -
2024-01-30 16:44:53.742 +05:30  INF  Request starting HTTP/2 GET https://localhost:7212/_vs/browserLink - -
2024-01-30 16:44:53.757 +05:30  INF  Request finished HTTP/2 GET https://localhost:7212/swagger/index.html - - - 200 - text/html;charset=utf-8 645.5502ms
2024-01-30 16:44:53.757 +05:30  INF  Request finished HTTP/2 GET https://localhost:7212/_framework/aspnetcore-browser-refresh.js - - - 200 11982 application/javascript;+charset=utf-8 19.2286ms
2024-01-30 16:44:53.817 +05:30  INF  Request finished HTTP/2 GET https://localhost:7212/_vs/browserLink - - - 200 - text/javascript;+charset=UTF-8 75.1306ms
2024-01-30 16:44:53.912 +05:30  INF  Request starting HTTP/2 GET https://localhost:7212/swagger/v1/swagger.json - -
2024-01-30 16:44:54.188 +05:30  INF  Request finished HTTP/2 GET https://localhost:7212/swagger/v1/swagger.json - - - 200 - application/json;charset=utf-8 275.8620ms
2024-01-30 16:47:13.592 +05:30  INF  User profile is available. Using 'C:\Users\jithj\AppData\Local\ASP.NET\DataProtection-Keys' as key repository and Windows DPAPI to encrypt keys at rest.
2024-01-30 16:47:14.047 +05:30  INF  Now listening on: https://localhost:7212
2024-01-30 16:47:14.047 +05:30  INF  Now listening on: http://localhost:5212
2024-01-30 16:47:14.052 +05:30  INF  Application started. Press Ctrl+C to shut down.
2024-01-30 16:47:14.052 +05:30  INF  Hosting environment: Development
2024-01-30 16:47:14.052 +05:30  INF  Content root path: C:\Users\jithj\Downloads\Employee Management System\WebApi\
2024-01-30 16:47:14.930 +05:30  INF  Request starting HTTP/2 GET https://localhost:7212/swagger/index.html - -
2024-01-30 16:47:15.516 +05:30  INF  Request starting HTTP/2 GET https://localhost:7212/_vs/browserLink - -
2024-01-30 16:47:15.516 +05:30  INF  Request starting HTTP/2 GET https://localhost:7212/_framework/aspnetcore-browser-refresh.js - -
2024-01-30 16:47:15.536 +05:30  INF  Request finished HTTP/2 GET https://localhost:7212/_framework/aspnetcore-browser-refresh.js - - - 200 11982 application/javascript;+charset=utf-8 16.9376ms
2024-01-30 16:47:15.536 +05:30  INF  Request finished HTTP/2 GET https://localhost:7212/swagger/index.html - - - 200 - text/html;charset=utf-8 616.7186ms
2024-01-30 16:47:15.561 +05:30  INF  Request finished HTTP/2 GET https://localhost:7212/_vs/browserLink - - - 200 - text/javascript;+charset=UTF-8 44.7197ms
2024-01-30 16:47:15.746 +05:30  INF  Request starting HTTP/2 GET https://localhost:7212/swagger/v1/swagger.json - -
2024-01-30 16:47:16.046 +05:30  INF  Request finished HTTP/2 GET https://localhost:7212/swagger/v1/swagger.json - - - 200 - application/json;charset=utf-8 299.8307ms
2024-01-30 16:47:42.048 +05:30  INF  Request starting HTTP/2 POST https://localhost:7212/api/v1/user/register application/json 74
2024-01-30 16:47:42.243 +05:30  INF  Executing endpoint 'WebApi.Controllers.UserController.RegisterCredentials (Employee Management)'
2024-01-30 16:47:42.281 +05:30  INF  Route matched with {action = "RegisterCredentials", controller = "User"}. Executing controller action with signature Microsoft.AspNetCore.Mvc.IActionResult RegisterCredentials(Employee_BAL.Model.UserRegisterModel) on controller WebApi.Controllers.UserController (Employee Management).
2024-01-30 16:47:43.040 +05:30  INF  Registering Account
2024-01-30 16:48:45.309 +05:30  WRN  No store type was specified for the decimal property 'Salary' on entity type 'Employees'. This will cause values to be silently truncated if they do not fit in the default precision and scale. Explicitly specify the SQL server column type that can accommodate all the values in 'OnModelCreating' using 'HasColumnType', specify precision and scale using 'HasPrecision', or configure a value converter using 'HasConversion'.
2024-01-30 16:48:45.310 +05:30  WRN  No store type was specified for the decimal property 'Score' on entity type 'Employees'. This will cause values to be silently truncated if they do not fit in the default precision and scale. Explicitly specify the SQL server column type that can accommodate all the values in 'OnModelCreating' using 'HasColumnType', specify precision and scale using 'HasPrecision', or configure a value converter using 'HasConversion'.
2024-01-30 16:48:45.661 +05:30  INF  Entity Framework Core 6.0.9 initialized 'EmployeeContext' using provider 'Microsoft.EntityFrameworkCore.SqlServer:6.0.9' with options: MigrationsAssembly=Employee DAL, Version=1.0.0.0, Culture=neutral, PublicKeyToken=null 
2024-01-30 16:48:47.335 +05:30  INF  Executed DbCommand (119ms) [Parameters=[@__email_0='?' (Size = 250) (DbType = AnsiString)], CommandType='"Text"', CommandTimeout='30']
SELECT [u].[Id], [u].[Email], [u].[LogOn], [u].[Password], [u].[RegisteredOn]
FROM [Users] AS [u]
WHERE [u].[Email] = @__email_0
2024-01-30 16:48:52.682 +05:30  INF  Executed DbCommand (9ms) [Parameters=[@p0='?' (Size = 250) (DbType = AnsiString), @p1='?' (DbType = DateTime2), @p2='?' (Size = 250) (DbType = AnsiString), @p3='?' (DbType = DateTime2)], CommandType='"Text"', CommandTimeout='30']
SET NOCOUNT ON;
INSERT INTO [Users] ([Email], [LogOn], [Password], [RegisteredOn])
VALUES (@p0, @p1, @p2, @p3);
SELECT [Id]
FROM [Users]
WHERE @@ROWCOUNT = 1 AND [Id] = scope_identity();
2024-01-30 16:50:13.944 +05:30  INF  User profile is available. Using 'C:\Users\jithj\AppData\Local\ASP.NET\DataProtection-Keys' as key repository and Windows DPAPI to encrypt keys at rest.
2024-01-30 16:50:14.468 +05:30  INF  Now listening on: https://localhost:7212
2024-01-30 16:50:14.468 +05:30  INF  Now listening on: http://localhost:5212
2024-01-30 16:50:14.473 +05:30  INF  Application started. Press Ctrl+C to shut down.
2024-01-30 16:50:14.473 +05:30  INF  Hosting environment: Development
2024-01-30 16:50:14.473 +05:30  INF  Content root path: C:\Users\jithj\Downloads\Employee Management System\WebApi\
2024-01-30 16:50:15.037 +05:30  INF  Request starting HTTP/2 GET https://localhost:7212/swagger/index.html - -
2024-01-30 16:50:15.609 +05:30  INF  Request starting HTTP/2 GET https://localhost:7212/_vs/browserLink - -
2024-01-30 16:50:15.609 +05:30  INF  Request starting HTTP/2 GET https://localhost:7212/_framework/aspnetcore-browser-refresh.js - -
2024-01-30 16:50:15.624 +05:30  INF  Request finished HTTP/2 GET https://localhost:7212/swagger/index.html - - - 200 - text/html;charset=utf-8 590.1119ms
2024-01-30 16:50:15.624 +05:30  INF  Request finished HTTP/2 GET https://localhost:7212/_framework/aspnetcore-browser-refresh.js - - - 200 11982 application/javascript;+charset=utf-8 15.6845ms
2024-01-30 16:50:15.654 +05:30  INF  Request finished HTTP/2 GET https://localhost:7212/_vs/browserLink - - - 200 - text/javascript;+charset=UTF-8 45.3866ms
2024-01-30 16:50:15.763 +05:30  INF  Request starting HTTP/2 GET https://localhost:7212/swagger/v1/swagger.json - -
2024-01-30 16:50:16.050 +05:30  INF  Request finished HTTP/2 GET https://localhost:7212/swagger/v1/swagger.json - - - 200 - application/json;charset=utf-8 287.0793ms
2024-01-30 16:50:48.701 +05:30  INF  Request starting HTTP/2 POST https://localhost:7212/api/v1/user/register application/json 74
2024-01-30 16:50:48.904 +05:30  INF  Executing endpoint 'WebApi.Controllers.UserController.RegisterCredentials (Employee Management)'
2024-01-30 16:50:48.944 +05:30  INF  Route matched with {action = "RegisterCredentials", controller = "User"}. Executing controller action with signature Microsoft.AspNetCore.Mvc.IActionResult RegisterCredentials(Employee_BAL.Model.UserRegisterModel) on controller WebApi.Controllers.UserController (Employee Management).
2024-01-30 16:50:49.738 +05:30  INF  Registering Account
2024-01-30 16:50:51.199 +05:30  WRN  No store type was specified for the decimal property 'Salary' on entity type 'Employees'. This will cause values to be silently truncated if they do not fit in the default precision and scale. Explicitly specify the SQL server column type that can accommodate all the values in 'OnModelCreating' using 'HasColumnType', specify precision and scale using 'HasPrecision', or configure a value converter using 'HasConversion'.
2024-01-30 16:50:51.199 +05:30  WRN  No store type was specified for the decimal property 'Score' on entity type 'Employees'. This will cause values to be silently truncated if they do not fit in the default precision and scale. Explicitly specify the SQL server column type that can accommodate all the values in 'OnModelCreating' using 'HasColumnType', specify precision and scale using 'HasPrecision', or configure a value converter using 'HasConversion'.
2024-01-30 16:50:51.529 +05:30  INF  Entity Framework Core 6.0.9 initialized 'EmployeeContext' using provider 'Microsoft.EntityFrameworkCore.SqlServer:6.0.9' with options: MigrationsAssembly=Employee DAL, Version=1.0.0.0, Culture=neutral, PublicKeyToken=null 
2024-01-30 16:50:53.149 +05:30  INF  Executed DbCommand (126ms) [Parameters=[@__email_0='?' (Size = 250) (DbType = AnsiString)], CommandType='"Text"', CommandTimeout='30']
SELECT [u].[Id], [u].[Email], [u].[LogOn], [u].[Password], [u].[RegisteredOn]
FROM [Users] AS [u]
WHERE [u].[Email] = @__email_0
2024-01-30 16:50:53.552 +05:30  INF  Executed DbCommand (8ms) [Parameters=[@p0='?' (Size = 250) (DbType = AnsiString), @p1='?' (DbType = DateTime2), @p2='?' (Size = 250) (DbType = AnsiString), @p3='?' (DbType = DateTime2)], CommandType='"Text"', CommandTimeout='30']
SET NOCOUNT ON;
INSERT INTO [Users] ([Email], [LogOn], [Password], [RegisteredOn])
VALUES (@p0, @p1, @p2, @p3);
SELECT [Id]
FROM [Users]
WHERE @@ROWCOUNT = 1 AND [Id] = scope_identity();
2024-01-30 16:50:53.685 +05:30  INF  Executing OkObjectResult, writing value of type 'WebApi.ApiResult`1[[Employee_BAL.Model.UserRegisterModel, Employee BAL, Version=1.0.0.0, Culture=neutral, PublicKeyToken=null]]'.
2024-01-30 16:50:53.705 +05:30  INF  Executed action WebApi.Controllers.UserController.RegisterCredentials (Employee Management) in 4747.5999ms
2024-01-30 16:50:53.706 +05:30  INF  Executed endpoint 'WebApi.Controllers.UserController.RegisterCredentials (Employee Management)'
2024-01-30 16:50:53.721 +05:30  INF  Request finished HTTP/2 POST https://localhost:7212/api/v1/user/register application/json 74 - 200 - application/json;+charset=utf-8 5020.3434ms
2024-01-30 16:54:09.321 +05:30  INF  User profile is available. Using 'C:\Users\jithj\AppData\Local\ASP.NET\DataProtection-Keys' as key repository and Windows DPAPI to encrypt keys at rest.
2024-01-30 16:54:09.755 +05:30  INF  Now listening on: https://localhost:7212
2024-01-30 16:54:09.755 +05:30  INF  Now listening on: http://localhost:5212
2024-01-30 16:54:09.761 +05:30  INF  Application started. Press Ctrl+C to shut down.
2024-01-30 16:54:09.762 +05:30  INF  Hosting environment: Development
2024-01-30 16:54:09.762 +05:30  INF  Content root path: C:\Users\jithj\Downloads\Employee Management System\WebApi\
2024-01-30 16:54:10.474 +05:30  INF  Request starting HTTP/2 GET https://localhost:7212/swagger/index.html - -
2024-01-30 16:54:10.979 +05:30  INF  Request starting HTTP/2 GET https://localhost:7212/_framework/aspnetcore-browser-refresh.js - -
2024-01-30 16:54:10.991 +05:30  INF  Request starting HTTP/2 GET https://localhost:7212/_vs/browserLink - -
2024-01-30 16:54:10.995 +05:30  INF  Request finished HTTP/2 GET https://localhost:7212/_framework/aspnetcore-browser-refresh.js - - - 200 11982 application/javascript;+charset=utf-8 13.3016ms
2024-01-30 16:54:10.995 +05:30  INF  Request finished HTTP/2 GET https://localhost:7212/swagger/index.html - - - 200 - text/html;charset=utf-8 529.5511ms
2024-01-30 16:54:11.040 +05:30  INF  Request finished HTTP/2 GET https://localhost:7212/_vs/browserLink - - - 200 - text/javascript;+charset=UTF-8 48.8722ms
2024-01-30 16:54:11.171 +05:30  INF  Request starting HTTP/2 GET https://localhost:7212/swagger/v1/swagger.json - -
2024-01-30 16:54:11.449 +05:30  INF  Request finished HTTP/2 GET https://localhost:7212/swagger/v1/swagger.json - - - 200 - application/json;charset=utf-8 278.7208ms
2024-01-30 16:54:17.149 +05:30  INF  Request starting HTTP/2 GET https://localhost:7212/api/v1/user/roles - -
2024-01-30 16:54:17.330 +05:30  INF  Executing endpoint 'WebApi.Controllers.UserController.GetAllRole (Employee Management)'
2024-01-30 16:54:17.348 +05:30  INF  Route matched with {action = "GetAllRole", controller = "User"}. Executing controller action with signature Microsoft.AspNetCore.Mvc.IActionResult GetAllRole() on controller WebApi.Controllers.UserController (Employee Management).
2024-01-30 16:54:18.004 +05:30  INF  Getting All Roles
2024-01-30 16:54:19.352 +05:30  WRN  No store type was specified for the decimal property 'Salary' on entity type 'Employees'. This will cause values to be silently truncated if they do not fit in the default precision and scale. Explicitly specify the SQL server column type that can accommodate all the values in 'OnModelCreating' using 'HasColumnType', specify precision and scale using 'HasPrecision', or configure a value converter using 'HasConversion'.
2024-01-30 16:54:19.352 +05:30  WRN  No store type was specified for the decimal property 'Score' on entity type 'Employees'. This will cause values to be silently truncated if they do not fit in the default precision and scale. Explicitly specify the SQL server column type that can accommodate all the values in 'OnModelCreating' using 'HasColumnType', specify precision and scale using 'HasPrecision', or configure a value converter using 'HasConversion'.
2024-01-30 16:54:19.702 +05:30  INF  Entity Framework Core 6.0.9 initialized 'EmployeeContext' using provider 'Microsoft.EntityFrameworkCore.SqlServer:6.0.9' with options: MigrationsAssembly=Employee DAL, Version=1.0.0.0, Culture=neutral, PublicKeyToken=null 
2024-01-30 16:54:20.933 +05:30  INF  Executed DbCommand (88ms) [Parameters=[], CommandType='"Text"', CommandTimeout='30']
SELECT [r].[Id], [r].[Description], [r].[Roles]
FROM [Roles] AS [r]
2024-01-30 16:54:21.140 +05:30  INF  Executing OkObjectResult, writing value of type 'WebApi.ApiResult`1[[System.Collections.Generic.List`1[[Employee_BAL.Model.RoleIdModel, Employee BAL, Version=1.0.0.0, Culture=neutral, PublicKeyToken=null]], System.Private.CoreLib, Version=6.0.0.0, Culture=neutral, PublicKeyToken=7cec85d7bea7798e]]'.
2024-01-30 16:54:21.158 +05:30  INF  Executed action WebApi.Controllers.UserController.GetAllRole (Employee Management) in 3800.4663ms
2024-01-30 16:54:21.159 +05:30  INF  Executed endpoint 'WebApi.Controllers.UserController.GetAllRole (Employee Management)'
2024-01-30 16:54:21.171 +05:30  INF  Request finished HTTP/2 GET https://localhost:7212/api/v1/user/roles - - - 200 - application/json;+charset=utf-8 4022.6142ms
2024-01-30 17:02:25.398 +05:30  WRN  No store type was specified for the decimal property 'Salary' on entity type 'Employees'. This will cause values to be silently truncated if they do not fit in the default precision and scale. Explicitly specify the SQL server column type that can accommodate all the values in 'OnModelCreating' using 'HasColumnType', specify precision and scale using 'HasPrecision', or configure a value converter using 'HasConversion'.
2024-01-30 17:02:25.470 +05:30  WRN  No store type was specified for the decimal property 'Score' on entity type 'Employees'. This will cause values to be silently truncated if they do not fit in the default precision and scale. Explicitly specify the SQL server column type that can accommodate all the values in 'OnModelCreating' using 'HasColumnType', specify precision and scale using 'HasPrecision', or configure a value converter using 'HasConversion'.
2024-01-30 17:02:25.719 +05:30  INF  Entity Framework Core 6.0.9 initialized 'EmployeeContext' using provider 'Microsoft.EntityFrameworkCore.SqlServer:6.0.9' with options: MigrationsAssembly=Employee DAL, Version=1.0.0.0, Culture=neutral, PublicKeyToken=null 
2024-01-30 17:02:25.765 +05:30  WRN  No store type was specified for the decimal property 'Salary' on entity type 'Employees'. This will cause values to be silently truncated if they do not fit in the default precision and scale. Explicitly specify the SQL server column type that can accommodate all the values in 'OnModelCreating' using 'HasColumnType', specify precision and scale using 'HasPrecision', or configure a value converter using 'HasConversion'.
2024-01-30 17:02:25.767 +05:30  WRN  No store type was specified for the decimal property 'Score' on entity type 'Employees'. This will cause values to be silently truncated if they do not fit in the default precision and scale. Explicitly specify the SQL server column type that can accommodate all the values in 'OnModelCreating' using 'HasColumnType', specify precision and scale using 'HasPrecision', or configure a value converter using 'HasConversion'.
2024-01-30 17:02:53.389 +05:30  WRN  No store type was specified for the decimal property 'Salary' on entity type 'Employees'. This will cause values to be silently truncated if they do not fit in the default precision and scale. Explicitly specify the SQL server column type that can accommodate all the values in 'OnModelCreating' using 'HasColumnType', specify precision and scale using 'HasPrecision', or configure a value converter using 'HasConversion'.
2024-01-30 17:02:53.434 +05:30  WRN  No store type was specified for the decimal property 'Score' on entity type 'Employees'. This will cause values to be silently truncated if they do not fit in the default precision and scale. Explicitly specify the SQL server column type that can accommodate all the values in 'OnModelCreating' using 'HasColumnType', specify precision and scale using 'HasPrecision', or configure a value converter using 'HasConversion'.
2024-01-30 17:02:53.674 +05:30  INF  Entity Framework Core 6.0.9 initialized 'EmployeeContext' using provider 'Microsoft.EntityFrameworkCore.SqlServer:6.0.9' with options: MigrationsAssembly=Employee DAL, Version=1.0.0.0, Culture=neutral, PublicKeyToken=null 
2024-01-30 17:02:54.263 +05:30  INF  Executed DbCommand (33ms) [Parameters=[], CommandType='"Text"', CommandTimeout='30']
SELECT 1
2024-01-30 17:02:54.332 +05:30  INF  Executed DbCommand (46ms) [Parameters=[], CommandType='"Text"', CommandTimeout='30']
SELECT OBJECT_ID(N'[__EFMigrationsHistory]');
2024-01-30 17:02:54.338 +05:30  INF  Executed DbCommand (2ms) [Parameters=[], CommandType='"Text"', CommandTimeout='30']
SELECT 1
2024-01-30 17:02:54.340 +05:30  INF  Executed DbCommand (1ms) [Parameters=[], CommandType='"Text"', CommandTimeout='30']
SELECT OBJECT_ID(N'[__EFMigrationsHistory]');
2024-01-30 17:02:54.440 +05:30  INF  Executed DbCommand (64ms) [Parameters=[], CommandType='"Text"', CommandTimeout='30']
SELECT [MigrationId], [ProductVersion]
FROM [__EFMigrationsHistory]
ORDER BY [MigrationId];
2024-01-30 17:02:54.470 +05:30  INF  Applying migration '20240130113225_RoleMembers_UserRegister'.
2024-01-30 17:02:54.557 +05:30  INF  Executed DbCommand (19ms) [Parameters=[], CommandType='"Text"', CommandTimeout='30']
INSERT INTO [__EFMigrationsHistory] ([MigrationId], [ProductVersion])
VALUES (N'20240130113225_RoleMembers_UserRegister', N'6.0.9');
