2022-09-16 09:32:44.901 +05:30  INF  Now listening on: https://localhost:7212
2022-09-16 09:32:44.941 +05:30  INF  Now listening on: http://localhost:5212
2022-09-16 09:32:44.946 +05:30  INF  Application started. Press Ctrl+C to shut down.
2022-09-16 09:32:44.947 +05:30  INF  Hosting environment: Development
2022-09-16 09:32:44.947 +05:30  INF  Content root path: C:\Users\jithj\source\repos\EmployeeTask\WebApi\
2022-09-16 09:32:46.412 +05:30  INF  Request starting HTTP/2 GET https://localhost:7212/swagger/index.html - -
2022-09-16 09:32:47.252 +05:30  INF  Request starting HTTP/2 GET https://localhost:7212/_framework/aspnetcore-browser-refresh.js - -
2022-09-16 09:32:47.252 +05:30  INF  Request starting HTTP/2 GET https://localhost:7212/_vs/browserLink - -
2022-09-16 09:32:47.294 +05:30  INF  Request finished HTTP/2 GET https://localhost:7212/_framework/aspnetcore-browser-refresh.js - - - 200 11982 application/javascript;+charset=utf-8 38.3308ms
2022-09-16 09:32:47.294 +05:30  INF  Request finished HTTP/2 GET https://localhost:7212/swagger/index.html - - - 200 - text/html;charset=utf-8 887.3173ms
2022-09-16 09:32:47.404 +05:30  INF  Request finished HTTP/2 GET https://localhost:7212/_vs/browserLink - - - 200 - text/javascript;+charset=UTF-8 151.5166ms
2022-09-16 09:32:47.502 +05:30  INF  Request starting HTTP/2 GET https://localhost:7212/swagger/v1/swagger.json - -
2022-09-16 09:32:47.741 +05:30  INF  Request finished HTTP/2 GET https://localhost:7212/swagger/v1/swagger.json - - - 200 - application/json;charset=utf-8 238.5755ms
2022-09-16 09:33:19.732 +05:30  INF  Request starting HTTP/2 GET https://localhost:7212/api/Employee - -
2022-09-16 09:33:19.747 +05:30  INF  Executing endpoint 'WebApi.Controllers.EmployeeController.ViewEmployees (WebApi)'
2022-09-16 09:33:19.760 +05:30  INF  Route matched with {action = "ViewEmployees", controller = "Employee"}. Executing controller action with signature Microsoft.AspNetCore.Mvc.IActionResult ViewEmployees() on controller WebApi.Controllers.EmployeeController (WebApi).
2022-09-16 09:33:21.019 +05:30  WRN  No store type was specified for the decimal property 'Salary' on entity type 'Employees'. This will cause values to be silently truncated if they do not fit in the default precision and scale. Explicitly specify the SQL server column type that can accommodate all the values in 'OnModelCreating' using 'HasColumnType', specify precision and scale using 'HasPrecision', or configure a value converter using 'HasConversion'.
2022-09-16 09:33:21.019 +05:30  WRN  No store type was specified for the decimal property 'Score' on entity type 'Employees'. This will cause values to be silently truncated if they do not fit in the default precision and scale. Explicitly specify the SQL server column type that can accommodate all the values in 'OnModelCreating' using 'HasColumnType', specify precision and scale using 'HasPrecision', or configure a value converter using 'HasConversion'.
2022-09-16 09:33:21.224 +05:30  INF  Entity Framework Core 6.0.9 initialized 'EmployeeContext' using provider 'Microsoft.EntityFrameworkCore.SqlServer:6.0.9' with options: MigrationsAssembly=Employee DAL, Version=1.0.0.0, Culture=neutral, PublicKeyToken=null 
2022-09-16 09:33:22.848 +05:30  INF  Executed DbCommand (107ms) [Parameters=[], CommandType='"Text"', CommandTimeout='30']
SELECT [e].[Id], [e].[Address], [e].[CreatedOn], [e].[DOB], [e].[DeletedOn], [e].[DepartmentId], [e].[Email], [e].[Gender], [e].[Name], [e].[PhoneNo], [e].[Salary], [e].[Score], [e].[UpdatedOn]
FROM [Employee] AS [e]
2022-09-16 09:33:22.999 +05:30  INF  Executing OkObjectResult, writing value of type 'WebApi.ApiResult`1[[System.Collections.Generic.List`1[[Employee_BAL.Model.EmployeeModel, Employee BAL, Version=1.0.0.0, Culture=neutral, PublicKeyToken=null]], System.Private.CoreLib, Version=6.0.0.0, Culture=neutral, PublicKeyToken=7cec85d7bea7798e]]'.
2022-09-16 09:33:23.016 +05:30  INF  Executed action WebApi.Controllers.EmployeeController.ViewEmployees (WebApi) in 3249.1334ms
2022-09-16 09:33:23.017 +05:30  INF  Executed endpoint 'WebApi.Controllers.EmployeeController.ViewEmployees (WebApi)'
2022-09-16 09:33:23.026 +05:30  INF  Request finished HTTP/2 GET https://localhost:7212/api/Employee - - - 200 - application/json;+charset=utf-8 3295.6232ms
2022-09-16 09:34:21.345 +05:30  INF  Request starting HTTP/2 PUT https://localhost:7212/api/Employee/11 application/json 247
2022-09-16 09:34:21.348 +05:30  INF  Executing endpoint 'WebApi.Controllers.EmployeeController.UpdateEmployee (WebApi)'
2022-09-16 09:34:21.373 +05:30  INF  Route matched with {action = "UpdateEmployee", controller = "Employee"}. Executing controller action with signature Microsoft.AspNetCore.Mvc.IActionResult UpdateEmployee(Int32, Employee_BAL.Model.EmployeeModel) on controller WebApi.Controllers.EmployeeController (WebApi).
2022-09-16 09:34:21.451 +05:30  INF  Entity Framework Core 6.0.9 initialized 'EmployeeContext' using provider 'Microsoft.EntityFrameworkCore.SqlServer:6.0.9' with options: MigrationsAssembly=Employee DAL, Version=1.0.0.0, Culture=neutral, PublicKeyToken=null 
2022-09-16 09:34:21.705 +05:30  INF  Executed DbCommand (36ms) [Parameters=[@__p_0='?' (DbType = Int32)], CommandType='"Text"', CommandTimeout='30']
SELECT TOP(1) [e].[Id], [e].[Address], [e].[CreatedOn], [e].[DOB], [e].[DeletedOn], [e].[DepartmentId], [e].[Email], [e].[Gender], [e].[Name], [e].[PhoneNo], [e].[Salary], [e].[Score], [e].[UpdatedOn]
FROM [Employee] AS [e]
WHERE [e].[Id] = @__p_0
2022-09-16 09:34:21.736 +05:30  INF  Executed DbCommand (3ms) [Parameters=[@__email_0='?' (Size = 250) (DbType = AnsiString)], CommandType='"Text"', CommandTimeout='30']
SELECT [e].[Id], [e].[Address], [e].[CreatedOn], [e].[DOB], [e].[DeletedOn], [e].[DepartmentId], [e].[Email], [e].[Gender], [e].[Name], [e].[PhoneNo], [e].[Salary], [e].[Score], [e].[UpdatedOn]
FROM [Employee] AS [e]
WHERE [e].[Email] = @__email_0
2022-09-16 09:34:21.741 +05:30  INF  Executed DbCommand (1ms) [Parameters=[@__phone_0='?' (Size = 15) (DbType = AnsiString)], CommandType='"Text"', CommandTimeout='30']
SELECT [e].[Id], [e].[Address], [e].[CreatedOn], [e].[DOB], [e].[DeletedOn], [e].[DepartmentId], [e].[Email], [e].[Gender], [e].[Name], [e].[PhoneNo], [e].[Salary], [e].[Score], [e].[UpdatedOn]
FROM [Employee] AS [e]
WHERE [e].[PhoneNo] = @__phone_0
2022-09-16 09:34:21.991 +05:30  INF  Executed DbCommand (92ms) [Parameters=[@p0='?' (Size = 250) (DbType = AnsiString), @p1='?' (DbType = DateTime2), @p2='?' (DbType = DateTime2), @p3='?' (DbType = DateTime2), @p4='?' (DbType = Int32), @p5='?' (Size = 250) (DbType = AnsiString), @p6='?' (DbType = Int32), @p7='?' (Size = 250) (DbType = AnsiString), @p8='?' (Size = 15) (DbType = AnsiString), @p9='?' (Precision = 18) (Scale = 2) (DbType = Decimal), @p10='?' (Precision = 18) (Scale = 2) (DbType = Decimal), @p11='?' (DbType = DateTime2)], CommandType='"Text"', CommandTimeout='30']
SET NOCOUNT ON;
INSERT INTO [Employee] ([Address], [CreatedOn], [DOB], [DeletedOn], [DepartmentId], [Email], [Gender], [Name], [PhoneNo], [Salary], [Score], [UpdatedOn])
VALUES (@p0, @p1, @p2, @p3, @p4, @p5, @p6, @p7, @p8, @p9, @p10, @p11);
SELECT [Id]
FROM [Employee]
WHERE @@ROWCOUNT = 1 AND [Id] = scope_identity();
2022-09-16 09:34:22.042 +05:30  INF  Executing OkObjectResult, writing value of type 'WebApi.ApiResult`1[[Employee_DAL.Entities.Employees, Employee DAL, Version=1.0.0.0, Culture=neutral, PublicKeyToken=null]]'.
2022-09-16 09:34:22.059 +05:30  INF  Executed action WebApi.Controllers.EmployeeController.UpdateEmployee (WebApi) in 685.8099ms
2022-09-16 09:34:22.059 +05:30  INF  Executed endpoint 'WebApi.Controllers.EmployeeController.UpdateEmployee (WebApi)'
2022-09-16 09:34:22.059 +05:30  INF  Request finished HTTP/2 PUT https://localhost:7212/api/Employee/11 application/json 247 - 200 - application/json;+charset=utf-8 714.6247ms
2022-09-16 09:34:51.615 +05:30  INF  Request starting HTTP/2 PUT https://localhost:7212/api/Employee/11 application/json 247
2022-09-16 09:34:51.632 +05:30  INF  Executing endpoint 'WebApi.Controllers.EmployeeController.UpdateEmployee (WebApi)'
2022-09-16 09:34:51.632 +05:30  INF  Route matched with {action = "UpdateEmployee", controller = "Employee"}. Executing controller action with signature Microsoft.AspNetCore.Mvc.IActionResult UpdateEmployee(Int32, Employee_BAL.Model.EmployeeModel) on controller WebApi.Controllers.EmployeeController (WebApi).
2022-09-16 09:34:51.640 +05:30  INF  Entity Framework Core 6.0.9 initialized 'EmployeeContext' using provider 'Microsoft.EntityFrameworkCore.SqlServer:6.0.9' with options: MigrationsAssembly=Employee DAL, Version=1.0.0.0, Culture=neutral, PublicKeyToken=null 
2022-09-16 09:34:51.648 +05:30  INF  Executed DbCommand (3ms) [Parameters=[@__p_0='?' (DbType = Int32)], CommandType='"Text"', CommandTimeout='30']
SELECT TOP(1) [e].[Id], [e].[Address], [e].[CreatedOn], [e].[DOB], [e].[DeletedOn], [e].[DepartmentId], [e].[Email], [e].[Gender], [e].[Name], [e].[PhoneNo], [e].[Salary], [e].[Score], [e].[UpdatedOn]
FROM [Employee] AS [e]
WHERE [e].[Id] = @__p_0
2022-09-16 09:34:51.654 +05:30  INF  Executed DbCommand (4ms) [Parameters=[@__email_0='?' (Size = 250) (DbType = AnsiString)], CommandType='"Text"', CommandTimeout='30']
SELECT [e].[Id], [e].[Address], [e].[CreatedOn], [e].[DOB], [e].[DeletedOn], [e].[DepartmentId], [e].[Email], [e].[Gender], [e].[Name], [e].[PhoneNo], [e].[Salary], [e].[Score], [e].[UpdatedOn]
FROM [Employee] AS [e]
WHERE [e].[Email] = @__email_0
2022-09-16 09:34:51.806 +05:30  ERR  Error:Employee_BAL.Exceptions.DuplicateException: email exist
   at Employee_BAL.Service.EmployeeService.Update(Int32 id, EmployeeModel employeeModel) in C:\Users\jithj\source\repos\EmployeeTask\Employee BAL\Service\EmployeeService.cs:line 129
   at WebApi.Controllers.EmployeeController.<>c__DisplayClass5_0.<UpdateEmployee>b__0() in C:\Users\jithj\source\repos\EmployeeTask\WebApi\Controllers\EmployeeController.cs:line 109
   at WebApi.BaseApiController.TryExecuteAndWrap[T](Func`1 operation, Func`2 OnSuccess, Func`2 transformExceptions, Func`2 onError) in C:\Users\jithj\source\repos\EmployeeTask\WebApi\BaseApiController.cs:line 34
2022-09-16 09:34:51.808 +05:30  INF  Executing ConflictObjectResult, writing value of type 'WebApi.ApiResult`1[[System.String, System.Private.CoreLib, Version=6.0.0.0, Culture=neutral, PublicKeyToken=7cec85d7bea7798e]]'.
2022-09-16 09:34:51.809 +05:30  INF  Executed action WebApi.Controllers.EmployeeController.UpdateEmployee (WebApi) in 176.328ms
2022-09-16 09:34:51.809 +05:30  INF  Executed endpoint 'WebApi.Controllers.EmployeeController.UpdateEmployee (WebApi)'
2022-09-16 09:34:51.809 +05:30  INF  Request finished HTTP/2 PUT https://localhost:7212/api/Employee/11 application/json 247 - 409 - application/json;+charset=utf-8 193.9479ms
2022-09-16 09:41:14.069 +05:30  INF  Now listening on: https://localhost:7212
2022-09-16 09:41:14.105 +05:30  INF  Now listening on: http://localhost:5212
2022-09-16 09:41:14.108 +05:30  INF  Application started. Press Ctrl+C to shut down.
2022-09-16 09:41:14.108 +05:30  INF  Hosting environment: Development
2022-09-16 09:41:14.108 +05:30  INF  Content root path: C:\Users\jithj\source\repos\EmployeeTask\WebApi\
2022-09-16 09:41:14.619 +05:30  INF  Request starting HTTP/2 GET https://localhost:7212/swagger/index.html - -
2022-09-16 09:41:14.963 +05:30  INF  Request starting HTTP/2 GET https://localhost:7212/_framework/aspnetcore-browser-refresh.js - -
2022-09-16 09:41:14.963 +05:30  INF  Request starting HTTP/2 GET https://localhost:7212/_vs/browserLink - -
2022-09-16 09:41:14.987 +05:30  INF  Request finished HTTP/2 GET https://localhost:7212/_framework/aspnetcore-browser-refresh.js - - - 200 11982 application/javascript;+charset=utf-8 22.3332ms
2022-09-16 09:41:14.987 +05:30  INF  Request finished HTTP/2 GET https://localhost:7212/swagger/index.html - - - 200 - text/html;charset=utf-8 370.9394ms
2022-09-16 09:41:15.068 +05:30  INF  Request finished HTTP/2 GET https://localhost:7212/_vs/browserLink - - - 200 - text/javascript;+charset=UTF-8 105.1064ms
2022-09-16 09:41:15.211 +05:30  INF  Request starting HTTP/2 GET https://localhost:7212/swagger/v1/swagger.json - -
2022-09-16 09:41:15.451 +05:30  INF  Request finished HTTP/2 GET https://localhost:7212/swagger/v1/swagger.json - - - 200 - application/json;charset=utf-8 240.0508ms
2022-09-16 09:41:24.799 +05:30  INF  Request starting HTTP/2 GET https://localhost:7212/api/Employee - -
2022-09-16 09:41:24.809 +05:30  INF  Executing endpoint 'WebApi.Controllers.EmployeeController.ViewEmployees (WebApi)'
2022-09-16 09:41:24.817 +05:30  INF  Route matched with {action = "ViewEmployees", controller = "Employee"}. Executing controller action with signature Microsoft.AspNetCore.Mvc.IActionResult ViewEmployees() on controller WebApi.Controllers.EmployeeController (WebApi).
2022-09-16 09:41:25.822 +05:30  WRN  No store type was specified for the decimal property 'Salary' on entity type 'Employees'. This will cause values to be silently truncated if they do not fit in the default precision and scale. Explicitly specify the SQL server column type that can accommodate all the values in 'OnModelCreating' using 'HasColumnType', specify precision and scale using 'HasPrecision', or configure a value converter using 'HasConversion'.
2022-09-16 09:41:25.822 +05:30  WRN  No store type was specified for the decimal property 'Score' on entity type 'Employees'. This will cause values to be silently truncated if they do not fit in the default precision and scale. Explicitly specify the SQL server column type that can accommodate all the values in 'OnModelCreating' using 'HasColumnType', specify precision and scale using 'HasPrecision', or configure a value converter using 'HasConversion'.
2022-09-16 09:41:26.056 +05:30  INF  Entity Framework Core 6.0.9 initialized 'EmployeeContext' using provider 'Microsoft.EntityFrameworkCore.SqlServer:6.0.9' with options: MigrationsAssembly=Employee DAL, Version=1.0.0.0, Culture=neutral, PublicKeyToken=null 
2022-09-16 09:41:27.513 +05:30  INF  Executed DbCommand (107ms) [Parameters=[], CommandType='"Text"', CommandTimeout='30']
SELECT [e].[Id], [e].[Address], [e].[CreatedOn], [e].[DOB], [e].[DeletedOn], [e].[DepartmentId], [e].[Email], [e].[Gender], [e].[Name], [e].[PhoneNo], [e].[Salary], [e].[Score], [e].[UpdatedOn]
FROM [Employee] AS [e]
2022-09-16 09:41:27.663 +05:30  INF  Executing OkObjectResult, writing value of type 'WebApi.ApiResult`1[[System.Collections.Generic.List`1[[Employee_BAL.Model.EmployeeModel, Employee BAL, Version=1.0.0.0, Culture=neutral, PublicKeyToken=null]], System.Private.CoreLib, Version=6.0.0.0, Culture=neutral, PublicKeyToken=7cec85d7bea7798e]]'.
2022-09-16 09:41:27.681 +05:30  INF  Executed action WebApi.Controllers.EmployeeController.ViewEmployees (WebApi) in 2857.6216ms
2022-09-16 09:41:27.682 +05:30  INF  Executed endpoint 'WebApi.Controllers.EmployeeController.ViewEmployees (WebApi)'
2022-09-16 09:41:27.690 +05:30  INF  Request finished HTTP/2 GET https://localhost:7212/api/Employee - - - 200 - application/json;+charset=utf-8 2890.4653ms
2022-09-16 09:42:46.531 +05:30  INF  Request starting HTTP/2 PUT https://localhost:7212/api/Employee/11 application/json 244
2022-09-16 09:42:46.537 +05:30  INF  Executing endpoint 'WebApi.Controllers.EmployeeController.UpdateEmployee (WebApi)'
2022-09-16 09:42:46.547 +05:30  INF  Route matched with {action = "UpdateEmployee", controller = "Employee"}. Executing controller action with signature Microsoft.AspNetCore.Mvc.IActionResult UpdateEmployee(Int32, Employee_BAL.Model.EmployeeModel) on controller WebApi.Controllers.EmployeeController (WebApi).
2022-09-16 09:42:46.626 +05:30  INF  Entity Framework Core 6.0.9 initialized 'EmployeeContext' using provider 'Microsoft.EntityFrameworkCore.SqlServer:6.0.9' with options: MigrationsAssembly=Employee DAL, Version=1.0.0.0, Culture=neutral, PublicKeyToken=null 
2022-09-16 09:42:46.868 +05:30  INF  Executed DbCommand (49ms) [Parameters=[@__p_0='?' (DbType = Int32)], CommandType='"Text"', CommandTimeout='30']
SELECT TOP(1) [e].[Id], [e].[Address], [e].[CreatedOn], [e].[DOB], [e].[DeletedOn], [e].[DepartmentId], [e].[Email], [e].[Gender], [e].[Name], [e].[PhoneNo], [e].[Salary], [e].[Score], [e].[UpdatedOn]
FROM [Employee] AS [e]
WHERE [e].[Id] = @__p_0
2022-09-16 09:42:46.896 +05:30  INF  Executed DbCommand (1ms) [Parameters=[@__email_0='?' (Size = 250) (DbType = AnsiString)], CommandType='"Text"', CommandTimeout='30']
SELECT [e].[Id], [e].[Address], [e].[CreatedOn], [e].[DOB], [e].[DeletedOn], [e].[DepartmentId], [e].[Email], [e].[Gender], [e].[Name], [e].[PhoneNo], [e].[Salary], [e].[Score], [e].[UpdatedOn]
FROM [Employee] AS [e]
WHERE [e].[Email] = @__email_0
2022-09-16 09:42:46.968 +05:30  ERR  Error:Employee_BAL.Exceptions.DuplicateException: email exist
   at Employee_BAL.Service.EmployeeService.Update(Int32 id, EmployeeModel employeeModel) in C:\Users\jithj\source\repos\EmployeeTask\Employee BAL\Service\EmployeeService.cs:line 129
   at WebApi.Controllers.EmployeeController.<>c__DisplayClass5_0.<UpdateEmployee>b__0() in C:\Users\jithj\source\repos\EmployeeTask\WebApi\Controllers\EmployeeController.cs:line 109
   at WebApi.BaseApiController.TryExecuteAndWrap[T](Func`1 operation, Func`2 OnSuccess, Func`2 transformExceptions, Func`2 onError) in C:\Users\jithj\source\repos\EmployeeTask\WebApi\BaseApiController.cs:line 34
2022-09-16 09:42:46.969 +05:30  INF  Executing ConflictObjectResult, writing value of type 'WebApi.ApiResult`1[[System.String, System.Private.CoreLib, Version=6.0.0.0, Culture=neutral, PublicKeyToken=7cec85d7bea7798e]]'.
2022-09-16 09:42:46.970 +05:30  INF  Executed action WebApi.Controllers.EmployeeController.UpdateEmployee (WebApi) in 422.5527ms
2022-09-16 09:42:46.970 +05:30  INF  Executed endpoint 'WebApi.Controllers.EmployeeController.UpdateEmployee (WebApi)'
2022-09-16 09:42:46.970 +05:30  INF  Request finished HTTP/2 PUT https://localhost:7212/api/Employee/11 application/json 244 - 409 - application/json;+charset=utf-8 438.7427ms
2022-09-16 09:42:55.486 +05:30  INF  Request starting HTTP/2 PUT https://localhost:7212/api/Employee/11 application/json 242
2022-09-16 09:42:55.487 +05:30  INF  Executing endpoint 'WebApi.Controllers.EmployeeController.UpdateEmployee (WebApi)'
2022-09-16 09:42:55.487 +05:30  INF  Route matched with {action = "UpdateEmployee", controller = "Employee"}. Executing controller action with signature Microsoft.AspNetCore.Mvc.IActionResult UpdateEmployee(Int32, Employee_BAL.Model.EmployeeModel) on controller WebApi.Controllers.EmployeeController (WebApi).
2022-09-16 09:42:55.496 +05:30  INF  Entity Framework Core 6.0.9 initialized 'EmployeeContext' using provider 'Microsoft.EntityFrameworkCore.SqlServer:6.0.9' with options: MigrationsAssembly=Employee DAL, Version=1.0.0.0, Culture=neutral, PublicKeyToken=null 
2022-09-16 09:42:55.504 +05:30  INF  Executed DbCommand (3ms) [Parameters=[@__p_0='?' (DbType = Int32)], CommandType='"Text"', CommandTimeout='30']
SELECT TOP(1) [e].[Id], [e].[Address], [e].[CreatedOn], [e].[DOB], [e].[DeletedOn], [e].[DepartmentId], [e].[Email], [e].[Gender], [e].[Name], [e].[PhoneNo], [e].[Salary], [e].[Score], [e].[UpdatedOn]
FROM [Employee] AS [e]
WHERE [e].[Id] = @__p_0
2022-09-16 09:42:55.509 +05:30  INF  Executed DbCommand (2ms) [Parameters=[@__email_0='?' (Size = 250) (DbType = AnsiString)], CommandType='"Text"', CommandTimeout='30']
SELECT [e].[Id], [e].[Address], [e].[CreatedOn], [e].[DOB], [e].[DeletedOn], [e].[DepartmentId], [e].[Email], [e].[Gender], [e].[Name], [e].[PhoneNo], [e].[Salary], [e].[Score], [e].[UpdatedOn]
FROM [Employee] AS [e]
WHERE [e].[Email] = @__email_0
2022-09-16 09:42:55.534 +05:30  ERR  Error:Employee_BAL.Exceptions.DuplicateException: email exist
   at Employee_BAL.Service.EmployeeService.Update(Int32 id, EmployeeModel employeeModel) in C:\Users\jithj\source\repos\EmployeeTask\Employee BAL\Service\EmployeeService.cs:line 129
   at WebApi.Controllers.EmployeeController.<>c__DisplayClass5_0.<UpdateEmployee>b__0() in C:\Users\jithj\source\repos\EmployeeTask\WebApi\Controllers\EmployeeController.cs:line 109
   at WebApi.BaseApiController.TryExecuteAndWrap[T](Func`1 operation, Func`2 OnSuccess, Func`2 transformExceptions, Func`2 onError) in C:\Users\jithj\source\repos\EmployeeTask\WebApi\BaseApiController.cs:line 34
2022-09-16 09:42:55.534 +05:30  INF  Executing ConflictObjectResult, writing value of type 'WebApi.ApiResult`1[[System.String, System.Private.CoreLib, Version=6.0.0.0, Culture=neutral, PublicKeyToken=7cec85d7bea7798e]]'.
2022-09-16 09:42:55.535 +05:30  INF  Executed action WebApi.Controllers.EmployeeController.UpdateEmployee (WebApi) in 47.6778ms
2022-09-16 09:42:55.535 +05:30  INF  Executed endpoint 'WebApi.Controllers.EmployeeController.UpdateEmployee (WebApi)'
2022-09-16 09:42:55.535 +05:30  INF  Request finished HTTP/2 PUT https://localhost:7212/api/Employee/11 application/json 242 - 409 - application/json;+charset=utf-8 48.5624ms
2022-09-16 10:03:41.617 +05:30  INF  Now listening on: https://localhost:7212
2022-09-16 10:03:41.735 +05:30  INF  Now listening on: http://localhost:5212
2022-09-16 10:03:41.742 +05:30  INF  Application started. Press Ctrl+C to shut down.
2022-09-16 10:03:41.743 +05:30  INF  Hosting environment: Development
2022-09-16 10:03:41.743 +05:30  INF  Content root path: C:\Users\jithj\source\repos\EmployeeTask\WebApi\
2022-09-16 10:03:42.206 +05:30  INF  Request starting HTTP/2 GET https://localhost:7212/swagger/index.html - -
2022-09-16 10:03:42.694 +05:30  INF  Request starting HTTP/2 GET https://localhost:7212/_framework/aspnetcore-browser-refresh.js - -
2022-09-16 10:03:42.694 +05:30  INF  Request starting HTTP/2 GET https://localhost:7212/_vs/browserLink - -
2022-09-16 10:03:42.734 +05:30  INF  Request finished HTTP/2 GET https://localhost:7212/_framework/aspnetcore-browser-refresh.js - - - 200 11982 application/javascript;+charset=utf-8 37.2725ms
2022-09-16 10:03:42.734 +05:30  INF  Request finished HTTP/2 GET https://localhost:7212/swagger/index.html - - - 200 - text/html;charset=utf-8 534.8062ms
2022-09-16 10:03:42.856 +05:30  INF  Request finished HTTP/2 GET https://localhost:7212/_vs/browserLink - - - 200 - text/javascript;+charset=UTF-8 161.5506ms
2022-09-16 10:03:42.910 +05:30  INF  Request starting HTTP/2 GET https://localhost:7212/swagger/v1/swagger.json - -
2022-09-16 10:03:43.160 +05:30  INF  Request finished HTTP/2 GET https://localhost:7212/swagger/v1/swagger.json - - - 200 - application/json;charset=utf-8 250.5749ms
2022-09-16 10:04:46.404 +05:30  INF  Request starting HTTP/2 PUT https://localhost:7212/api/Employee/11 application/json 250
2022-09-16 10:04:46.412 +05:30  INF  Executing endpoint 'WebApi.Controllers.EmployeeController.UpdateEmployee (WebApi)'
2022-09-16 10:04:46.438 +05:30  INF  Route matched with {action = "UpdateEmployee", controller = "Employee"}. Executing controller action with signature Microsoft.AspNetCore.Mvc.IActionResult UpdateEmployee(Int32, Employee_BAL.Model.EmployeeModel) on controller WebApi.Controllers.EmployeeController (WebApi).
2022-09-16 10:04:47.709 +05:30  WRN  No store type was specified for the decimal property 'Salary' on entity type 'Employees'. This will cause values to be silently truncated if they do not fit in the default precision and scale. Explicitly specify the SQL server column type that can accommodate all the values in 'OnModelCreating' using 'HasColumnType', specify precision and scale using 'HasPrecision', or configure a value converter using 'HasConversion'.
2022-09-16 10:04:47.710 +05:30  WRN  No store type was specified for the decimal property 'Score' on entity type 'Employees'. This will cause values to be silently truncated if they do not fit in the default precision and scale. Explicitly specify the SQL server column type that can accommodate all the values in 'OnModelCreating' using 'HasColumnType', specify precision and scale using 'HasPrecision', or configure a value converter using 'HasConversion'.
2022-09-16 10:04:47.881 +05:30  INF  Entity Framework Core 6.0.9 initialized 'EmployeeContext' using provider 'Microsoft.EntityFrameworkCore.SqlServer:6.0.9' with options: MigrationsAssembly=Employee DAL, Version=1.0.0.0, Culture=neutral, PublicKeyToken=null 
2022-09-16 10:04:48.916 +05:30  INF  Executed DbCommand (69ms) [Parameters=[@__p_0='?' (DbType = Int32)], CommandType='"Text"', CommandTimeout='30']
SELECT TOP(1) [e].[Id], [e].[Address], [e].[CreatedOn], [e].[DOB], [e].[DeletedOn], [e].[DepartmentId], [e].[Email], [e].[Gender], [e].[Name], [e].[PhoneNo], [e].[Salary], [e].[Score], [e].[UpdatedOn]
FROM [Employee] AS [e]
WHERE [e].[Id] = @__p_0
2022-09-16 10:04:49.075 +05:30  INF  Executed DbCommand (29ms) [Parameters=[@__employeeModel_Email_0='?' (Size = 250) (DbType = AnsiString), @__employeeModel_PhoneNo_1='?' (Size = 15) (DbType = AnsiString), @__id_2='?' (DbType = Int32)], CommandType='"Text"', CommandTimeout='30']
SELECT [e].[Id], [e].[Address], [e].[CreatedOn], [e].[DOB], [e].[DeletedOn], [e].[DepartmentId], [e].[Email], [e].[Gender], [e].[Name], [e].[PhoneNo], [e].[Salary], [e].[Score], [e].[UpdatedOn]
FROM [Employee] AS [e]
WHERE (([e].[Email] = @__employeeModel_Email_0) AND ([e].[PhoneNo] = @__employeeModel_PhoneNo_1)) AND ([e].[Id] <> @__id_2)
2022-09-16 10:04:49.439 +05:30  INF  Executed DbCommand (229ms) [Parameters=[@p12='?' (DbType = Int32), @p0='?' (Size = 250) (DbType = AnsiString), @p1='?' (DbType = DateTime2), @p2='?' (DbType = DateTime2), @p3='?' (DbType = DateTime2), @p4='?' (DbType = Int32), @p5='?' (Size = 250) (DbType = AnsiString), @p6='?' (DbType = Int32), @p7='?' (Size = 250) (DbType = AnsiString), @p8='?' (Size = 15) (DbType = AnsiString), @p9='?' (Precision = 18) (Scale = 2) (DbType = Decimal), @p10='?' (Precision = 18) (Scale = 2) (DbType = Decimal), @p11='?' (DbType = DateTime2)], CommandType='"Text"', CommandTimeout='30']
SET NOCOUNT ON;
UPDATE [Employee] SET [Address] = @p0, [CreatedOn] = @p1, [DOB] = @p2, [DeletedOn] = @p3, [DepartmentId] = @p4, [Email] = @p5, [Gender] = @p6, [Name] = @p7, [PhoneNo] = @p8, [Salary] = @p9, [Score] = @p10, [UpdatedOn] = @p11
WHERE [Id] = @p12;
SELECT @@ROWCOUNT;
2022-09-16 10:04:49.472 +05:30  INF  Executing OkObjectResult, writing value of type 'WebApi.ApiResult`1[[Employee_BAL.Model.EmployeeModel, Employee BAL, Version=1.0.0.0, Culture=neutral, PublicKeyToken=null]]'.
2022-09-16 10:04:49.488 +05:30  INF  Executed action WebApi.Controllers.EmployeeController.UpdateEmployee (WebApi) in 3044.347ms
2022-09-16 10:04:49.489 +05:30  INF  Executed endpoint 'WebApi.Controllers.EmployeeController.UpdateEmployee (WebApi)'
2022-09-16 10:04:49.498 +05:30  INF  Request finished HTTP/2 PUT https://localhost:7212/api/Employee/11 application/json 250 - 200 - application/json;+charset=utf-8 3094.0305ms
2022-09-16 10:06:00.546 +05:30  INF  Request starting HTTP/2 GET https://localhost:7212/api/Employee - -
2022-09-16 10:06:00.557 +05:30  INF  Executing endpoint 'WebApi.Controllers.EmployeeController.ViewEmployees (WebApi)'
2022-09-16 10:06:00.559 +05:30  INF  Route matched with {action = "ViewEmployees", controller = "Employee"}. Executing controller action with signature Microsoft.AspNetCore.Mvc.IActionResult ViewEmployees() on controller WebApi.Controllers.EmployeeController (WebApi).
2022-09-16 10:06:00.596 +05:30  INF  Entity Framework Core 6.0.9 initialized 'EmployeeContext' using provider 'Microsoft.EntityFrameworkCore.SqlServer:6.0.9' with options: MigrationsAssembly=Employee DAL, Version=1.0.0.0, Culture=neutral, PublicKeyToken=null 
2022-09-16 10:06:00.603 +05:30  INF  Executed DbCommand (2ms) [Parameters=[], CommandType='"Text"', CommandTimeout='30']
SELECT [e].[Id], [e].[Address], [e].[CreatedOn], [e].[DOB], [e].[DeletedOn], [e].[DepartmentId], [e].[Email], [e].[Gender], [e].[Name], [e].[PhoneNo], [e].[Salary], [e].[Score], [e].[UpdatedOn]
FROM [Employee] AS [e]
2022-09-16 10:06:00.620 +05:30  INF  Executing OkObjectResult, writing value of type 'WebApi.ApiResult`1[[System.Collections.Generic.List`1[[Employee_BAL.Model.EmployeeModel, Employee BAL, Version=1.0.0.0, Culture=neutral, PublicKeyToken=null]], System.Private.CoreLib, Version=6.0.0.0, Culture=neutral, PublicKeyToken=7cec85d7bea7798e]]'.
2022-09-16 10:06:00.622 +05:30  INF  Executed action WebApi.Controllers.EmployeeController.ViewEmployees (WebApi) in 61.9161ms
2022-09-16 10:06:00.622 +05:30  INF  Executed endpoint 'WebApi.Controllers.EmployeeController.ViewEmployees (WebApi)'
2022-09-16 10:06:00.622 +05:30  INF  Request finished HTTP/2 GET https://localhost:7212/api/Employee - - - 200 - application/json;+charset=utf-8 76.1220ms
2022-09-16 10:34:01.985 +05:30  INF  Now listening on: https://localhost:7212
2022-09-16 10:34:02.048 +05:30  INF  Now listening on: http://localhost:5212
2022-09-16 10:34:02.054 +05:30  INF  Application started. Press Ctrl+C to shut down.
2022-09-16 10:34:02.054 +05:30  INF  Hosting environment: Development
2022-09-16 10:34:02.054 +05:30  INF  Content root path: C:\Users\jithj\source\repos\EmployeeTask\WebApi\
2022-09-16 10:34:02.988 +05:30  INF  Request starting HTTP/2 GET https://localhost:7212/swagger/index.html - -
2022-09-16 10:34:03.528 +05:30  INF  Request starting HTTP/2 GET https://localhost:7212/_vs/browserLink - -
2022-09-16 10:34:03.529 +05:30  INF  Request starting HTTP/2 GET https://localhost:7212/_framework/aspnetcore-browser-refresh.js - -
2022-09-16 10:34:03.548 +05:30  INF  Request finished HTTP/2 GET https://localhost:7212/swagger/index.html - - - 200 - text/html;charset=utf-8 570.4443ms
2022-09-16 10:34:03.548 +05:30  INF  Request finished HTTP/2 GET https://localhost:7212/_framework/aspnetcore-browser-refresh.js - - - 200 11982 application/javascript;+charset=utf-8 16.6822ms
2022-09-16 10:34:03.578 +05:30  INF  Request finished HTTP/2 GET https://localhost:7212/_vs/browserLink - - - 200 - text/javascript;+charset=UTF-8 50.3517ms
2022-09-16 10:34:03.731 +05:30  INF  Request starting HTTP/2 GET https://localhost:7212/swagger/v1/swagger.json - -
2022-09-16 10:34:04.010 +05:30  INF  Request finished HTTP/2 GET https://localhost:7212/swagger/v1/swagger.json - - - 200 - application/json;charset=utf-8 278.6252ms
2022-09-16 10:49:43.048 +05:30  INF  Now listening on: https://localhost:7212
2022-09-16 10:49:43.163 +05:30  INF  Now listening on: http://localhost:5212
2022-09-16 10:49:43.175 +05:30  INF  Application started. Press Ctrl+C to shut down.
2022-09-16 10:49:43.176 +05:30  INF  Hosting environment: Development
2022-09-16 10:49:43.176 +05:30  INF  Content root path: C:\Users\jithj\source\repos\EmployeeTask\WebApi\
2022-09-16 10:49:43.729 +05:30  INF  Request starting HTTP/2 GET https://localhost:7212/swagger/index.html - -
2022-09-16 10:49:44.472 +05:30  INF  Request starting HTTP/2 GET https://localhost:7212/_framework/aspnetcore-browser-refresh.js - -
2022-09-16 10:49:44.472 +05:30  INF  Request starting HTTP/2 GET https://localhost:7212/_vs/browserLink - -
2022-09-16 10:49:44.499 +05:30  INF  Request finished HTTP/2 GET https://localhost:7212/_framework/aspnetcore-browser-refresh.js - - - 200 11982 application/javascript;+charset=utf-8 24.2095ms
2022-09-16 10:49:44.499 +05:30  INF  Request finished HTTP/2 GET https://localhost:7212/swagger/index.html - - - 200 - text/html;charset=utf-8 776.4187ms
2022-09-16 10:49:44.511 +05:30  INF  Request finished HTTP/2 GET https://localhost:7212/_vs/browserLink - - - 200 - text/javascript;+charset=UTF-8 38.7464ms
2022-09-16 10:49:44.676 +05:30  INF  Request starting HTTP/2 GET https://localhost:7212/swagger/v1/swagger.json - -
2022-09-16 10:49:44.991 +05:30  INF  Request finished HTTP/2 GET https://localhost:7212/swagger/v1/swagger.json - - - 200 - application/json;charset=utf-8 315.0326ms
2022-09-16 10:50:42.080 +05:30  INF  Now listening on: https://localhost:7212
2022-09-16 10:50:42.154 +05:30  INF  Now listening on: http://localhost:5212
2022-09-16 10:50:42.160 +05:30  INF  Application started. Press Ctrl+C to shut down.
2022-09-16 10:50:42.160 +05:30  INF  Hosting environment: Development
2022-09-16 10:50:42.160 +05:30  INF  Content root path: C:\Users\jithj\source\repos\EmployeeTask\WebApi\
2022-09-16 10:50:42.931 +05:30  INF  Request starting HTTP/2 GET https://localhost:7212/swagger/index.html - -
2022-09-16 10:50:43.494 +05:30  INF  Request starting HTTP/2 GET https://localhost:7212/_vs/browserLink - -
2022-09-16 10:50:43.514 +05:30  INF  Request starting HTTP/2 GET https://localhost:7212/_framework/aspnetcore-browser-refresh.js - -
2022-09-16 10:50:43.552 +05:30  INF  Request finished HTTP/2 GET https://localhost:7212/swagger/index.html - - - 200 - text/html;charset=utf-8 623.1773ms
2022-09-16 10:50:43.571 +05:30  INF  Request finished HTTP/2 GET https://localhost:7212/_framework/aspnetcore-browser-refresh.js - - - 200 11982 application/javascript;+charset=utf-8 56.1190ms
2022-09-16 10:50:43.612 +05:30  INF  Request finished HTTP/2 GET https://localhost:7212/_vs/browserLink - - - 200 - text/javascript;+charset=UTF-8 118.4850ms
2022-09-16 10:50:43.744 +05:30  INF  Request starting HTTP/2 GET https://localhost:7212/swagger/v1/swagger.json - -
2022-09-16 10:50:44.028 +05:30  INF  Request finished HTTP/2 GET https://localhost:7212/swagger/v1/swagger.json - - - 200 - application/json;charset=utf-8 283.2369ms
2022-09-16 10:57:52.359 +05:30  INF  Now listening on: https://localhost:7212
2022-09-16 10:57:52.482 +05:30  INF  Now listening on: http://localhost:5212
2022-09-16 10:57:52.488 +05:30  INF  Application started. Press Ctrl+C to shut down.
2022-09-16 10:57:52.489 +05:30  INF  Hosting environment: Development
2022-09-16 10:57:52.489 +05:30  INF  Content root path: C:\Users\jithj\source\repos\EmployeeTask\WebApi\
2022-09-16 10:57:53.233 +05:30  INF  Request starting HTTP/2 GET https://localhost:7212/swagger/index.html - -
2022-09-16 10:57:53.860 +05:30  INF  Request starting HTTP/2 GET https://localhost:7212/_vs/browserLink - -
2022-09-16 10:57:53.860 +05:30  INF  Request starting HTTP/2 GET https://localhost:7212/_framework/aspnetcore-browser-refresh.js - -
2022-09-16 10:57:53.877 +05:30  INF  Request finished HTTP/2 GET https://localhost:7212/swagger/index.html - - - 200 - text/html;charset=utf-8 652.4966ms
2022-09-16 10:57:53.877 +05:30  INF  Request finished HTTP/2 GET https://localhost:7212/_framework/aspnetcore-browser-refresh.js - - - 200 11982 application/javascript;+charset=utf-8 14.4067ms
2022-09-16 10:57:53.903 +05:30  INF  Request finished HTTP/2 GET https://localhost:7212/_vs/browserLink - - - 200 - text/javascript;+charset=UTF-8 42.8328ms
2022-09-16 10:57:54.108 +05:30  INF  Request starting HTTP/2 GET https://localhost:7212/swagger/v1/swagger.json - -
2022-09-16 10:57:54.449 +05:30  INF  Request finished HTTP/2 GET https://localhost:7212/swagger/v1/swagger.json - - - 200 - application/json;charset=utf-8 340.4634ms
2022-09-16 10:58:49.316 +05:30  INF  Request starting HTTP/2 PUT https://localhost:7212/api/v1/employee/11 application/json 245
2022-09-16 10:58:49.333 +05:30  INF  Executing endpoint 'WebApi.Controllers.EmployeeController.UpdateEmployee (WebApi)'
2022-09-16 10:58:49.379 +05:30  INF  Route matched with {action = "UpdateEmployee", controller = "Employee"}. Executing controller action with signature Microsoft.AspNetCore.Mvc.IActionResult UpdateEmployee(Int32, Employee_BAL.Model.EmployeeModel) on controller WebApi.Controllers.EmployeeController (WebApi).
2022-09-16 10:58:50.868 +05:30  INF  Executing BadRequestObjectResult, writing value of type 'Microsoft.AspNetCore.Mvc.ValidationProblemDetails'.
2022-09-16 10:58:50.886 +05:30  INF  Executed action WebApi.Controllers.EmployeeController.UpdateEmployee (WebApi) in 1496.8785ms
2022-09-16 10:58:50.889 +05:30  INF  Executed endpoint 'WebApi.Controllers.EmployeeController.UpdateEmployee (WebApi)'
2022-09-16 10:58:50.896 +05:30  INF  Request finished HTTP/2 PUT https://localhost:7212/api/v1/employee/11 application/json 245 - 400 - application/problem+json;+charset=utf-8 1580.7522ms
2022-09-16 10:59:03.658 +05:30  INF  Request starting HTTP/2 PUT https://localhost:7212/api/v1/employee/11 application/json 246
2022-09-16 10:59:03.661 +05:30  INF  Executing endpoint 'WebApi.Controllers.EmployeeController.UpdateEmployee (WebApi)'
2022-09-16 10:59:03.662 +05:30  INF  Route matched with {action = "UpdateEmployee", controller = "Employee"}. Executing controller action with signature Microsoft.AspNetCore.Mvc.IActionResult UpdateEmployee(Int32, Employee_BAL.Model.EmployeeModel) on controller WebApi.Controllers.EmployeeController (WebApi).
2022-09-16 10:59:05.319 +05:30  WRN  No store type was specified for the decimal property 'Salary' on entity type 'Employees'. This will cause values to be silently truncated if they do not fit in the default precision and scale. Explicitly specify the SQL server column type that can accommodate all the values in 'OnModelCreating' using 'HasColumnType', specify precision and scale using 'HasPrecision', or configure a value converter using 'HasConversion'.
2022-09-16 10:59:05.319 +05:30  WRN  No store type was specified for the decimal property 'Score' on entity type 'Employees'. This will cause values to be silently truncated if they do not fit in the default precision and scale. Explicitly specify the SQL server column type that can accommodate all the values in 'OnModelCreating' using 'HasColumnType', specify precision and scale using 'HasPrecision', or configure a value converter using 'HasConversion'.
2022-09-16 10:59:05.678 +05:30  INF  Entity Framework Core 6.0.9 initialized 'EmployeeContext' using provider 'Microsoft.EntityFrameworkCore.SqlServer:6.0.9' with options: MigrationsAssembly=Employee DAL, Version=1.0.0.0, Culture=neutral, PublicKeyToken=null 
2022-09-16 10:59:09.286 +05:30  INF  Executed DbCommand (173ms) [Parameters=[@__p_0='?' (DbType = Int32)], CommandType='"Text"', CommandTimeout='30']
SELECT TOP(1) [e].[Id], [e].[Address], [e].[CreatedOn], [e].[DOB], [e].[DeletedOn], [e].[DepartmentId], [e].[Email], [e].[Gender], [e].[Name], [e].[PhoneNo], [e].[Salary], [e].[Score], [e].[UpdatedOn]
FROM [Employee] AS [e]
WHERE [e].[Id] = @__p_0
2022-09-16 10:59:09.591 +05:30  INF  Executed DbCommand (9ms) [Parameters=[@__email_0='?' (Size = 250) (DbType = AnsiString), @__phone_1='?' (Size = 15) (DbType = AnsiString), @__id_2='?' (DbType = Int32)], CommandType='"Text"', CommandTimeout='30']
SELECT [e].[Id], [e].[Address], [e].[CreatedOn], [e].[DOB], [e].[DeletedOn], [e].[DepartmentId], [e].[Email], [e].[Gender], [e].[Name], [e].[PhoneNo], [e].[Salary], [e].[Score], [e].[UpdatedOn]
FROM [Employee] AS [e]
WHERE (([e].[Email] = @__email_0) AND ([e].[PhoneNo] = @__phone_1)) AND ([e].[Id] <> @__id_2)
2022-09-16 10:59:09.971 +05:30  INF  Executed DbCommand (140ms) [Parameters=[@p12='?' (DbType = Int32), @p0='?' (Size = 250) (DbType = AnsiString), @p1='?' (DbType = DateTime2), @p2='?' (DbType = DateTime2), @p3='?' (DbType = DateTime2), @p4='?' (DbType = Int32), @p5='?' (Size = 250) (DbType = AnsiString), @p6='?' (DbType = Int32), @p7='?' (Size = 250) (DbType = AnsiString), @p8='?' (Size = 15) (DbType = AnsiString), @p9='?' (Precision = 18) (Scale = 2) (DbType = Decimal), @p10='?' (Precision = 18) (Scale = 2) (DbType = Decimal), @p11='?' (DbType = DateTime2)], CommandType='"Text"', CommandTimeout='30']
SET NOCOUNT ON;
UPDATE [Employee] SET [Address] = @p0, [CreatedOn] = @p1, [DOB] = @p2, [DeletedOn] = @p3, [DepartmentId] = @p4, [Email] = @p5, [Gender] = @p6, [Name] = @p7, [PhoneNo] = @p8, [Salary] = @p9, [Score] = @p10, [UpdatedOn] = @p11
WHERE [Id] = @p12;
SELECT @@ROWCOUNT;
2022-09-16 10:59:10.033 +05:30  INF  Executing OkObjectResult, writing value of type 'WebApi.ApiResult`1[[Employee_BAL.Model.EmployeeModel, Employee BAL, Version=1.0.0.0, Culture=neutral, PublicKeyToken=null]]'.
2022-09-16 10:59:10.042 +05:30  INF  Executed action WebApi.Controllers.EmployeeController.UpdateEmployee (WebApi) in 6380.3911ms
2022-09-16 10:59:10.042 +05:30  INF  Executed endpoint 'WebApi.Controllers.EmployeeController.UpdateEmployee (WebApi)'
2022-09-16 10:59:10.048 +05:30  INF  Request finished HTTP/2 PUT https://localhost:7212/api/v1/employee/11 application/json 246 - 200 - application/json;+charset=utf-8 6389.9654ms
2022-09-16 11:00:31.063 +05:30  INF  Now listening on: https://localhost:7212
2022-09-16 11:00:31.152 +05:30  INF  Now listening on: http://localhost:5212
2022-09-16 11:00:31.159 +05:30  INF  Application started. Press Ctrl+C to shut down.
2022-09-16 11:00:31.160 +05:30  INF  Hosting environment: Development
2022-09-16 11:00:31.160 +05:30  INF  Content root path: C:\Users\jithj\source\repos\EmployeeTask\WebApi\
2022-09-16 11:00:31.627 +05:30  INF  Request starting HTTP/2 GET https://localhost:7212/swagger/index.html - -
2022-09-16 11:00:32.207 +05:30  INF  Request starting HTTP/2 GET https://localhost:7212/_vs/browserLink - -
2022-09-16 11:00:32.207 +05:30  INF  Request starting HTTP/2 GET https://localhost:7212/_framework/aspnetcore-browser-refresh.js - -
2022-09-16 11:00:32.231 +05:30  INF  Request finished HTTP/2 GET https://localhost:7212/_framework/aspnetcore-browser-refresh.js - - - 200 11982 application/javascript;+charset=utf-8 21.1398ms
2022-09-16 11:00:32.231 +05:30  INF  Request finished HTTP/2 GET https://localhost:7212/swagger/index.html - - - 200 - text/html;charset=utf-8 611.4872ms
2022-09-16 11:00:32.258 +05:30  INF  Request finished HTTP/2 GET https://localhost:7212/_vs/browserLink - - - 200 - text/javascript;+charset=UTF-8 50.8111ms
2022-09-16 11:00:32.461 +05:30  INF  Request starting HTTP/2 GET https://localhost:7212/swagger/v1/swagger.json - -
2022-09-16 11:00:32.799 +05:30  INF  Request finished HTTP/2 GET https://localhost:7212/swagger/v1/swagger.json - - - 200 - application/json;charset=utf-8 337.9422ms
2022-09-16 11:01:04.762 +05:30  INF  Request starting HTTP/2 PUT https://localhost:7212/api/v1/employee/11 application/json 237
2022-09-16 11:01:04.783 +05:30  INF  Executing endpoint 'WebApi.Controllers.EmployeeController.UpdateEmployee (WebApi)'
2022-09-16 11:01:04.825 +05:30  INF  Route matched with {action = "UpdateEmployee", controller = "Employee"}. Executing controller action with signature Microsoft.AspNetCore.Mvc.IActionResult UpdateEmployee(Int32, Employee_BAL.Model.EmployeeModel) on controller WebApi.Controllers.EmployeeController (WebApi).
2022-09-16 11:01:06.836 +05:30  WRN  No store type was specified for the decimal property 'Salary' on entity type 'Employees'. This will cause values to be silently truncated if they do not fit in the default precision and scale. Explicitly specify the SQL server column type that can accommodate all the values in 'OnModelCreating' using 'HasColumnType', specify precision and scale using 'HasPrecision', or configure a value converter using 'HasConversion'.
2022-09-16 11:01:06.836 +05:30  WRN  No store type was specified for the decimal property 'Score' on entity type 'Employees'. This will cause values to be silently truncated if they do not fit in the default precision and scale. Explicitly specify the SQL server column type that can accommodate all the values in 'OnModelCreating' using 'HasColumnType', specify precision and scale using 'HasPrecision', or configure a value converter using 'HasConversion'.
2022-09-16 11:01:07.184 +05:30  INF  Entity Framework Core 6.0.9 initialized 'EmployeeContext' using provider 'Microsoft.EntityFrameworkCore.SqlServer:6.0.9' with options: MigrationsAssembly=Employee DAL, Version=1.0.0.0, Culture=neutral, PublicKeyToken=null 
2022-09-16 11:01:08.967 +05:30  INF  Executed DbCommand (124ms) [Parameters=[@__p_0='?' (DbType = Int32)], CommandType='"Text"', CommandTimeout='30']
SELECT TOP(1) [e].[Id], [e].[Address], [e].[CreatedOn], [e].[DOB], [e].[DeletedOn], [e].[DepartmentId], [e].[Email], [e].[Gender], [e].[Name], [e].[PhoneNo], [e].[Salary], [e].[Score], [e].[UpdatedOn]
FROM [Employee] AS [e]
WHERE [e].[Id] = @__p_0
2022-09-16 11:01:09.681 +05:30  ERR  Error:Employee_BAL.Exceptions.BadInputException: Enter a valid email
   at Employee_BAL.Service.ValidationService.IsValidEmail(String email) in C:\Users\jithj\source\repos\EmployeeTask\Employee BAL\Service\ValidationService.cs:line 67
   at Employee_BAL.Service.EmployeeService.Update(Int32 id, EmployeeModel employeeModel) in C:\Users\jithj\source\repos\EmployeeTask\Employee BAL\Service\EmployeeService.cs:line 118
   at WebApi.Controllers.EmployeeController.<>c__DisplayClass5_0.<UpdateEmployee>b__0() in C:\Users\jithj\source\repos\EmployeeTask\WebApi\Controllers\EmployeeController.cs:line 120
   at WebApi.BaseApiController.TryExecuteAndWrap[T](Func`1 operation, Func`2 OnSuccess, Func`2 transformExceptions, Func`2 onError) in C:\Users\jithj\source\repos\EmployeeTask\WebApi\BaseApiController.cs:line 34
2022-09-16 11:01:09.690 +05:30  INF  Executing BadRequestObjectResult, writing value of type 'WebApi.ApiResult`1[[System.String, System.Private.CoreLib, Version=6.0.0.0, Culture=neutral, PublicKeyToken=7cec85d7bea7798e]]'.
2022-09-16 11:01:09.706 +05:30  INF  Executed action WebApi.Controllers.EmployeeController.UpdateEmployee (WebApi) in 4870.0403ms
2022-09-16 11:01:09.707 +05:30  INF  Executed endpoint 'WebApi.Controllers.EmployeeController.UpdateEmployee (WebApi)'
2022-09-16 11:01:09.718 +05:30  INF  Request finished HTTP/2 PUT https://localhost:7212/api/v1/employee/11 application/json 237 - 400 - application/json;+charset=utf-8 4956.8052ms
2022-09-16 11:51:46.113 +05:30  INF  Now listening on: https://localhost:7212
2022-09-16 11:51:46.249 +05:30  INF  Now listening on: http://localhost:5212
2022-09-16 11:51:46.256 +05:30  INF  Application started. Press Ctrl+C to shut down.
2022-09-16 11:51:46.256 +05:30  INF  Hosting environment: Development
2022-09-16 11:51:46.256 +05:30  INF  Content root path: C:\Users\jithj\source\repos\EmployeeTask\WebApi\
2022-09-16 11:51:46.684 +05:30  INF  Request starting HTTP/2 GET https://localhost:7212/swagger/index.html - -
2022-09-16 11:51:47.301 +05:30  INF  Request starting HTTP/2 GET https://localhost:7212/_framework/aspnetcore-browser-refresh.js - -
2022-09-16 11:51:47.301 +05:30  INF  Request starting HTTP/2 GET https://localhost:7212/_vs/browserLink - -
2022-09-16 11:51:47.324 +05:30  INF  Request finished HTTP/2 GET https://localhost:7212/_framework/aspnetcore-browser-refresh.js - - - 200 11982 application/javascript;+charset=utf-8 18.8627ms
2022-09-16 11:51:47.324 +05:30  INF  Request finished HTTP/2 GET https://localhost:7212/swagger/index.html - - - 200 - text/html;charset=utf-8 649.6101ms
2022-09-16 11:51:47.359 +05:30  INF  Request finished HTTP/2 GET https://localhost:7212/_vs/browserLink - - - 200 - text/javascript;+charset=UTF-8 57.3698ms
2022-09-16 11:51:47.535 +05:30  INF  Request starting HTTP/2 GET https://localhost:7212/swagger/v1/swagger.json - -
2022-09-16 11:51:47.796 +05:30  INF  Request finished HTTP/2 GET https://localhost:7212/swagger/v1/swagger.json - - - 200 - application/json;charset=utf-8 260.9271ms
2022-09-16 11:52:46.030 +05:30  INF  Now listening on: https://localhost:7212
2022-09-16 11:52:46.086 +05:30  INF  Now listening on: http://localhost:5212
2022-09-16 11:52:46.092 +05:30  INF  Application started. Press Ctrl+C to shut down.
2022-09-16 11:52:46.093 +05:30  INF  Hosting environment: Development
2022-09-16 11:52:46.093 +05:30  INF  Content root path: C:\Users\jithj\source\repos\EmployeeTask\WebApi\
2022-09-16 11:52:46.816 +05:30  INF  Request starting HTTP/2 GET https://localhost:7212/swagger/index.html - -
2022-09-16 11:52:47.301 +05:30  INF  Request starting HTTP/2 GET https://localhost:7212/_framework/aspnetcore-browser-refresh.js - -
2022-09-16 11:52:47.301 +05:30  INF  Request starting HTTP/2 GET https://localhost:7212/_vs/browserLink - -
2022-09-16 11:52:47.324 +05:30  INF  Request finished HTTP/2 GET https://localhost:7212/_framework/aspnetcore-browser-refresh.js - - - 200 11982 application/javascript;+charset=utf-8 20.5628ms
2022-09-16 11:52:47.325 +05:30  INF  Request finished HTTP/2 GET https://localhost:7212/swagger/index.html - - - 200 - text/html;charset=utf-8 516.5853ms
2022-09-16 11:52:47.351 +05:30  INF  Request finished HTTP/2 GET https://localhost:7212/_vs/browserLink - - - 200 - text/javascript;+charset=UTF-8 50.2448ms
2022-09-16 11:52:47.499 +05:30  INF  Request starting HTTP/2 GET https://localhost:7212/swagger/v1/swagger.json - -
2022-09-16 11:52:47.742 +05:30  INF  Request finished HTTP/2 GET https://localhost:7212/swagger/v1/swagger.json - - - 200 - application/json;charset=utf-8 242.7431ms
2022-09-16 12:00:49.451 +05:30  INF  Now listening on: https://localhost:7212
2022-09-16 12:00:49.557 +05:30  INF  Now listening on: http://localhost:5212
2022-09-16 12:00:49.566 +05:30  INF  Application started. Press Ctrl+C to shut down.
2022-09-16 12:00:49.567 +05:30  INF  Hosting environment: Development
2022-09-16 12:00:49.567 +05:30  INF  Content root path: C:\Users\jithj\source\repos\EmployeeTask\WebApi\
2022-09-16 12:00:50.203 +05:30  INF  Request starting HTTP/2 GET https://localhost:7212/swagger/index.html - -
2022-09-16 12:00:50.766 +05:30  INF  Request starting HTTP/2 GET https://localhost:7212/_framework/aspnetcore-browser-refresh.js - -
2022-09-16 12:00:50.768 +05:30  INF  Request starting HTTP/2 GET https://localhost:7212/_vs/browserLink - -
2022-09-16 12:00:50.771 +05:30  INF  Request finished HTTP/2 GET https://localhost:7212/swagger/index.html - - - 200 - text/html;charset=utf-8 572.7620ms
2022-09-16 12:00:50.810 +05:30  INF  Request finished HTTP/2 GET https://localhost:7212/_framework/aspnetcore-browser-refresh.js - - - 200 11982 application/javascript;+charset=utf-8 43.9452ms
2022-09-16 12:00:50.837 +05:30  INF  Request finished HTTP/2 GET https://localhost:7212/_vs/browserLink - - - 200 - text/javascript;+charset=UTF-8 69.5175ms
2022-09-16 12:00:51.209 +05:30  INF  Request starting HTTP/2 GET https://localhost:7212/swagger/v1/swagger.json - -
2022-09-16 12:00:51.472 +05:30  INF  Request finished HTTP/2 GET https://localhost:7212/swagger/v1/swagger.json - - - 200 - application/json;charset=utf-8 262.3439ms
2022-09-16 12:06:46.490 +05:30  INF  Now listening on: https://localhost:7212
2022-09-16 12:06:46.561 +05:30  INF  Now listening on: http://localhost:5212
2022-09-16 12:06:46.570 +05:30  INF  Application started. Press Ctrl+C to shut down.
2022-09-16 12:06:46.570 +05:30  INF  Hosting environment: Development
2022-09-16 12:06:46.570 +05:30  INF  Content root path: C:\Users\jithj\source\repos\EmployeeTask\WebApi\
2022-09-16 12:06:47.326 +05:30  INF  Request starting HTTP/2 GET https://localhost:7212/swagger/index.html - -
2022-09-16 12:06:47.881 +05:30  INF  Request starting HTTP/2 GET https://localhost:7212/_vs/browserLink - -
2022-09-16 12:06:47.880 +05:30  INF  Request starting HTTP/2 GET https://localhost:7212/_framework/aspnetcore-browser-refresh.js - -
2022-09-16 12:06:47.904 +05:30  INF  Request finished HTTP/2 GET https://localhost:7212/_framework/aspnetcore-browser-refresh.js - - - 200 11982 application/javascript;+charset=utf-8 22.1762ms
2022-09-16 12:06:47.904 +05:30  INF  Request finished HTTP/2 GET https://localhost:7212/swagger/index.html - - - 200 - text/html;charset=utf-8 585.9937ms
2022-09-16 12:06:47.938 +05:30  INF  Request finished HTTP/2 GET https://localhost:7212/_vs/browserLink - - - 200 - text/javascript;+charset=UTF-8 57.1011ms
2022-09-16 12:06:48.108 +05:30  INF  Request starting HTTP/2 GET https://localhost:7212/swagger/v1/swagger.json - -
2022-09-16 12:06:48.389 +05:30  INF  Request finished HTTP/2 GET https://localhost:7212/swagger/v1/swagger.json - - - 200 - application/json;charset=utf-8 280.9740ms
2022-09-16 12:10:35.871 +05:30  INF  Now listening on: https://localhost:7212
2022-09-16 12:10:35.966 +05:30  INF  Now listening on: http://localhost:5212
2022-09-16 12:10:35.972 +05:30  INF  Application started. Press Ctrl+C to shut down.
2022-09-16 12:10:35.972 +05:30  INF  Hosting environment: Development
2022-09-16 12:10:35.972 +05:30  INF  Content root path: C:\Users\jithj\source\repos\EmployeeTask\WebApi\
2022-09-16 12:10:36.680 +05:30  INF  Request starting HTTP/2 GET https://localhost:7212/swagger/index.html - -
2022-09-16 12:10:37.337 +05:30  INF  Request starting HTTP/2 GET https://localhost:7212/_framework/aspnetcore-browser-refresh.js - -
2022-09-16 12:10:37.337 +05:30  INF  Request starting HTTP/2 GET https://localhost:7212/_vs/browserLink - -
2022-09-16 12:10:37.360 +05:30  INF  Request finished HTTP/2 GET https://localhost:7212/_framework/aspnetcore-browser-refresh.js - - - 200 11982 application/javascript;+charset=utf-8 19.5423ms
2022-09-16 12:10:37.360 +05:30  INF  Request finished HTTP/2 GET https://localhost:7212/swagger/index.html - - - 200 - text/html;charset=utf-8 687.2783ms
2022-09-16 12:10:37.387 +05:30  INF  Request finished HTTP/2 GET https://localhost:7212/_vs/browserLink - - - 200 - text/javascript;+charset=UTF-8 50.0329ms
2022-09-16 12:10:37.567 +05:30  INF  Request starting HTTP/2 GET https://localhost:7212/swagger/v1/swagger.json - -
2022-09-16 12:10:37.880 +05:30  INF  Request finished HTTP/2 GET https://localhost:7212/swagger/v1/swagger.json - - - 200 - application/json;charset=utf-8 312.6865ms
2022-09-16 12:15:14.683 +05:30  INF  Now listening on: https://localhost:7212
2022-09-16 12:15:14.745 +05:30  INF  Now listening on: http://localhost:5212
2022-09-16 12:15:14.751 +05:30  INF  Application started. Press Ctrl+C to shut down.
2022-09-16 12:15:14.751 +05:30  INF  Hosting environment: Development
2022-09-16 12:15:14.751 +05:30  INF  Content root path: C:\Users\jithj\source\repos\EmployeeTask\WebApi\
2022-09-16 12:15:15.599 +05:30  INF  Request starting HTTP/2 GET https://localhost:7212/swagger/index.html - -
2022-09-16 12:15:16.146 +05:30  INF  Request starting HTTP/2 GET https://localhost:7212/_framework/aspnetcore-browser-refresh.js - -
2022-09-16 12:15:16.146 +05:30  INF  Request starting HTTP/2 GET https://localhost:7212/_vs/browserLink - -
2022-09-16 12:15:16.181 +05:30  INF  Request finished HTTP/2 GET https://localhost:7212/_framework/aspnetcore-browser-refresh.js - - - 200 11982 application/javascript;+charset=utf-8 34.1936ms
2022-09-16 12:15:16.181 +05:30  INF  Request finished HTTP/2 GET https://localhost:7212/swagger/index.html - - - 200 - text/html;charset=utf-8 571.4318ms
2022-09-16 12:15:16.221 +05:30  INF  Request finished HTTP/2 GET https://localhost:7212/_vs/browserLink - - - 200 - text/javascript;+charset=UTF-8 74.8913ms
2022-09-16 12:15:16.385 +05:30  INF  Request starting HTTP/2 GET https://localhost:7212/swagger/v1/swagger.json - -
2022-09-16 12:15:16.704 +05:30  INF  Request finished HTTP/2 GET https://localhost:7212/swagger/v1/swagger.json - - - 200 - application/json;charset=utf-8 318.6589ms
2022-09-16 12:17:38.929 +05:30  INF  Now listening on: https://localhost:7212
2022-09-16 12:17:38.992 +05:30  INF  Now listening on: http://localhost:5212
2022-09-16 12:17:38.998 +05:30  INF  Application started. Press Ctrl+C to shut down.
2022-09-16 12:17:38.998 +05:30  INF  Hosting environment: Development
2022-09-16 12:17:38.998 +05:30  INF  Content root path: C:\Users\jithj\source\repos\EmployeeTask\WebApi\
2022-09-16 12:17:39.801 +05:30  INF  Request starting HTTP/2 GET https://localhost:7212/swagger/index.html - -
2022-09-16 12:17:40.310 +05:30  INF  Request starting HTTP/2 GET https://localhost:7212/_vs/browserLink - -
2022-09-16 12:17:40.310 +05:30  INF  Request starting HTTP/2 GET https://localhost:7212/_framework/aspnetcore-browser-refresh.js - -
2022-09-16 12:17:40.327 +05:30  INF  Request finished HTTP/2 GET https://localhost:7212/_framework/aspnetcore-browser-refresh.js - - - 200 11982 application/javascript;+charset=utf-8 14.3094ms
2022-09-16 12:17:40.327 +05:30  INF  Request finished HTTP/2 GET https://localhost:7212/swagger/index.html - - - 200 - text/html;charset=utf-8 534.1535ms
2022-09-16 12:17:40.351 +05:30  INF  Request finished HTTP/2 GET https://localhost:7212/_vs/browserLink - - - 200 - text/javascript;+charset=UTF-8 40.4936ms
2022-09-16 12:17:40.496 +05:30  INF  Request starting HTTP/2 GET https://localhost:7212/swagger/v1/swagger.json - -
2022-09-16 12:17:40.761 +05:30  INF  Request finished HTTP/2 GET https://localhost:7212/swagger/v1/swagger.json - - - 200 - application/json;charset=utf-8 264.4770ms
2022-09-16 12:17:48.620 +05:30  INF  Request starting HTTP/2 GET https://localhost:7212/api/v1/employee/11 - -
2022-09-16 12:17:48.655 +05:30  INF  Executing endpoint 'WebApi.Controllers.EmployeeController.GetEmployeeById (WebApi)'
2022-09-16 12:17:48.697 +05:30  INF  Route matched with {action = "GetEmployeeById", controller = "Employee"}. Executing controller action with signature Microsoft.AspNetCore.Mvc.IActionResult GetEmployeeById(Int32) on controller WebApi.Controllers.EmployeeController (WebApi).
2022-09-16 12:17:50.751 +05:30  WRN  No store type was specified for the decimal property 'Salary' on entity type 'Employees'. This will cause values to be silently truncated if they do not fit in the default precision and scale. Explicitly specify the SQL server column type that can accommodate all the values in 'OnModelCreating' using 'HasColumnType', specify precision and scale using 'HasPrecision', or configure a value converter using 'HasConversion'.
2022-09-16 12:17:50.752 +05:30  WRN  No store type was specified for the decimal property 'Score' on entity type 'Employees'. This will cause values to be silently truncated if they do not fit in the default precision and scale. Explicitly specify the SQL server column type that can accommodate all the values in 'OnModelCreating' using 'HasColumnType', specify precision and scale using 'HasPrecision', or configure a value converter using 'HasConversion'.
2022-09-16 12:17:51.099 +05:30  INF  Entity Framework Core 6.0.9 initialized 'EmployeeContext' using provider 'Microsoft.EntityFrameworkCore.SqlServer:6.0.9' with options: MigrationsAssembly=Employee DAL, Version=1.0.0.0, Culture=neutral, PublicKeyToken=null 
2022-09-16 12:17:53.861 +05:30  INF  Executed DbCommand (191ms) [Parameters=[@__p_0='?' (DbType = Int32)], CommandType='"Text"', CommandTimeout='30']
SELECT TOP(1) [e].[Id], [e].[Address], [e].[CreatedOn], [e].[DOB], [e].[DeletedOn], [e].[DepartmentId], [e].[Email], [e].[Gender], [e].[Name], [e].[PhoneNo], [e].[Salary], [e].[Score], [e].[UpdatedOn]
FROM [Employee] AS [e]
WHERE [e].[Id] = @__p_0
2022-09-16 12:17:54.140 +05:30  INF  Executing OkObjectResult, writing value of type 'WebApi.ApiResult`1[[Employee_BAL.Model.EmployeeModel, Employee BAL, Version=1.0.0.0, Culture=neutral, PublicKeyToken=null]]'.
2022-09-16 12:17:54.179 +05:30  INF  Executed action WebApi.Controllers.EmployeeController.GetEmployeeById (WebApi) in 5470.6657ms
2022-09-16 12:17:54.181 +05:30  INF  Executed endpoint 'WebApi.Controllers.EmployeeController.GetEmployeeById (WebApi)'
2022-09-16 12:17:54.194 +05:30  INF  Request finished HTTP/2 GET https://localhost:7212/api/v1/employee/11 - - - 200 - application/json;+charset=utf-8 5574.7612ms
2022-09-16 12:18:02.563 +05:30  INF  Request starting HTTP/2 GET https://localhost:7212/api/v1/employee/12 - -
2022-09-16 12:18:02.566 +05:30  INF  Executing endpoint 'WebApi.Controllers.EmployeeController.GetEmployeeById (WebApi)'
2022-09-16 12:18:02.567 +05:30  INF  Route matched with {action = "GetEmployeeById", controller = "Employee"}. Executing controller action with signature Microsoft.AspNetCore.Mvc.IActionResult GetEmployeeById(Int32) on controller WebApi.Controllers.EmployeeController (WebApi).
2022-09-16 12:18:02.651 +05:30  INF  Entity Framework Core 6.0.9 initialized 'EmployeeContext' using provider 'Microsoft.EntityFrameworkCore.SqlServer:6.0.9' with options: MigrationsAssembly=Employee DAL, Version=1.0.0.0, Culture=neutral, PublicKeyToken=null 
2022-09-16 12:18:02.680 +05:30  INF  Executed DbCommand (19ms) [Parameters=[@__p_0='?' (DbType = Int32)], CommandType='"Text"', CommandTimeout='30']
SELECT TOP(1) [e].[Id], [e].[Address], [e].[CreatedOn], [e].[DOB], [e].[DeletedOn], [e].[DepartmentId], [e].[Email], [e].[Gender], [e].[Name], [e].[PhoneNo], [e].[Salary], [e].[Score], [e].[UpdatedOn]
FROM [Employee] AS [e]
WHERE [e].[Id] = @__p_0
2022-09-16 12:18:02.901 +05:30  ERR  Error:Employee_BAL.Exceptions.EntityNotFoundException: The Employee cannot be found.
   at Employee_BAL.Service.EmployeeService.GetByEmployeeId(Int32 id) in C:\Users\jithj\source\repos\EmployeeTask\Employee BAL\Service\EmployeeService.cs:line 143
   at WebApi.Controllers.EmployeeController.<>c__DisplayClass7_0.<GetEmployeeById>b__0() in C:\Users\jithj\source\repos\EmployeeTask\WebApi\Controllers\EmployeeController.cs:line 182
   at WebApi.BaseApiController.TryExecuteAndWrap[T](Func`1 operation, Func`2 OnSuccess, Func`2 transformExceptions, Func`2 onError) in C:\Users\jithj\source\repos\EmployeeTask\WebApi\BaseApiController.cs:line 34
2022-09-16 12:18:02.902 +05:30  INF  Executing NotFoundObjectResult, writing value of type 'WebApi.ApiResult`1[[System.String, System.Private.CoreLib, Version=6.0.0.0, Culture=neutral, PublicKeyToken=7cec85d7bea7798e]]'.
2022-09-16 12:18:02.904 +05:30  INF  Executed action WebApi.Controllers.EmployeeController.GetEmployeeById (WebApi) in 336.8776ms
2022-09-16 12:18:02.904 +05:30  INF  Executed endpoint 'WebApi.Controllers.EmployeeController.GetEmployeeById (WebApi)'
2022-09-16 12:18:02.904 +05:30  INF  Request finished HTTP/2 GET https://localhost:7212/api/v1/employee/12 - - - 404 - application/json;+charset=utf-8 341.1121ms
2022-09-16 12:21:05.709 +05:30  INF  Now listening on: https://localhost:7212
2022-09-16 12:21:05.780 +05:30  INF  Now listening on: http://localhost:5212
2022-09-16 12:21:05.786 +05:30  INF  Application started. Press Ctrl+C to shut down.
2022-09-16 12:21:05.787 +05:30  INF  Hosting environment: Development
2022-09-16 12:21:05.787 +05:30  INF  Content root path: C:\Users\jithj\source\repos\EmployeeTask\WebApi\
2022-09-16 12:21:06.616 +05:30  INF  Request starting HTTP/2 GET https://localhost:7212/swagger/index.html - -
2022-09-16 12:21:07.153 +05:30  INF  Request starting HTTP/2 GET https://localhost:7212/_vs/browserLink - -
2022-09-16 12:21:07.153 +05:30  INF  Request starting HTTP/2 GET https://localhost:7212/_framework/aspnetcore-browser-refresh.js - -
2022-09-16 12:21:07.182 +05:30  INF  Request finished HTTP/2 GET https://localhost:7212/_framework/aspnetcore-browser-refresh.js - - - 200 11982 application/javascript;+charset=utf-8 23.6680ms
2022-09-16 12:21:07.182 +05:30  INF  Request finished HTTP/2 GET https://localhost:7212/swagger/index.html - - - 200 - text/html;charset=utf-8 573.8184ms
2022-09-16 12:21:07.212 +05:30  INF  Request finished HTTP/2 GET https://localhost:7212/_vs/browserLink - - - 200 - text/javascript;+charset=UTF-8 58.9246ms
2022-09-16 12:21:07.372 +05:30  INF  Request starting HTTP/2 GET https://localhost:7212/swagger/v1/swagger.json - -
2022-09-16 12:21:07.698 +05:30  INF  Request finished HTTP/2 GET https://localhost:7212/swagger/v1/swagger.json - - - 200 - application/json;charset=utf-8 326.0671ms
2022-09-16 13:15:02.152 +05:30  INF  Now listening on: https://localhost:7212
2022-09-16 13:15:02.248 +05:30  INF  Now listening on: http://localhost:5212
2022-09-16 13:15:02.260 +05:30  INF  Application started. Press Ctrl+C to shut down.
2022-09-16 13:15:02.261 +05:30  INF  Hosting environment: Development
2022-09-16 13:15:02.261 +05:30  INF  Content root path: C:\Users\jithj\source\repos\EmployeeTask\WebApi\
2022-09-16 13:15:02.826 +05:30  INF  Request starting HTTP/2 GET https://localhost:7212/swagger/index.html - -
2022-09-16 13:15:03.415 +05:30  INF  Request starting HTTP/2 GET https://localhost:7212/_framework/aspnetcore-browser-refresh.js - -
2022-09-16 13:15:03.415 +05:30  INF  Request starting HTTP/2 GET https://localhost:7212/_vs/browserLink - -
2022-09-16 13:15:03.432 +05:30  INF  Request finished HTTP/2 GET https://localhost:7212/swagger/index.html - - - 200 - text/html;charset=utf-8 613.8023ms
2022-09-16 13:15:03.432 +05:30  INF  Request finished HTTP/2 GET https://localhost:7212/_framework/aspnetcore-browser-refresh.js - - - 200 11982 application/javascript;+charset=utf-8 15.0237ms
2022-09-16 13:15:03.461 +05:30  INF  Request finished HTTP/2 GET https://localhost:7212/_vs/browserLink - - - 200 - text/javascript;+charset=UTF-8 45.6527ms
2022-09-16 13:15:03.646 +05:30  INF  Request starting HTTP/2 GET https://localhost:7212/swagger/v1/swagger.json - -
2022-09-16 13:15:03.942 +05:30  INF  Request finished HTTP/2 GET https://localhost:7212/swagger/v1/swagger.json - - - 200 - application/json;charset=utf-8 296.4735ms
2022-09-16 13:15:09.133 +05:30  INF  Request starting HTTP/2 GET https://localhost:7212/api/v1/employee - -
2022-09-16 13:15:09.159 +05:30  INF  Executing endpoint 'WebApi.Controllers.EmployeeController.ViewEmployees (WebApi)'
2022-09-16 13:15:09.184 +05:30  INF  Route matched with {action = "ViewEmployees", controller = "Employee"}. Executing controller action with signature Microsoft.AspNetCore.Mvc.IActionResult ViewEmployees() on controller WebApi.Controllers.EmployeeController (WebApi).
2022-09-16 13:15:09.924 +05:30  INF  Getting all Employee Details
2022-09-16 13:15:11.309 +05:30  WRN  No store type was specified for the decimal property 'Salary' on entity type 'Employees'. This will cause values to be silently truncated if they do not fit in the default precision and scale. Explicitly specify the SQL server column type that can accommodate all the values in 'OnModelCreating' using 'HasColumnType', specify precision and scale using 'HasPrecision', or configure a value converter using 'HasConversion'.
2022-09-16 13:15:11.309 +05:30  WRN  No store type was specified for the decimal property 'Score' on entity type 'Employees'. This will cause values to be silently truncated if they do not fit in the default precision and scale. Explicitly specify the SQL server column type that can accommodate all the values in 'OnModelCreating' using 'HasColumnType', specify precision and scale using 'HasPrecision', or configure a value converter using 'HasConversion'.
2022-09-16 13:15:11.678 +05:30  INF  Entity Framework Core 6.0.9 initialized 'EmployeeContext' using provider 'Microsoft.EntityFrameworkCore.SqlServer:6.0.9' with options: MigrationsAssembly=Employee DAL, Version=1.0.0.0, Culture=neutral, PublicKeyToken=null 
2022-09-16 13:15:14.140 +05:30  INF  Executed DbCommand (142ms) [Parameters=[], CommandType='"Text"', CommandTimeout='30']
SELECT [e].[Id], [e].[Address], [e].[CreatedOn], [e].[DOB], [e].[DeletedOn], [e].[DepartmentId], [e].[Email], [e].[Gender], [e].[Name], [e].[PhoneNo], [e].[Salary], [e].[Score], [e].[UpdatedOn]
FROM [Employee] AS [e]
2022-09-16 13:15:14.437 +05:30  INF  Executing OkObjectResult, writing value of type 'WebApi.ApiResult`1[[System.Collections.Generic.List`1[[Employee_BAL.Model.EmployeeModel, Employee BAL, Version=1.0.0.0, Culture=neutral, PublicKeyToken=null]], System.Private.CoreLib, Version=6.0.0.0, Culture=neutral, PublicKeyToken=7cec85d7bea7798e]]'.
2022-09-16 13:15:14.466 +05:30  INF  Executed action WebApi.Controllers.EmployeeController.ViewEmployees (WebApi) in 5271.2344ms
2022-09-16 13:15:14.467 +05:30  INF  Executed endpoint 'WebApi.Controllers.EmployeeController.ViewEmployees (WebApi)'
2022-09-16 13:15:14.481 +05:30  INF  Request finished HTTP/2 GET https://localhost:7212/api/v1/employee - - - 200 - application/json;+charset=utf-8 5347.4351ms
2022-09-16 13:16:35.610 +05:30  INF  Request starting HTTP/2 DELETE https://localhost:7212/api/v1/employee/13 - -
2022-09-16 13:16:35.626 +05:30  INF  Executing endpoint 'WebApi.Controllers.EmployeeController.RemoveEmployee (WebApi)'
2022-09-16 13:16:35.647 +05:30  INF  Route matched with {action = "RemoveEmployee", controller = "Employee"}. Executing controller action with signature Microsoft.AspNetCore.Mvc.IActionResult RemoveEmployee(Int32) on controller WebApi.Controllers.EmployeeController (WebApi).
2022-09-16 13:16:35.688 +05:30  INF  Deleting a Employee
2022-09-16 13:16:35.760 +05:30  INF  Entity Framework Core 6.0.9 initialized 'EmployeeContext' using provider 'Microsoft.EntityFrameworkCore.SqlServer:6.0.9' with options: MigrationsAssembly=Employee DAL, Version=1.0.0.0, Culture=neutral, PublicKeyToken=null 
2022-09-16 13:16:36.289 +05:30  INF  Executed DbCommand (81ms) [Parameters=[@__p_0='?' (DbType = Int32)], CommandType='"Text"', CommandTimeout='30']
SELECT TOP(1) [e].[Id], [e].[Address], [e].[CreatedOn], [e].[DOB], [e].[DeletedOn], [e].[DepartmentId], [e].[Email], [e].[Gender], [e].[Name], [e].[PhoneNo], [e].[Salary], [e].[Score], [e].[UpdatedOn]
FROM [Employee] AS [e]
WHERE [e].[Id] = @__p_0
2022-09-16 13:16:36.809 +05:30  INF  Executed DbCommand (235ms) [Parameters=[@p0='?' (DbType = Int32)], CommandType='"Text"', CommandTimeout='30']
SET NOCOUNT ON;
DELETE FROM [Employee]
WHERE [Id] = @p0;
SELECT @@ROWCOUNT;
2022-09-16 13:16:36.853 +05:30  INF  Executing OkObjectResult, writing value of type 'WebApi.ApiResult`1[[Employee_DAL.Entities.Employees, Employee DAL, Version=1.0.0.0, Culture=neutral, PublicKeyToken=null]]'.
2022-09-16 13:16:36.889 +05:30  INF  Executed action WebApi.Controllers.EmployeeController.RemoveEmployee (WebApi) in 1241.7791ms
2022-09-16 13:16:36.890 +05:30  INF  Executed endpoint 'WebApi.Controllers.EmployeeController.RemoveEmployee (WebApi)'
2022-09-16 13:16:36.890 +05:30  INF  Request finished HTTP/2 DELETE https://localhost:7212/api/v1/employee/13 - - - 200 - application/json;+charset=utf-8 1279.5590ms
2022-09-16 13:16:43.155 +05:30  INF  Request starting HTTP/2 GET https://localhost:7212/api/v1/employee - -
2022-09-16 13:16:43.156 +05:30  INF  Executing endpoint 'WebApi.Controllers.EmployeeController.ViewEmployees (WebApi)'
2022-09-16 13:16:43.157 +05:30  INF  Route matched with {action = "ViewEmployees", controller = "Employee"}. Executing controller action with signature Microsoft.AspNetCore.Mvc.IActionResult ViewEmployees() on controller WebApi.Controllers.EmployeeController (WebApi).
2022-09-16 13:16:43.185 +05:30  INF  Getting all Employee Details
2022-09-16 13:16:43.207 +05:30  INF  Entity Framework Core 6.0.9 initialized 'EmployeeContext' using provider 'Microsoft.EntityFrameworkCore.SqlServer:6.0.9' with options: MigrationsAssembly=Employee DAL, Version=1.0.0.0, Culture=neutral, PublicKeyToken=null 
2022-09-16 13:16:43.212 +05:30  INF  Executed DbCommand (3ms) [Parameters=[], CommandType='"Text"', CommandTimeout='30']
SELECT [e].[Id], [e].[Address], [e].[CreatedOn], [e].[DOB], [e].[DeletedOn], [e].[DepartmentId], [e].[Email], [e].[Gender], [e].[Name], [e].[PhoneNo], [e].[Salary], [e].[Score], [e].[UpdatedOn]
FROM [Employee] AS [e]
2022-09-16 13:16:43.213 +05:30  INF  Executing OkObjectResult, writing value of type 'WebApi.ApiResult`1[[System.Collections.Generic.List`1[[Employee_BAL.Model.EmployeeModel, Employee BAL, Version=1.0.0.0, Culture=neutral, PublicKeyToken=null]], System.Private.CoreLib, Version=6.0.0.0, Culture=neutral, PublicKeyToken=7cec85d7bea7798e]]'.
2022-09-16 13:16:43.214 +05:30  INF  Executed action WebApi.Controllers.EmployeeController.ViewEmployees (WebApi) in 56.9939ms
2022-09-16 13:16:43.214 +05:30  INF  Executed endpoint 'WebApi.Controllers.EmployeeController.ViewEmployees (WebApi)'
2022-09-16 13:16:43.214 +05:30  INF  Request finished HTTP/2 GET https://localhost:7212/api/v1/employee - - - 200 - application/json;+charset=utf-8 58.8811ms
2022-09-16 15:12:34.713 +05:30  INF  Now listening on: https://localhost:7212
2022-09-16 15:12:34.787 +05:30  INF  Now listening on: http://localhost:5212
2022-09-16 15:12:34.794 +05:30  INF  Application started. Press Ctrl+C to shut down.
2022-09-16 15:12:34.794 +05:30  INF  Hosting environment: Development
2022-09-16 15:12:34.794 +05:30  INF  Content root path: C:\Users\jithj\source\repos\EmployeeTask\WebApi\
2022-09-16 15:12:36.053 +05:30  INF  Request starting HTTP/2 GET https://localhost:7212/swagger/index.html - -
2022-09-16 15:12:36.687 +05:30  INF  Request starting HTTP/2 GET https://localhost:7212/_vs/browserLink - -
2022-09-16 15:12:36.687 +05:30  INF  Request starting HTTP/2 GET https://localhost:7212/_framework/aspnetcore-browser-refresh.js - -
2022-09-16 15:12:36.723 +05:30  INF  Request finished HTTP/2 GET https://localhost:7212/swagger/index.html - - - 200 - text/html;charset=utf-8 679.3069ms
2022-09-16 15:12:36.723 +05:30  INF  Request finished HTTP/2 GET https://localhost:7212/_framework/aspnetcore-browser-refresh.js - - - 200 11982 application/javascript;+charset=utf-8 34.1681ms
2022-09-16 15:12:36.806 +05:30  INF  Request finished HTTP/2 GET https://localhost:7212/_vs/browserLink - - - 200 - text/javascript;+charset=UTF-8 119.9095ms
2022-09-16 15:12:36.939 +05:30  INF  Request starting HTTP/2 GET https://localhost:7212/swagger/v1/swagger.json - -
2022-09-16 15:12:37.200 +05:30  INF  Request finished HTTP/2 GET https://localhost:7212/swagger/v1/swagger.json - - - 200 - application/json;charset=utf-8 261.1657ms
2022-09-16 15:12:58.968 +05:30  INF  Request starting HTTP/2 GET https://localhost:7212/api/v1/employee - -
2022-09-16 15:12:59.015 +05:30  INF  Executing endpoint 'WebApi.Controllers.EmployeeController.ViewEmployees (WebApi)'
2022-09-16 15:12:59.037 +05:30  INF  Route matched with {action = "ViewEmployees", controller = "Employee"}. Executing controller action with signature Microsoft.AspNetCore.Mvc.IActionResult ViewEmployees() on controller WebApi.Controllers.EmployeeController (WebApi).
2022-09-16 15:12:59.824 +05:30  INF  Getting all Employee Details
2022-09-16 15:13:01.403 +05:30  WRN  No store type was specified for the decimal property 'Salary' on entity type 'Employees'. This will cause values to be silently truncated if they do not fit in the default precision and scale. Explicitly specify the SQL server column type that can accommodate all the values in 'OnModelCreating' using 'HasColumnType', specify precision and scale using 'HasPrecision', or configure a value converter using 'HasConversion'.
2022-09-16 15:13:01.403 +05:30  WRN  No store type was specified for the decimal property 'Score' on entity type 'Employees'. This will cause values to be silently truncated if they do not fit in the default precision and scale. Explicitly specify the SQL server column type that can accommodate all the values in 'OnModelCreating' using 'HasColumnType', specify precision and scale using 'HasPrecision', or configure a value converter using 'HasConversion'.
2022-09-16 15:13:01.805 +05:30  INF  Entity Framework Core 6.0.9 initialized 'EmployeeContext' using provider 'Microsoft.EntityFrameworkCore.SqlServer:6.0.9' with options: MigrationsAssembly=Employee DAL, Version=1.0.0.0, Culture=neutral, PublicKeyToken=null 
2022-09-16 15:13:03.383 +05:30  INF  Executed DbCommand (61ms) [Parameters=[], CommandType='"Text"', CommandTimeout='30']
SELECT [e].[Id], [e].[Address], [e].[CreatedOn], [e].[DOB], [e].[DeletedOn], [e].[DepartmentId], [e].[Email], [e].[Gender], [e].[Name], [e].[PhoneNo], [e].[Salary], [e].[Score], [e].[UpdatedOn]
FROM [Employee] AS [e]
2022-09-16 15:13:03.697 +05:30  INF  Executing OkObjectResult, writing value of type 'WebApi.ApiResult`1[[System.Collections.Generic.List`1[[Employee_BAL.Model.EmployeeModel, Employee BAL, Version=1.0.0.0, Culture=neutral, PublicKeyToken=null]], System.Private.CoreLib, Version=6.0.0.0, Culture=neutral, PublicKeyToken=7cec85d7bea7798e]]'.
2022-09-16 15:13:03.730 +05:30  INF  Executed action WebApi.Controllers.EmployeeController.ViewEmployees (WebApi) in 4681.2148ms
2022-09-16 15:13:03.731 +05:30  INF  Executed endpoint 'WebApi.Controllers.EmployeeController.ViewEmployees (WebApi)'
2022-09-16 15:13:03.742 +05:30  INF  Request finished HTTP/2 GET https://localhost:7212/api/v1/employee - - - 200 - application/json;+charset=utf-8 4773.4745ms
2022-09-16 15:13:13.496 +05:30  INF  Request starting HTTP/2 DELETE https://localhost:7212/api/v1/employee/11 - -
2022-09-16 15:13:13.500 +05:30  INF  Executing endpoint 'WebApi.Controllers.EmployeeController.RemoveEmployee (WebApi)'
2022-09-16 15:13:13.520 +05:30  INF  Route matched with {action = "RemoveEmployee", controller = "Employee"}. Executing controller action with signature Microsoft.AspNetCore.Mvc.IActionResult RemoveEmployee(Int32) on controller WebApi.Controllers.EmployeeController (WebApi).
2022-09-16 15:13:13.553 +05:30  INF  Deleting a Employee
2022-09-16 15:13:13.633 +05:30  INF  Entity Framework Core 6.0.9 initialized 'EmployeeContext' using provider 'Microsoft.EntityFrameworkCore.SqlServer:6.0.9' with options: MigrationsAssembly=Employee DAL, Version=1.0.0.0, Culture=neutral, PublicKeyToken=null 
2022-09-16 15:13:14.163 +05:30  INF  Executed DbCommand (101ms) [Parameters=[@__p_0='?' (DbType = Int32)], CommandType='"Text"', CommandTimeout='30']
SELECT TOP(1) [e].[Id], [e].[Address], [e].[CreatedOn], [e].[DOB], [e].[DeletedOn], [e].[DepartmentId], [e].[Email], [e].[Gender], [e].[Name], [e].[PhoneNo], [e].[Salary], [e].[Score], [e].[UpdatedOn]
FROM [Employee] AS [e]
WHERE [e].[Id] = @__p_0
2022-09-16 15:13:14.697 +05:30  INF  Executed DbCommand (233ms) [Parameters=[@p0='?' (DbType = Int32)], CommandType='"Text"', CommandTimeout='30']
SET NOCOUNT ON;
DELETE FROM [Employee]
WHERE [Id] = @p0;
SELECT @@ROWCOUNT;
2022-09-16 15:13:14.749 +05:30  INF  Executing OkObjectResult, writing value of type 'WebApi.ApiResult`1[[Employee_BAL.Model.EmployeeModel, Employee BAL, Version=1.0.0.0, Culture=neutral, PublicKeyToken=null]]'.
2022-09-16 15:13:14.750 +05:30  INF  Executed action WebApi.Controllers.EmployeeController.RemoveEmployee (WebApi) in 1229.7699ms
2022-09-16 15:13:14.750 +05:30  INF  Executed endpoint 'WebApi.Controllers.EmployeeController.RemoveEmployee (WebApi)'
2022-09-16 15:13:14.751 +05:30  INF  Request finished HTTP/2 DELETE https://localhost:7212/api/v1/employee/11 - - - 200 - application/json;+charset=utf-8 1254.5695ms
2022-09-16 15:13:22.579 +05:30  INF  Request starting HTTP/2 GET https://localhost:7212/api/v1/employee - -
2022-09-16 15:13:22.579 +05:30  INF  Executing endpoint 'WebApi.Controllers.EmployeeController.ViewEmployees (WebApi)'
2022-09-16 15:13:22.580 +05:30  INF  Route matched with {action = "ViewEmployees", controller = "Employee"}. Executing controller action with signature Microsoft.AspNetCore.Mvc.IActionResult ViewEmployees() on controller WebApi.Controllers.EmployeeController (WebApi).
2022-09-16 15:13:22.584 +05:30  INF  Getting all Employee Details
2022-09-16 15:13:22.605 +05:30  INF  Entity Framework Core 6.0.9 initialized 'EmployeeContext' using provider 'Microsoft.EntityFrameworkCore.SqlServer:6.0.9' with options: MigrationsAssembly=Employee DAL, Version=1.0.0.0, Culture=neutral, PublicKeyToken=null 
2022-09-16 15:13:22.610 +05:30  INF  Executed DbCommand (2ms) [Parameters=[], CommandType='"Text"', CommandTimeout='30']
SELECT [e].[Id], [e].[Address], [e].[CreatedOn], [e].[DOB], [e].[DeletedOn], [e].[DepartmentId], [e].[Email], [e].[Gender], [e].[Name], [e].[PhoneNo], [e].[Salary], [e].[Score], [e].[UpdatedOn]
FROM [Employee] AS [e]
2022-09-16 15:13:22.811 +05:30  ERR  Error:Employee_BAL.Exceptions.NoContentException: No Employee is added.
   at Employee_BAL.Service.EmployeeService.GetAll() in C:\Users\jithj\source\repos\EmployeeTask\Employee BAL\Service\EmployeeService.cs:line 82
   at WebApi.Controllers.EmployeeController.<ViewEmployees>b__4_0() in C:\Users\jithj\source\repos\EmployeeTask\WebApi\Controllers\EmployeeController.cs:line 92
   at WebApi.BaseApiController.TryExecuteAndWrap[T](Func`1 operation, Func`2 OnSuccess, Func`2 transformExceptions, Func`2 onError) in C:\Users\jithj\source\repos\EmployeeTask\WebApi\BaseApiController.cs:line 34
2022-09-16 15:13:22.813 +05:30  INF  Executing NotFoundObjectResult, writing value of type 'WebApi.ApiResult`1[[System.String, System.Private.CoreLib, Version=6.0.0.0, Culture=neutral, PublicKeyToken=7cec85d7bea7798e]]'.
2022-09-16 15:13:22.815 +05:30  INF  Executed action WebApi.Controllers.EmployeeController.ViewEmployees (WebApi) in 235.0806ms
2022-09-16 15:13:22.815 +05:30  INF  Executed endpoint 'WebApi.Controllers.EmployeeController.ViewEmployees (WebApi)'
2022-09-16 15:13:22.815 +05:30  INF  Request finished HTTP/2 GET https://localhost:7212/api/v1/employee - - - 404 - application/json;+charset=utf-8 236.3966ms
2022-09-16 15:18:08.079 +05:30  INF  Now listening on: https://localhost:7212
2022-09-16 15:18:08.162 +05:30  INF  Now listening on: http://localhost:5212
2022-09-16 15:18:08.168 +05:30  INF  Application started. Press Ctrl+C to shut down.
2022-09-16 15:18:08.169 +05:30  INF  Hosting environment: Development
2022-09-16 15:18:08.169 +05:30  INF  Content root path: C:\Users\jithj\source\repos\EmployeeTask\WebApi\
2022-09-16 15:18:09.096 +05:30  INF  Request starting HTTP/2 GET https://localhost:7212/swagger/index.html - -
2022-09-16 15:18:09.648 +05:30  INF  Request starting HTTP/2 GET https://localhost:7212/_framework/aspnetcore-browser-refresh.js - -
2022-09-16 15:18:09.648 +05:30  INF  Request starting HTTP/2 GET https://localhost:7212/_vs/browserLink - -
2022-09-16 15:18:09.677 +05:30  INF  Request finished HTTP/2 GET https://localhost:7212/_framework/aspnetcore-browser-refresh.js - - - 200 11982 application/javascript;+charset=utf-8 25.4541ms
2022-09-16 15:18:09.677 +05:30  INF  Request finished HTTP/2 GET https://localhost:7212/swagger/index.html - - - 200 - text/html;charset=utf-8 587.7182ms
2022-09-16 15:18:09.699 +05:30  INF  Request finished HTTP/2 GET https://localhost:7212/_vs/browserLink - - - 200 - text/javascript;+charset=UTF-8 50.6391ms
2022-09-16 15:18:09.850 +05:30  INF  Request starting HTTP/2 GET https://localhost:7212/swagger/v1/swagger.json - -
2022-09-16 15:18:10.162 +05:30  INF  Request finished HTTP/2 GET https://localhost:7212/swagger/v1/swagger.json - - - 200 - application/json;charset=utf-8 312.5272ms
2022-09-16 15:25:03.414 +05:30  INF  Now listening on: https://localhost:7212
2022-09-16 15:25:03.516 +05:30  INF  Now listening on: http://localhost:5212
2022-09-16 15:25:03.525 +05:30  INF  Application started. Press Ctrl+C to shut down.
2022-09-16 15:25:03.526 +05:30  INF  Hosting environment: Development
2022-09-16 15:25:03.526 +05:30  INF  Content root path: C:\Users\jithj\source\repos\EmployeeTask\WebApi\
2022-09-16 15:25:04.146 +05:30  INF  Request starting HTTP/2 GET https://localhost:7212/swagger/index.html - -
2022-09-16 15:25:04.761 +05:30  INF  Request starting HTTP/2 GET https://localhost:7212/_vs/browserLink - -
2022-09-16 15:25:04.761 +05:30  INF  Request starting HTTP/2 GET https://localhost:7212/_framework/aspnetcore-browser-refresh.js - -
2022-09-16 15:25:04.784 +05:30  INF  Request finished HTTP/2 GET https://localhost:7212/swagger/index.html - - - 200 - text/html;charset=utf-8 643.7438ms
2022-09-16 15:25:04.784 +05:30  INF  Request finished HTTP/2 GET https://localhost:7212/_framework/aspnetcore-browser-refresh.js - - - 200 11982 application/javascript;+charset=utf-8 18.7658ms
2022-09-16 15:25:04.821 +05:30  INF  Request finished HTTP/2 GET https://localhost:7212/_vs/browserLink - - - 200 - text/javascript;+charset=UTF-8 59.4442ms
2022-09-16 15:25:05.021 +05:30  INF  Request starting HTTP/2 GET https://localhost:7212/swagger/v1/swagger.json - -
2022-09-16 15:25:05.306 +05:30  INF  Request finished HTTP/2 GET https://localhost:7212/swagger/v1/swagger.json - - - 200 - application/json;charset=utf-8 284.8108ms
2022-09-16 15:25:52.863 +05:30  INF  Request starting HTTP/2 GET https://localhost:7212/api/v1/employee - -
2022-09-16 15:25:52.884 +05:30  INF  Executing endpoint 'WebApi.Controllers.EmployeeController.ViewEmployees (WebApi)'
2022-09-16 15:25:52.902 +05:30  INF  Route matched with {action = "ViewEmployees", controller = "Employee"}. Executing controller action with signature Microsoft.AspNetCore.Mvc.IActionResult ViewEmployees() on controller WebApi.Controllers.EmployeeController (WebApi).
2022-09-16 15:25:53.575 +05:30  INF  Getting all Employee Details
2022-09-16 15:25:54.968 +05:30  WRN  No store type was specified for the decimal property 'Salary' on entity type 'Employees'. This will cause values to be silently truncated if they do not fit in the default precision and scale. Explicitly specify the SQL server column type that can accommodate all the values in 'OnModelCreating' using 'HasColumnType', specify precision and scale using 'HasPrecision', or configure a value converter using 'HasConversion'.
2022-09-16 15:25:54.968 +05:30  WRN  No store type was specified for the decimal property 'Score' on entity type 'Employees'. This will cause values to be silently truncated if they do not fit in the default precision and scale. Explicitly specify the SQL server column type that can accommodate all the values in 'OnModelCreating' using 'HasColumnType', specify precision and scale using 'HasPrecision', or configure a value converter using 'HasConversion'.
2022-09-16 15:25:55.315 +05:30  INF  Entity Framework Core 6.0.9 initialized 'EmployeeContext' using provider 'Microsoft.EntityFrameworkCore.SqlServer:6.0.9' with options: MigrationsAssembly=Employee DAL, Version=1.0.0.0, Culture=neutral, PublicKeyToken=null 
2022-09-16 15:25:57.571 +05:30  INF  Executed DbCommand (127ms) [Parameters=[], CommandType='"Text"', CommandTimeout='30']
SELECT [e].[Id], [e].[Address], [e].[CreatedOn], [e].[DOB], [e].[DeletedOn], [e].[DepartmentId], [e].[Email], [e].[Gender], [e].[Name], [e].[PhoneNo], [e].[Salary], [e].[Score], [e].[UpdatedOn]
FROM [Employee] AS [e]
2022-09-16 15:25:57.826 +05:30  ERR  Error:Employee_BAL.Exceptions.NoContentException: No Employee is added.
   at Employee_BAL.Service.EmployeeService.GetAll() in C:\Users\jithj\source\repos\EmployeeTask\Employee BAL\Service\EmployeeService.cs:line 82
   at WebApi.Controllers.EmployeeController.<ViewEmployees>b__4_0() in C:\Users\jithj\source\repos\EmployeeTask\WebApi\Controllers\EmployeeController.cs:line 113
   at WebApi.BaseApiController.TryExecuteAndWrap[T](Func`1 operation, Func`2 OnSuccess, Func`2 transformExceptions, Func`2 onError) in C:\Users\jithj\source\repos\EmployeeTask\WebApi\BaseApiController.cs:line 34
2022-09-16 15:25:57.833 +05:30  INF  Executing NotFoundObjectResult, writing value of type 'WebApi.ApiResult`1[[System.String, System.Private.CoreLib, Version=6.0.0.0, Culture=neutral, PublicKeyToken=7cec85d7bea7798e]]'.
2022-09-16 15:25:57.853 +05:30  INF  Executed action WebApi.Controllers.EmployeeController.ViewEmployees (WebApi) in 4937.2375ms
2022-09-16 15:25:57.854 +05:30  INF  Executed endpoint 'WebApi.Controllers.EmployeeController.ViewEmployees (WebApi)'
2022-09-16 15:25:57.865 +05:30  INF  Request finished HTTP/2 GET https://localhost:7212/api/v1/employee - - - 404 - application/json;+charset=utf-8 5001.8106ms
2022-09-16 15:58:26.892 +05:30  INF  Now listening on: https://localhost:7212
2022-09-16 15:58:26.957 +05:30  INF  Now listening on: http://localhost:5212
2022-09-16 15:58:26.963 +05:30  INF  Application started. Press Ctrl+C to shut down.
2022-09-16 15:58:26.963 +05:30  INF  Hosting environment: Development
2022-09-16 15:58:26.963 +05:30  INF  Content root path: C:\Users\jithj\source\repos\EmployeeTask\WebApi\
2022-09-16 15:58:27.932 +05:30  INF  Request starting HTTP/2 GET https://localhost:7212/swagger/index.html - -
2022-09-16 15:58:28.507 +05:30  INF  Request starting HTTP/2 GET https://localhost:7212/_vs/browserLink - -
2022-09-16 15:58:28.507 +05:30  INF  Request starting HTTP/2 GET https://localhost:7212/_framework/aspnetcore-browser-refresh.js - -
2022-09-16 15:58:28.522 +05:30  INF  Request finished HTTP/2 GET https://localhost:7212/_framework/aspnetcore-browser-refresh.js - - - 200 11982 application/javascript;+charset=utf-8 11.1503ms
2022-09-16 15:58:28.522 +05:30  INF  Request finished HTTP/2 GET https://localhost:7212/swagger/index.html - - - 200 - text/html;charset=utf-8 596.3525ms
2022-09-16 15:58:28.557 +05:30  INF  Request finished HTTP/2 GET https://localhost:7212/_vs/browserLink - - - 200 - text/javascript;+charset=UTF-8 49.9418ms
2022-09-16 15:58:28.731 +05:30  INF  Request starting HTTP/2 GET https://localhost:7212/swagger/v1/swagger.json - -
2022-09-16 15:58:29.045 +05:30  INF  Request finished HTTP/2 GET https://localhost:7212/swagger/v1/swagger.json - - - 200 - application/json;charset=utf-8 314.1027ms
2022-09-16 15:58:57.769 +05:30  INF  Request starting HTTP/2 POST https://localhost:7212/api/v1/employee application/json 248
2022-09-16 15:58:57.790 +05:30  INF  Executing endpoint 'WebApi.Controllers.EmployeeController.AddEmployee (WebApi)'
2022-09-16 15:58:57.833 +05:30  INF  Route matched with {action = "AddEmployee", controller = "Employee"}. Executing controller action with signature Microsoft.AspNetCore.Mvc.IActionResult AddEmployee(Employee_BAL.Model.EmployeeModel) on controller WebApi.Controllers.EmployeeController (WebApi).
2022-09-16 15:58:58.600 +05:30  INF  Adding a Employee
2022-09-16 15:59:00.068 +05:30  WRN  No store type was specified for the decimal property 'Salary' on entity type 'Employees'. This will cause values to be silently truncated if they do not fit in the default precision and scale. Explicitly specify the SQL server column type that can accommodate all the values in 'OnModelCreating' using 'HasColumnType', specify precision and scale using 'HasPrecision', or configure a value converter using 'HasConversion'.
2022-09-16 15:59:00.068 +05:30  WRN  No store type was specified for the decimal property 'Score' on entity type 'Employees'. This will cause values to be silently truncated if they do not fit in the default precision and scale. Explicitly specify the SQL server column type that can accommodate all the values in 'OnModelCreating' using 'HasColumnType', specify precision and scale using 'HasPrecision', or configure a value converter using 'HasConversion'.
2022-09-16 15:59:00.422 +05:30  INF  Entity Framework Core 6.0.9 initialized 'EmployeeContext' using provider 'Microsoft.EntityFrameworkCore.SqlServer:6.0.9' with options: MigrationsAssembly=Employee DAL, Version=1.0.0.0, Culture=neutral, PublicKeyToken=null 
2022-09-16 15:59:03.028 +05:30  INF  Executed DbCommand (206ms) [Parameters=[@__email_0='?' (Size = 250) (DbType = AnsiString)], CommandType='"Text"', CommandTimeout='30']
SELECT [e].[Id], [e].[Address], [e].[CreatedOn], [e].[DOB], [e].[DeletedOn], [e].[DepartmentId], [e].[Email], [e].[Gender], [e].[Name], [e].[PhoneNo], [e].[Salary], [e].[Score], [e].[UpdatedOn]
FROM [Employee] AS [e]
WHERE [e].[Email] = @__email_0
2022-09-16 15:59:03.112 +05:30  INF  Executed DbCommand (22ms) [Parameters=[@__phone_0='?' (Size = 15) (DbType = AnsiString)], CommandType='"Text"', CommandTimeout='30']
SELECT [e].[Id], [e].[Address], [e].[CreatedOn], [e].[DOB], [e].[DeletedOn], [e].[DepartmentId], [e].[Email], [e].[Gender], [e].[Name], [e].[PhoneNo], [e].[Salary], [e].[Score], [e].[UpdatedOn]
FROM [Employee] AS [e]
WHERE [e].[PhoneNo] = @__phone_0
2022-09-16 15:59:03.607 +05:30  INF  Executed DbCommand (68ms) [Parameters=[@p0='?' (Size = 250) (DbType = AnsiString), @p1='?' (DbType = DateTime2), @p2='?' (DbType = DateTime2), @p3='?' (DbType = DateTime2), @p4='?' (DbType = Int32), @p5='?' (Size = 250) (DbType = AnsiString), @p6='?' (DbType = Int32), @p7='?' (Size = 250) (DbType = AnsiString), @p8='?' (Size = 15) (DbType = AnsiString), @p9='?' (Precision = 18) (Scale = 2) (DbType = Decimal), @p10='?' (Precision = 18) (Scale = 2) (DbType = Decimal), @p11='?' (DbType = DateTime2)], CommandType='"Text"', CommandTimeout='30']
SET NOCOUNT ON;
INSERT INTO [Employee] ([Address], [CreatedOn], [DOB], [DeletedOn], [DepartmentId], [Email], [Gender], [Name], [PhoneNo], [Salary], [Score], [UpdatedOn])
VALUES (@p0, @p1, @p2, @p3, @p4, @p5, @p6, @p7, @p8, @p9, @p10, @p11);
SELECT [Id]
FROM [Employee]
WHERE @@ROWCOUNT = 1 AND [Id] = scope_identity();
2022-09-16 15:59:03.716 +05:30  INF  Executing OkObjectResult, writing value of type 'WebApi.ApiResult`1[[Employee_BAL.Model.EmployeeModel, Employee BAL, Version=1.0.0.0, Culture=neutral, PublicKeyToken=null]]'.
2022-09-16 15:59:03.745 +05:30  INF  Executed action WebApi.Controllers.EmployeeController.AddEmployee (WebApi) in 5896.341ms
2022-09-16 15:59:03.746 +05:30  INF  Executed endpoint 'WebApi.Controllers.EmployeeController.AddEmployee (WebApi)'
2022-09-16 15:59:03.757 +05:30  INF  Request finished HTTP/2 POST https://localhost:7212/api/v1/employee application/json 248 - 200 - application/json;+charset=utf-8 5987.9575ms
