2022-10-06 10:04:36.990 +05:30  WRN  No store type was specified for the decimal property 'Salary' on entity type 'Employees'. This will cause values to be silently truncated if they do not fit in the default precision and scale. Explicitly specify the SQL server column type that can accommodate all the values in 'OnModelCreating' using 'HasColumnType', specify precision and scale using 'HasPrecision', or configure a value converter using 'HasConversion'.
2022-10-06 10:04:37.047 +05:30  WRN  No store type was specified for the decimal property 'Score' on entity type 'Employees'. This will cause values to be silently truncated if they do not fit in the default precision and scale. Explicitly specify the SQL server column type that can accommodate all the values in 'OnModelCreating' using 'HasColumnType', specify precision and scale using 'HasPrecision', or configure a value converter using 'HasConversion'.
2022-10-06 10:04:37.274 +05:30  INF  Entity Framework Core 6.0.9 initialized 'EmployeeContext' using provider 'Microsoft.EntityFrameworkCore.SqlServer:6.0.9' with options: MigrationsAssembly=Employee DAL, Version=1.0.0.0, Culture=neutral, PublicKeyToken=null 
2022-10-06 10:04:37.318 +05:30  WRN  No store type was specified for the decimal property 'Salary' on entity type 'Employees'. This will cause values to be silently truncated if they do not fit in the default precision and scale. Explicitly specify the SQL server column type that can accommodate all the values in 'OnModelCreating' using 'HasColumnType', specify precision and scale using 'HasPrecision', or configure a value converter using 'HasConversion'.
2022-10-06 10:04:37.319 +05:30  WRN  No store type was specified for the decimal property 'Score' on entity type 'Employees'. This will cause values to be silently truncated if they do not fit in the default precision and scale. Explicitly specify the SQL server column type that can accommodate all the values in 'OnModelCreating' using 'HasColumnType', specify precision and scale using 'HasPrecision', or configure a value converter using 'HasConversion'.
2022-10-06 10:05:03.997 +05:30  WRN  No store type was specified for the decimal property 'Salary' on entity type 'Employees'. This will cause values to be silently truncated if they do not fit in the default precision and scale. Explicitly specify the SQL server column type that can accommodate all the values in 'OnModelCreating' using 'HasColumnType', specify precision and scale using 'HasPrecision', or configure a value converter using 'HasConversion'.
2022-10-06 10:05:04.040 +05:30  WRN  No store type was specified for the decimal property 'Score' on entity type 'Employees'. This will cause values to be silently truncated if they do not fit in the default precision and scale. Explicitly specify the SQL server column type that can accommodate all the values in 'OnModelCreating' using 'HasColumnType', specify precision and scale using 'HasPrecision', or configure a value converter using 'HasConversion'.
2022-10-06 10:05:04.253 +05:30  INF  Entity Framework Core 6.0.9 initialized 'EmployeeContext' using provider 'Microsoft.EntityFrameworkCore.SqlServer:6.0.9' with options: MigrationsAssembly=Employee DAL, Version=1.0.0.0, Culture=neutral, PublicKeyToken=null 
2022-10-06 10:05:05.591 +05:30  INF  Executed DbCommand (29ms) [Parameters=[], CommandType='"Text"', CommandTimeout='30']
SELECT 1
2022-10-06 10:05:05.674 +05:30  INF  Executed DbCommand (58ms) [Parameters=[], CommandType='"Text"', CommandTimeout='30']
SELECT OBJECT_ID(N'[__EFMigrationsHistory]');
2022-10-06 10:05:05.679 +05:30  INF  Executed DbCommand (2ms) [Parameters=[], CommandType='"Text"', CommandTimeout='30']
SELECT 1
2022-10-06 10:05:05.680 +05:30  INF  Executed DbCommand (0ms) [Parameters=[], CommandType='"Text"', CommandTimeout='30']
SELECT OBJECT_ID(N'[__EFMigrationsHistory]');
2022-10-06 10:05:05.738 +05:30  INF  Executed DbCommand (28ms) [Parameters=[], CommandType='"Text"', CommandTimeout='30']
SELECT [MigrationId], [ProductVersion]
FROM [__EFMigrationsHistory]
ORDER BY [MigrationId];
2022-10-06 10:05:05.764 +05:30  INF  Applying migration '20221006043437_build'.
2022-10-06 10:05:05.841 +05:30  INF  Executed DbCommand (10ms) [Parameters=[], CommandType='"Text"', CommandTimeout='30']
INSERT INTO [__EFMigrationsHistory] ([MigrationId], [ProductVersion])
VALUES (N'20221006043437_build', N'6.0.9');
2022-10-06 10:47:18.210 +05:30  INF  User profile is available. Using 'C:\Users\jithj\AppData\Local\ASP.NET\DataProtection-Keys' as key repository and Windows DPAPI to encrypt keys at rest.
2022-10-06 10:47:19.292 +05:30  INF  Now listening on: https://localhost:7212
2022-10-06 10:47:19.292 +05:30  INF  Now listening on: http://localhost:5212
2022-10-06 10:47:19.298 +05:30  INF  Application started. Press Ctrl+C to shut down.
2022-10-06 10:47:19.298 +05:30  INF  Hosting environment: Development
2022-10-06 10:47:19.298 +05:30  INF  Content root path: C:\Users\jithj\source\repos\EmployeeTask\WebApi\
2022-10-06 10:47:20.381 +05:30  INF  Request starting HTTP/2 GET https://localhost:7212/swagger/index.html - -
2022-10-06 10:47:21.300 +05:30  INF  Request starting HTTP/2 GET https://localhost:7212/_framework/aspnetcore-browser-refresh.js - -
2022-10-06 10:47:21.300 +05:30  INF  Request starting HTTP/2 GET https://localhost:7212/swagger/swagger-ui-bundle.js - -
2022-10-06 10:47:21.300 +05:30  INF  Request starting HTTP/2 GET https://localhost:7212/_vs/browserLink - -
2022-10-06 10:47:21.300 +05:30  INF  Request starting HTTP/2 GET https://localhost:7212/swagger/swagger-ui.css - -
2022-10-06 10:47:21.300 +05:30  INF  Request starting HTTP/2 GET https://localhost:7212/swagger/swagger-ui-standalone-preset.js - -
2022-10-06 10:47:21.341 +05:30  INF  Request finished HTTP/2 GET https://localhost:7212/_framework/aspnetcore-browser-refresh.js - - - 200 11982 application/javascript;+charset=utf-8 37.3324ms
2022-10-06 10:47:21.341 +05:30  INF  Request finished HTTP/2 GET https://localhost:7212/swagger/index.html - - - 200 - text/html;charset=utf-8 967.4261ms
2022-10-06 10:47:21.471 +05:30  INF  Sending file. Request path: '/swagger-ui-standalone-preset.js'. Physical path: 'N/A'
2022-10-06 10:47:21.471 +05:30  INF  Sending file. Request path: '/swagger-ui.css'. Physical path: 'N/A'
2022-10-06 10:47:21.472 +05:30  INF  Request finished HTTP/2 GET https://localhost:7212/swagger/swagger-ui-standalone-preset.js - - - 200 339486 application/javascript 172.2862ms
2022-10-06 10:47:21.472 +05:30  INF  Request finished HTTP/2 GET https://localhost:7212/swagger/swagger-ui.css - - - 200 143943 text/css 172.2860ms
2022-10-06 10:47:21.498 +05:30  INF  Sending file. Request path: '/swagger-ui-bundle.js'. Physical path: 'N/A'
2022-10-06 10:47:21.500 +05:30  INF  Request finished HTTP/2 GET https://localhost:7212/swagger/swagger-ui-bundle.js - - - 200 1096145 application/javascript 200.3044ms
2022-10-06 10:47:21.520 +05:30  INF  Request finished HTTP/2 GET https://localhost:7212/_vs/browserLink - - - 200 - text/javascript;+charset=UTF-8 220.1313ms
2022-10-06 10:47:21.871 +05:30  INF  Request starting HTTP/2 GET https://localhost:7212/swagger/v1/swagger.json - -
2022-10-06 10:47:21.921 +05:30  INF  Request starting HTTP/2 GET https://localhost:7212/swagger/favicon-32x32.png - -
2022-10-06 10:47:21.922 +05:30  INF  Sending file. Request path: '/favicon-32x32.png'. Physical path: 'N/A'
2022-10-06 10:47:21.922 +05:30  INF  Request finished HTTP/2 GET https://localhost:7212/swagger/favicon-32x32.png - - - 200 628 image/png 1.4961ms
2022-10-06 10:47:22.102 +05:30  ERR  An unhandled exception has occurred while executing the request.Swashbuckle.AspNetCore.SwaggerGen.SwaggerGeneratorException: Ambiguous HTTP method for action - WebApi.Controllers.RoleMemberController.AddRoleMember (WebApi). Actions require an explicit HttpMethod binding for Swagger/OpenAPI 3.0
   at Swashbuckle.AspNetCore.SwaggerGen.SwaggerGenerator.GenerateOperations(IEnumerable`1 apiDescriptions, SchemaRepository schemaRepository)
   at Swashbuckle.AspNetCore.SwaggerGen.SwaggerGenerator.GeneratePaths(IEnumerable`1 apiDescriptions, SchemaRepository schemaRepository)
   at Swashbuckle.AspNetCore.SwaggerGen.SwaggerGenerator.GetSwaggerDocumentWithoutFilters(String documentName, String host, String basePath)
   at Swashbuckle.AspNetCore.SwaggerGen.SwaggerGenerator.GetSwaggerAsync(String documentName, String host, String basePath)
   at Swashbuckle.AspNetCore.Swagger.SwaggerMiddleware.Invoke(HttpContext httpContext, ISwaggerProvider swaggerProvider)
   at Microsoft.AspNetCore.Diagnostics.DeveloperExceptionPageMiddleware.Invoke(HttpContext context)

2022-10-06 10:47:22.503 +05:30  INF  Request finished HTTP/2 GET https://localhost:7212/swagger/v1/swagger.json - - - 500 - text/plain;+charset=utf-8 631.9230ms
2022-10-06 10:49:23.491 +05:30  INF  User profile is available. Using 'C:\Users\jithj\AppData\Local\ASP.NET\DataProtection-Keys' as key repository and Windows DPAPI to encrypt keys at rest.
2022-10-06 10:49:24.102 +05:30  INF  Now listening on: https://localhost:7212
2022-10-06 10:49:24.103 +05:30  INF  Now listening on: http://localhost:5212
2022-10-06 10:49:24.108 +05:30  INF  Application started. Press Ctrl+C to shut down.
2022-10-06 10:49:24.109 +05:30  INF  Hosting environment: Development
2022-10-06 10:49:24.109 +05:30  INF  Content root path: C:\Users\jithj\source\repos\EmployeeTask\WebApi\
2022-10-06 10:49:24.949 +05:30  INF  Request starting HTTP/2 GET https://localhost:7212/swagger/index.html - -
2022-10-06 10:49:25.613 +05:30  INF  Request starting HTTP/2 GET https://localhost:7212/_framework/aspnetcore-browser-refresh.js - -
2022-10-06 10:49:25.613 +05:30  INF  Request starting HTTP/2 GET https://localhost:7212/_vs/browserLink - -
2022-10-06 10:49:25.643 +05:30  INF  Request finished HTTP/2 GET https://localhost:7212/_framework/aspnetcore-browser-refresh.js - - - 200 11982 application/javascript;+charset=utf-8 26.8366ms
2022-10-06 10:49:25.643 +05:30  INF  Request finished HTTP/2 GET https://localhost:7212/swagger/index.html - - - 200 - text/html;charset=utf-8 700.1228ms
2022-10-06 10:49:25.683 +05:30  INF  Request finished HTTP/2 GET https://localhost:7212/_vs/browserLink - - - 200 - text/javascript;+charset=UTF-8 70.0024ms
2022-10-06 10:49:26.045 +05:30  INF  Request starting HTTP/2 GET https://localhost:7212/swagger/v1/swagger.json - -
2022-10-06 10:49:26.284 +05:30  ERR  An unhandled exception has occurred while executing the request.Swashbuckle.AspNetCore.SwaggerGen.SwaggerGeneratorException: Ambiguous HTTP method for action - WebApi.Controllers.RoleMemberController.AddRoleMember (WebApi). Actions require an explicit HttpMethod binding for Swagger/OpenAPI 3.0
   at Swashbuckle.AspNetCore.SwaggerGen.SwaggerGenerator.GenerateOperations(IEnumerable`1 apiDescriptions, SchemaRepository schemaRepository)
   at Swashbuckle.AspNetCore.SwaggerGen.SwaggerGenerator.GeneratePaths(IEnumerable`1 apiDescriptions, SchemaRepository schemaRepository)
   at Swashbuckle.AspNetCore.SwaggerGen.SwaggerGenerator.GetSwaggerDocumentWithoutFilters(String documentName, String host, String basePath)
   at Swashbuckle.AspNetCore.SwaggerGen.SwaggerGenerator.GetSwaggerAsync(String documentName, String host, String basePath)
   at Swashbuckle.AspNetCore.Swagger.SwaggerMiddleware.Invoke(HttpContext httpContext, ISwaggerProvider swaggerProvider)
   at Microsoft.AspNetCore.Diagnostics.DeveloperExceptionPageMiddleware.Invoke(HttpContext context)

2022-10-06 10:49:26.396 +05:30  INF  Request finished HTTP/2 GET https://localhost:7212/swagger/v1/swagger.json - - - 500 - text/plain;+charset=utf-8 351.0281ms
2022-10-06 10:57:23.291 +05:30  INF  User profile is available. Using 'C:\Users\jithj\AppData\Local\ASP.NET\DataProtection-Keys' as key repository and Windows DPAPI to encrypt keys at rest.
2022-10-06 10:57:23.755 +05:30  INF  Now listening on: https://localhost:7212
2022-10-06 10:57:23.755 +05:30  INF  Now listening on: http://localhost:5212
2022-10-06 10:57:23.761 +05:30  INF  Application started. Press Ctrl+C to shut down.
2022-10-06 10:57:23.761 +05:30  INF  Hosting environment: Development
2022-10-06 10:57:23.761 +05:30  INF  Content root path: C:\Users\jithj\source\repos\EmployeeTask\WebApi\
2022-10-06 10:57:24.341 +05:30  INF  Request starting HTTP/2 GET https://localhost:7212/swagger/index.html - -
2022-10-06 10:57:24.881 +05:30  INF  Request starting HTTP/2 GET https://localhost:7212/_vs/browserLink - -
2022-10-06 10:57:24.881 +05:30  INF  Request starting HTTP/2 GET https://localhost:7212/_framework/aspnetcore-browser-refresh.js - -
2022-10-06 10:57:24.906 +05:30  INF  Request finished HTTP/2 GET https://localhost:7212/_framework/aspnetcore-browser-refresh.js - - - 200 11982 application/javascript;+charset=utf-8 23.2895ms
2022-10-06 10:57:24.906 +05:30  INF  Request finished HTTP/2 GET https://localhost:7212/swagger/index.html - - - 200 - text/html;charset=utf-8 572.8270ms
2022-10-06 10:57:24.929 +05:30  INF  Request finished HTTP/2 GET https://localhost:7212/_vs/browserLink - - - 200 - text/javascript;+charset=UTF-8 48.0735ms
2022-10-06 10:57:25.093 +05:30  INF  Request starting HTTP/2 GET https://localhost:7212/swagger/v1/swagger.json - -
2022-10-06 10:57:25.282 +05:30  ERR  An unhandled exception has occurred while executing the request.Swashbuckle.AspNetCore.SwaggerGen.SwaggerGeneratorException: Ambiguous HTTP method for action - WebApi.Controllers.RoleMemberController.AddRoleMember (WebApi). Actions require an explicit HttpMethod binding for Swagger/OpenAPI 3.0
   at Swashbuckle.AspNetCore.SwaggerGen.SwaggerGenerator.GenerateOperations(IEnumerable`1 apiDescriptions, SchemaRepository schemaRepository)
   at Swashbuckle.AspNetCore.SwaggerGen.SwaggerGenerator.GeneratePaths(IEnumerable`1 apiDescriptions, SchemaRepository schemaRepository)
   at Swashbuckle.AspNetCore.SwaggerGen.SwaggerGenerator.GetSwaggerDocumentWithoutFilters(String documentName, String host, String basePath)
   at Swashbuckle.AspNetCore.SwaggerGen.SwaggerGenerator.GetSwaggerAsync(String documentName, String host, String basePath)
   at Swashbuckle.AspNetCore.Swagger.SwaggerMiddleware.Invoke(HttpContext httpContext, ISwaggerProvider swaggerProvider)
   at Microsoft.AspNetCore.Diagnostics.DeveloperExceptionPageMiddleware.Invoke(HttpContext context)

2022-10-06 10:57:25.375 +05:30  INF  Request finished HTTP/2 GET https://localhost:7212/swagger/v1/swagger.json - - - 500 - text/plain;+charset=utf-8 282.3998ms
2022-10-06 11:02:05.115 +05:30  INF  User profile is available. Using 'C:\Users\jithj\AppData\Local\ASP.NET\DataProtection-Keys' as key repository and Windows DPAPI to encrypt keys at rest.
2022-10-06 11:02:05.679 +05:30  INF  Now listening on: https://localhost:7212
2022-10-06 11:02:05.679 +05:30  INF  Now listening on: http://localhost:5212
2022-10-06 11:02:05.684 +05:30  INF  Application started. Press Ctrl+C to shut down.
2022-10-06 11:02:05.684 +05:30  INF  Hosting environment: Development
2022-10-06 11:02:05.685 +05:30  INF  Content root path: C:\Users\jithj\source\repos\EmployeeTask\WebApi\
2022-10-06 11:02:06.673 +05:30  INF  Request starting HTTP/2 GET https://localhost:7212/swagger/index.html - -
2022-10-06 11:02:07.319 +05:30  INF  Request starting HTTP/2 GET https://localhost:7212/_framework/aspnetcore-browser-refresh.js - -
2022-10-06 11:02:07.319 +05:30  INF  Request starting HTTP/2 GET https://localhost:7212/_vs/browserLink - -
2022-10-06 11:02:07.337 +05:30  INF  Request finished HTTP/2 GET https://localhost:7212/swagger/index.html - - - 200 - text/html;charset=utf-8 671.1790ms
2022-10-06 11:02:07.337 +05:30  INF  Request finished HTTP/2 GET https://localhost:7212/_framework/aspnetcore-browser-refresh.js - - - 200 11982 application/javascript;+charset=utf-8 15.4866ms
2022-10-06 11:02:07.365 +05:30  INF  Request finished HTTP/2 GET https://localhost:7212/_vs/browserLink - - - 200 - text/javascript;+charset=UTF-8 45.9503ms
2022-10-06 11:02:07.539 +05:30  INF  Request starting HTTP/2 GET https://localhost:7212/swagger/v1/swagger.json - -
2022-10-06 11:02:08.505 +05:30  ERR  An unhandled exception has occurred while executing the request.Swashbuckle.AspNetCore.SwaggerGen.SwaggerGeneratorException: Ambiguous HTTP method for action - WebApi.Controllers.RoleMemberController.AddRoleMember (WebApi). Actions require an explicit HttpMethod binding for Swagger/OpenAPI 3.0
   at Swashbuckle.AspNetCore.SwaggerGen.SwaggerGenerator.GenerateOperations(IEnumerable`1 apiDescriptions, SchemaRepository schemaRepository)
   at Swashbuckle.AspNetCore.SwaggerGen.SwaggerGenerator.GeneratePaths(IEnumerable`1 apiDescriptions, SchemaRepository schemaRepository)
   at Swashbuckle.AspNetCore.SwaggerGen.SwaggerGenerator.GetSwaggerDocumentWithoutFilters(String documentName, String host, String basePath)
   at Swashbuckle.AspNetCore.SwaggerGen.SwaggerGenerator.GetSwaggerAsync(String documentName, String host, String basePath)
   at Swashbuckle.AspNetCore.Swagger.SwaggerMiddleware.Invoke(HttpContext httpContext, ISwaggerProvider swaggerProvider)
   at Microsoft.AspNetCore.Diagnostics.DeveloperExceptionPageMiddleware.Invoke(HttpContext context)

2022-10-06 11:02:08.604 +05:30  INF  Request finished HTTP/2 GET https://localhost:7212/swagger/v1/swagger.json - - - 500 - text/plain;+charset=utf-8 1065.0854ms
2022-10-06 11:05:16.834 +05:30  INF  User profile is available. Using 'C:\Users\jithj\AppData\Local\ASP.NET\DataProtection-Keys' as key repository and Windows DPAPI to encrypt keys at rest.
2022-10-06 11:05:17.448 +05:30  INF  Now listening on: https://localhost:7212
2022-10-06 11:05:17.448 +05:30  INF  Now listening on: http://localhost:5212
2022-10-06 11:05:17.453 +05:30  INF  Application started. Press Ctrl+C to shut down.
2022-10-06 11:05:17.453 +05:30  INF  Hosting environment: Development
2022-10-06 11:05:17.453 +05:30  INF  Content root path: C:\Users\jithj\source\repos\EmployeeTask\WebApi\
2022-10-06 11:05:18.279 +05:30  INF  Request starting HTTP/2 GET https://localhost:7212/swagger/index.html - -
2022-10-06 11:05:18.987 +05:30  INF  Request starting HTTP/2 GET https://localhost:7212/_vs/browserLink - -
2022-10-06 11:05:18.987 +05:30  INF  Request starting HTTP/2 GET https://localhost:7212/_framework/aspnetcore-browser-refresh.js - -
2022-10-06 11:05:19.019 +05:30  INF  Request finished HTTP/2 GET https://localhost:7212/_framework/aspnetcore-browser-refresh.js - - - 200 11982 application/javascript;+charset=utf-8 26.8845ms
2022-10-06 11:05:19.044 +05:30  INF  Request finished HTTP/2 GET https://localhost:7212/swagger/index.html - - - 200 - text/html;charset=utf-8 772.5043ms
2022-10-06 11:05:19.058 +05:30  INF  Request finished HTTP/2 GET https://localhost:7212/_vs/browserLink - - - 200 - text/javascript;+charset=UTF-8 71.0655ms
2022-10-06 11:05:19.293 +05:30  INF  Request starting HTTP/2 GET https://localhost:7212/swagger/v1/swagger.json - -
2022-10-06 11:05:19.689 +05:30  INF  Request finished HTTP/2 GET https://localhost:7212/swagger/v1/swagger.json - - - 200 - application/json;charset=utf-8 396.4219ms
