2022-09-20 10:58:31.334 +05:30  INF  Now listening on: https://localhost:7212
2022-09-20 10:58:31.396 +05:30  INF  Now listening on: http://localhost:5212
2022-09-20 10:58:31.401 +05:30  INF  Application started. Press Ctrl+C to shut down.
2022-09-20 10:58:31.402 +05:30  INF  Hosting environment: Development
2022-09-20 10:58:31.402 +05:30  INF  Content root path: C:\Users\jithj\source\repos\EmployeeTask\WebApi\
2022-09-20 10:58:32.568 +05:30  INF  Request starting HTTP/2 GET https://localhost:7212/swagger/index.html - -
2022-09-20 10:58:33.320 +05:30  INF  Request starting HTTP/2 GET https://localhost:7212/_vs/browserLink - -
2022-09-20 10:58:33.320 +05:30  INF  Request starting HTTP/2 GET https://localhost:7212/_framework/aspnetcore-browser-refresh.js - -
2022-09-20 10:58:33.348 +05:30  INF  Request finished HTTP/2 GET https://localhost:7212/swagger/index.html - - - 200 - text/html;charset=utf-8 786.2572ms
2022-09-20 10:58:33.348 +05:30  INF  Request finished HTTP/2 GET https://localhost:7212/_framework/aspnetcore-browser-refresh.js - - - 200 11982 application/javascript;+charset=utf-8 26.3148ms
2022-09-20 10:58:33.413 +05:30  INF  Request finished HTTP/2 GET https://localhost:7212/_vs/browserLink - - - 200 - text/javascript;+charset=UTF-8 92.1460ms
2022-09-20 10:58:33.520 +05:30  INF  Request starting HTTP/2 GET https://localhost:7212/swagger/v1/swagger.json - -
2022-09-20 10:58:33.796 +05:30  INF  Request finished HTTP/2 GET https://localhost:7212/swagger/v1/swagger.json - - - 200 - application/json;charset=utf-8 276.3963ms
2022-09-20 10:58:39.609 +05:30  INF  Request starting HTTP/2 GET https://localhost:7212/api/v1/mapping - -
2022-09-20 10:58:39.628 +05:30  INF  Executing endpoint 'WebApi.Controllers.ProjectsEmployeeMappingController.ViewMappingss (WebApi)'
2022-09-20 10:58:39.649 +05:30  INF  Route matched with {action = "ViewMappingss", controller = "ProjectsEmployeeMapping"}. Executing controller action with signature Microsoft.AspNetCore.Mvc.IActionResult ViewMappingss() on controller WebApi.Controllers.ProjectsEmployeeMappingController (WebApi).
2022-09-20 10:58:40.530 +05:30  INF  Getting all Project Details
2022-09-20 10:58:41.976 +05:30  WRN  No store type was specified for the decimal property 'Salary' on entity type 'Employees'. This will cause values to be silently truncated if they do not fit in the default precision and scale. Explicitly specify the SQL server column type that can accommodate all the values in 'OnModelCreating' using 'HasColumnType', specify precision and scale using 'HasPrecision', or configure a value converter using 'HasConversion'.
2022-09-20 10:58:41.976 +05:30  WRN  No store type was specified for the decimal property 'Score' on entity type 'Employees'. This will cause values to be silently truncated if they do not fit in the default precision and scale. Explicitly specify the SQL server column type that can accommodate all the values in 'OnModelCreating' using 'HasColumnType', specify precision and scale using 'HasPrecision', or configure a value converter using 'HasConversion'.
2022-09-20 10:58:42.325 +05:30  INF  Entity Framework Core 6.0.9 initialized 'EmployeeContext' using provider 'Microsoft.EntityFrameworkCore.SqlServer:6.0.9' with options: MigrationsAssembly=Employee DAL, Version=1.0.0.0, Culture=neutral, PublicKeyToken=null 
2022-09-20 10:58:44.143 +05:30  INF  Executed DbCommand (85ms) [Parameters=[], CommandType='"Text"', CommandTimeout='30']
SELECT [p].[Id], [p].[CreatedOn], [p].[EmployeeId], [p].[ProjectId]
FROM [ProjectsEmployeeMappings] AS [p]
2022-09-20 10:58:44.373 +05:30  INF  Executing OkObjectResult, writing value of type 'WebApi.ApiResult`1[[System.Collections.Generic.List`1[[Employee_BAL.Model.ProjectsEmployeeMappingIdModel, Employee BAL, Version=1.0.0.0, Culture=neutral, PublicKeyToken=null]], System.Private.CoreLib, Version=6.0.0.0, Culture=neutral, PublicKeyToken=7cec85d7bea7798e]]'.
2022-09-20 10:58:44.398 +05:30  INF  Executed action WebApi.Controllers.ProjectsEmployeeMappingController.ViewMappingss (WebApi) in 4729.3104ms
2022-09-20 10:58:44.399 +05:30  INF  Executed endpoint 'WebApi.Controllers.ProjectsEmployeeMappingController.ViewMappingss (WebApi)'
2022-09-20 10:58:44.413 +05:30  INF  Request finished HTTP/2 GET https://localhost:7212/api/v1/mapping - - - 200 - application/json;+charset=utf-8 4803.8834ms
2022-09-20 11:52:40.639 +05:30  WRN  No store type was specified for the decimal property 'Salary' on entity type 'Employees'. This will cause values to be silently truncated if they do not fit in the default precision and scale. Explicitly specify the SQL server column type that can accommodate all the values in 'OnModelCreating' using 'HasColumnType', specify precision and scale using 'HasPrecision', or configure a value converter using 'HasConversion'.
2022-09-20 11:52:40.705 +05:30  WRN  No store type was specified for the decimal property 'Score' on entity type 'Employees'. This will cause values to be silently truncated if they do not fit in the default precision and scale. Explicitly specify the SQL server column type that can accommodate all the values in 'OnModelCreating' using 'HasColumnType', specify precision and scale using 'HasPrecision', or configure a value converter using 'HasConversion'.
2022-09-20 11:52:40.958 +05:30  INF  Entity Framework Core 6.0.9 initialized 'EmployeeContext' using provider 'Microsoft.EntityFrameworkCore.SqlServer:6.0.9' with options: MigrationsAssembly=Employee DAL, Version=1.0.0.0, Culture=neutral, PublicKeyToken=null 
2022-09-20 11:52:41.033 +05:30  WRN  No store type was specified for the decimal property 'Salary' on entity type 'Employees'. This will cause values to be silently truncated if they do not fit in the default precision and scale. Explicitly specify the SQL server column type that can accommodate all the values in 'OnModelCreating' using 'HasColumnType', specify precision and scale using 'HasPrecision', or configure a value converter using 'HasConversion'.
2022-09-20 11:52:41.035 +05:30  WRN  No store type was specified for the decimal property 'Score' on entity type 'Employees'. This will cause values to be silently truncated if they do not fit in the default precision and scale. Explicitly specify the SQL server column type that can accommodate all the values in 'OnModelCreating' using 'HasColumnType', specify precision and scale using 'HasPrecision', or configure a value converter using 'HasConversion'.
2022-09-20 11:52:56.644 +05:30  WRN  No store type was specified for the decimal property 'Salary' on entity type 'Employees'. This will cause values to be silently truncated if they do not fit in the default precision and scale. Explicitly specify the SQL server column type that can accommodate all the values in 'OnModelCreating' using 'HasColumnType', specify precision and scale using 'HasPrecision', or configure a value converter using 'HasConversion'.
2022-09-20 11:52:56.689 +05:30  WRN  No store type was specified for the decimal property 'Score' on entity type 'Employees'. This will cause values to be silently truncated if they do not fit in the default precision and scale. Explicitly specify the SQL server column type that can accommodate all the values in 'OnModelCreating' using 'HasColumnType', specify precision and scale using 'HasPrecision', or configure a value converter using 'HasConversion'.
2022-09-20 11:52:56.902 +05:30  INF  Entity Framework Core 6.0.9 initialized 'EmployeeContext' using provider 'Microsoft.EntityFrameworkCore.SqlServer:6.0.9' with options: MigrationsAssembly=Employee DAL, Version=1.0.0.0, Culture=neutral, PublicKeyToken=null 
2022-09-20 11:52:57.545 +05:30  INF  Executed DbCommand (31ms) [Parameters=[], CommandType='"Text"', CommandTimeout='30']
SELECT 1
2022-09-20 11:52:57.593 +05:30  INF  Executed DbCommand (23ms) [Parameters=[], CommandType='"Text"', CommandTimeout='30']
SELECT OBJECT_ID(N'[__EFMigrationsHistory]');
2022-09-20 11:52:57.598 +05:30  INF  Executed DbCommand (2ms) [Parameters=[], CommandType='"Text"', CommandTimeout='30']
SELECT 1
2022-09-20 11:52:57.599 +05:30  INF  Executed DbCommand (1ms) [Parameters=[], CommandType='"Text"', CommandTimeout='30']
SELECT OBJECT_ID(N'[__EFMigrationsHistory]');
2022-09-20 11:52:57.635 +05:30  INF  Executed DbCommand (4ms) [Parameters=[], CommandType='"Text"', CommandTimeout='30']
SELECT [MigrationId], [ProductVersion]
FROM [__EFMigrationsHistory]
ORDER BY [MigrationId];
2022-09-20 11:52:57.661 +05:30  INF  Applying migration '20220920062241_Users'.
2022-09-20 11:52:57.771 +05:30  INF  Executed DbCommand (17ms) [Parameters=[], CommandType='"Text"', CommandTimeout='30']
CREATE TABLE [Users] (
    [UserName] nvarchar(450) NOT NULL,
    [Password] nvarchar(max) NOT NULL,
    CONSTRAINT [PK_Users] PRIMARY KEY ([UserName])
);
2022-09-20 11:52:57.776 +05:30  INF  Executed DbCommand (4ms) [Parameters=[], CommandType='"Text"', CommandTimeout='30']
INSERT INTO [__EFMigrationsHistory] ([MigrationId], [ProductVersion])
VALUES (N'20220920062241_Users', N'6.0.9');
2022-09-20 15:35:16.011 +05:30  WRN  No store type was specified for the decimal property 'Salary' on entity type 'Employees'. This will cause values to be silently truncated if they do not fit in the default precision and scale. Explicitly specify the SQL server column type that can accommodate all the values in 'OnModelCreating' using 'HasColumnType', specify precision and scale using 'HasPrecision', or configure a value converter using 'HasConversion'.
2022-09-20 15:35:16.069 +05:30  WRN  No store type was specified for the decimal property 'Score' on entity type 'Employees'. This will cause values to be silently truncated if they do not fit in the default precision and scale. Explicitly specify the SQL server column type that can accommodate all the values in 'OnModelCreating' using 'HasColumnType', specify precision and scale using 'HasPrecision', or configure a value converter using 'HasConversion'.
2022-09-20 15:35:16.325 +05:30  INF  Entity Framework Core 6.0.9 initialized 'EmployeeContext' using provider 'Microsoft.EntityFrameworkCore.SqlServer:6.0.9' with options: MigrationsAssembly=Employee DAL, Version=1.0.0.0, Culture=neutral, PublicKeyToken=null 
2022-09-20 15:35:16.370 +05:30  WRN  No store type was specified for the decimal property 'Salary' on entity type 'Employees'. This will cause values to be silently truncated if they do not fit in the default precision and scale. Explicitly specify the SQL server column type that can accommodate all the values in 'OnModelCreating' using 'HasColumnType', specify precision and scale using 'HasPrecision', or configure a value converter using 'HasConversion'.
2022-09-20 15:35:16.372 +05:30  WRN  No store type was specified for the decimal property 'Score' on entity type 'Employees'. This will cause values to be silently truncated if they do not fit in the default precision and scale. Explicitly specify the SQL server column type that can accommodate all the values in 'OnModelCreating' using 'HasColumnType', specify precision and scale using 'HasPrecision', or configure a value converter using 'HasConversion'.
2022-09-20 15:51:02.732 +05:30  WRN  No store type was specified for the decimal property 'Salary' on entity type 'Employees'. This will cause values to be silently truncated if they do not fit in the default precision and scale. Explicitly specify the SQL server column type that can accommodate all the values in 'OnModelCreating' using 'HasColumnType', specify precision and scale using 'HasPrecision', or configure a value converter using 'HasConversion'.
2022-09-20 15:51:02.791 +05:30  WRN  No store type was specified for the decimal property 'Score' on entity type 'Employees'. This will cause values to be silently truncated if they do not fit in the default precision and scale. Explicitly specify the SQL server column type that can accommodate all the values in 'OnModelCreating' using 'HasColumnType', specify precision and scale using 'HasPrecision', or configure a value converter using 'HasConversion'.
2022-09-20 15:51:03.024 +05:30  INF  Entity Framework Core 6.0.9 initialized 'EmployeeContext' using provider 'Microsoft.EntityFrameworkCore.SqlServer:6.0.9' with options: MigrationsAssembly=Employee DAL, Version=1.0.0.0, Culture=neutral, PublicKeyToken=null 
2022-09-20 15:57:56.840 +05:30  WRN  No store type was specified for the decimal property 'Salary' on entity type 'Employees'. This will cause values to be silently truncated if they do not fit in the default precision and scale. Explicitly specify the SQL server column type that can accommodate all the values in 'OnModelCreating' using 'HasColumnType', specify precision and scale using 'HasPrecision', or configure a value converter using 'HasConversion'.
2022-09-20 15:57:56.868 +05:30  WRN  No store type was specified for the decimal property 'Score' on entity type 'Employees'. This will cause values to be silently truncated if they do not fit in the default precision and scale. Explicitly specify the SQL server column type that can accommodate all the values in 'OnModelCreating' using 'HasColumnType', specify precision and scale using 'HasPrecision', or configure a value converter using 'HasConversion'.
2022-09-20 15:57:56.972 +05:30  INF  Entity Framework Core 6.0.9 initialized 'EmployeeContext' using provider 'Microsoft.EntityFrameworkCore.SqlServer:6.0.9' with options: MigrationsAssembly=Employee DAL, Version=1.0.0.0, Culture=neutral, PublicKeyToken=null 
2022-09-20 15:58:08.333 +05:30  WRN  No store type was specified for the decimal property 'Salary' on entity type 'Employees'. This will cause values to be silently truncated if they do not fit in the default precision and scale. Explicitly specify the SQL server column type that can accommodate all the values in 'OnModelCreating' using 'HasColumnType', specify precision and scale using 'HasPrecision', or configure a value converter using 'HasConversion'.
2022-09-20 15:58:08.355 +05:30  WRN  No store type was specified for the decimal property 'Score' on entity type 'Employees'. This will cause values to be silently truncated if they do not fit in the default precision and scale. Explicitly specify the SQL server column type that can accommodate all the values in 'OnModelCreating' using 'HasColumnType', specify precision and scale using 'HasPrecision', or configure a value converter using 'HasConversion'.
2022-09-20 15:58:08.455 +05:30  INF  Entity Framework Core 6.0.9 initialized 'EmployeeContext' using provider 'Microsoft.EntityFrameworkCore.SqlServer:6.0.9' with options: MigrationsAssembly=Employee DAL, Version=1.0.0.0, Culture=neutral, PublicKeyToken=null 
2022-09-20 15:58:08.477 +05:30  WRN  No store type was specified for the decimal property 'Salary' on entity type 'Employees'. This will cause values to be silently truncated if they do not fit in the default precision and scale. Explicitly specify the SQL server column type that can accommodate all the values in 'OnModelCreating' using 'HasColumnType', specify precision and scale using 'HasPrecision', or configure a value converter using 'HasConversion'.
2022-09-20 15:58:08.478 +05:30  WRN  No store type was specified for the decimal property 'Score' on entity type 'Employees'. This will cause values to be silently truncated if they do not fit in the default precision and scale. Explicitly specify the SQL server column type that can accommodate all the values in 'OnModelCreating' using 'HasColumnType', specify precision and scale using 'HasPrecision', or configure a value converter using 'HasConversion'.
2022-09-20 15:58:33.508 +05:30  WRN  No store type was specified for the decimal property 'Salary' on entity type 'Employees'. This will cause values to be silently truncated if they do not fit in the default precision and scale. Explicitly specify the SQL server column type that can accommodate all the values in 'OnModelCreating' using 'HasColumnType', specify precision and scale using 'HasPrecision', or configure a value converter using 'HasConversion'.
2022-09-20 15:58:33.530 +05:30  WRN  No store type was specified for the decimal property 'Score' on entity type 'Employees'. This will cause values to be silently truncated if they do not fit in the default precision and scale. Explicitly specify the SQL server column type that can accommodate all the values in 'OnModelCreating' using 'HasColumnType', specify precision and scale using 'HasPrecision', or configure a value converter using 'HasConversion'.
2022-09-20 15:58:33.630 +05:30  INF  Entity Framework Core 6.0.9 initialized 'EmployeeContext' using provider 'Microsoft.EntityFrameworkCore.SqlServer:6.0.9' with options: MigrationsAssembly=Employee DAL, Version=1.0.0.0, Culture=neutral, PublicKeyToken=null 
2022-09-20 15:58:33.647 +05:30  WRN  No store type was specified for the decimal property 'Salary' on entity type 'Employees'. This will cause values to be silently truncated if they do not fit in the default precision and scale. Explicitly specify the SQL server column type that can accommodate all the values in 'OnModelCreating' using 'HasColumnType', specify precision and scale using 'HasPrecision', or configure a value converter using 'HasConversion'.
2022-09-20 15:58:33.648 +05:30  WRN  No store type was specified for the decimal property 'Score' on entity type 'Employees'. This will cause values to be silently truncated if they do not fit in the default precision and scale. Explicitly specify the SQL server column type that can accommodate all the values in 'OnModelCreating' using 'HasColumnType', specify precision and scale using 'HasPrecision', or configure a value converter using 'HasConversion'.
2022-09-20 15:59:09.818 +05:30  WRN  No store type was specified for the decimal property 'Salary' on entity type 'Employees'. This will cause values to be silently truncated if they do not fit in the default precision and scale. Explicitly specify the SQL server column type that can accommodate all the values in 'OnModelCreating' using 'HasColumnType', specify precision and scale using 'HasPrecision', or configure a value converter using 'HasConversion'.
2022-09-20 15:59:09.839 +05:30  WRN  No store type was specified for the decimal property 'Score' on entity type 'Employees'. This will cause values to be silently truncated if they do not fit in the default precision and scale. Explicitly specify the SQL server column type that can accommodate all the values in 'OnModelCreating' using 'HasColumnType', specify precision and scale using 'HasPrecision', or configure a value converter using 'HasConversion'.
2022-09-20 15:59:09.938 +05:30  INF  Entity Framework Core 6.0.9 initialized 'EmployeeContext' using provider 'Microsoft.EntityFrameworkCore.SqlServer:6.0.9' with options: MigrationsAssembly=Employee DAL, Version=1.0.0.0, Culture=neutral, PublicKeyToken=null 
2022-09-20 15:59:15.768 +05:30  WRN  No store type was specified for the decimal property 'Salary' on entity type 'Employees'. This will cause values to be silently truncated if they do not fit in the default precision and scale. Explicitly specify the SQL server column type that can accommodate all the values in 'OnModelCreating' using 'HasColumnType', specify precision and scale using 'HasPrecision', or configure a value converter using 'HasConversion'.
2022-09-20 15:59:15.790 +05:30  WRN  No store type was specified for the decimal property 'Score' on entity type 'Employees'. This will cause values to be silently truncated if they do not fit in the default precision and scale. Explicitly specify the SQL server column type that can accommodate all the values in 'OnModelCreating' using 'HasColumnType', specify precision and scale using 'HasPrecision', or configure a value converter using 'HasConversion'.
2022-09-20 15:59:15.889 +05:30  INF  Entity Framework Core 6.0.9 initialized 'EmployeeContext' using provider 'Microsoft.EntityFrameworkCore.SqlServer:6.0.9' with options: MigrationsAssembly=Employee DAL, Version=1.0.0.0, Culture=neutral, PublicKeyToken=null 
2022-09-20 15:59:15.907 +05:30  WRN  No store type was specified for the decimal property 'Salary' on entity type 'Employees'. This will cause values to be silently truncated if they do not fit in the default precision and scale. Explicitly specify the SQL server column type that can accommodate all the values in 'OnModelCreating' using 'HasColumnType', specify precision and scale using 'HasPrecision', or configure a value converter using 'HasConversion'.
2022-09-20 15:59:15.907 +05:30  WRN  No store type was specified for the decimal property 'Score' on entity type 'Employees'. This will cause values to be silently truncated if they do not fit in the default precision and scale. Explicitly specify the SQL server column type that can accommodate all the values in 'OnModelCreating' using 'HasColumnType', specify precision and scale using 'HasPrecision', or configure a value converter using 'HasConversion'.
2022-09-20 15:59:39.013 +05:30  WRN  No store type was specified for the decimal property 'Salary' on entity type 'Employees'. This will cause values to be silently truncated if they do not fit in the default precision and scale. Explicitly specify the SQL server column type that can accommodate all the values in 'OnModelCreating' using 'HasColumnType', specify precision and scale using 'HasPrecision', or configure a value converter using 'HasConversion'.
2022-09-20 15:59:39.035 +05:30  WRN  No store type was specified for the decimal property 'Score' on entity type 'Employees'. This will cause values to be silently truncated if they do not fit in the default precision and scale. Explicitly specify the SQL server column type that can accommodate all the values in 'OnModelCreating' using 'HasColumnType', specify precision and scale using 'HasPrecision', or configure a value converter using 'HasConversion'.
2022-09-20 15:59:39.139 +05:30  INF  Entity Framework Core 6.0.9 initialized 'EmployeeContext' using provider 'Microsoft.EntityFrameworkCore.SqlServer:6.0.9' with options: MigrationsAssembly=Employee DAL, Version=1.0.0.0, Culture=neutral, PublicKeyToken=null 
2022-09-20 15:59:39.158 +05:30  WRN  No store type was specified for the decimal property 'Salary' on entity type 'Employees'. This will cause values to be silently truncated if they do not fit in the default precision and scale. Explicitly specify the SQL server column type that can accommodate all the values in 'OnModelCreating' using 'HasColumnType', specify precision and scale using 'HasPrecision', or configure a value converter using 'HasConversion'.
2022-09-20 15:59:39.159 +05:30  WRN  No store type was specified for the decimal property 'Score' on entity type 'Employees'. This will cause values to be silently truncated if they do not fit in the default precision and scale. Explicitly specify the SQL server column type that can accommodate all the values in 'OnModelCreating' using 'HasColumnType', specify precision and scale using 'HasPrecision', or configure a value converter using 'HasConversion'.
2022-09-20 15:59:58.262 +05:30  WRN  No store type was specified for the decimal property 'Salary' on entity type 'Employees'. This will cause values to be silently truncated if they do not fit in the default precision and scale. Explicitly specify the SQL server column type that can accommodate all the values in 'OnModelCreating' using 'HasColumnType', specify precision and scale using 'HasPrecision', or configure a value converter using 'HasConversion'.
2022-09-20 15:59:58.285 +05:30  WRN  No store type was specified for the decimal property 'Score' on entity type 'Employees'. This will cause values to be silently truncated if they do not fit in the default precision and scale. Explicitly specify the SQL server column type that can accommodate all the values in 'OnModelCreating' using 'HasColumnType', specify precision and scale using 'HasPrecision', or configure a value converter using 'HasConversion'.
2022-09-20 15:59:58.393 +05:30  INF  Entity Framework Core 6.0.9 initialized 'EmployeeContext' using provider 'Microsoft.EntityFrameworkCore.SqlServer:6.0.9' with options: MigrationsAssembly=Employee DAL, Version=1.0.0.0, Culture=neutral, PublicKeyToken=null 
2022-09-20 15:59:59.337 +05:30  INF  Executed DbCommand (13ms) [Parameters=[], CommandType='"Text"', CommandTimeout='30']
SELECT 1
2022-09-20 15:59:59.381 +05:30  INF  Executed DbCommand (32ms) [Parameters=[], CommandType='"Text"', CommandTimeout='30']
SELECT OBJECT_ID(N'[__EFMigrationsHistory]');
2022-09-20 15:59:59.383 +05:30  INF  Executed DbCommand (1ms) [Parameters=[], CommandType='"Text"', CommandTimeout='30']
SELECT 1
2022-09-20 15:59:59.384 +05:30  INF  Executed DbCommand (0ms) [Parameters=[], CommandType='"Text"', CommandTimeout='30']
SELECT OBJECT_ID(N'[__EFMigrationsHistory]');
2022-09-20 15:59:59.413 +05:30  INF  Executed DbCommand (13ms) [Parameters=[], CommandType='"Text"', CommandTimeout='30']
SELECT [MigrationId], [ProductVersion]
FROM [__EFMigrationsHistory]
ORDER BY [MigrationId];
2022-09-20 15:59:59.426 +05:30  INF  Applying migration '20220920102939_User'.
2022-09-20 16:00:00.023 +05:30  ERR  Failed executing DbCommand (556ms) [Parameters=[], CommandType='"Text"', CommandTimeout='30']
DECLARE @var0 sysname;
SELECT @var0 = [d].[name]
FROM [sys].[default_constraints] [d]
INNER JOIN [sys].[columns] [c] ON [d].[parent_column_id] = [c].[column_id] AND [d].[parent_object_id] = [c].[object_id]
WHERE ([d].[parent_object_id] = OBJECT_ID(N'[Users]') AND [c].[name] = N'Password');
IF @var0 IS NOT NULL EXEC(N'ALTER TABLE [Users] DROP CONSTRAINT [' + @var0 + '];');
ALTER TABLE [Users] DROP COLUMN [Password];
2022-09-20 16:01:09.363 +05:30  WRN  No store type was specified for the decimal property 'Salary' on entity type 'Employees'. This will cause values to be silently truncated if they do not fit in the default precision and scale. Explicitly specify the SQL server column type that can accommodate all the values in 'OnModelCreating' using 'HasColumnType', specify precision and scale using 'HasPrecision', or configure a value converter using 'HasConversion'.
2022-09-20 16:01:09.385 +05:30  WRN  No store type was specified for the decimal property 'Score' on entity type 'Employees'. This will cause values to be silently truncated if they do not fit in the default precision and scale. Explicitly specify the SQL server column type that can accommodate all the values in 'OnModelCreating' using 'HasColumnType', specify precision and scale using 'HasPrecision', or configure a value converter using 'HasConversion'.
2022-09-20 16:01:09.487 +05:30  INF  Entity Framework Core 6.0.9 initialized 'EmployeeContext' using provider 'Microsoft.EntityFrameworkCore.SqlServer:6.0.9' with options: MigrationsAssembly=Employee DAL, Version=1.0.0.0, Culture=neutral, PublicKeyToken=null 
2022-09-20 16:01:09.504 +05:30  WRN  No store type was specified for the decimal property 'Salary' on entity type 'Employees'. This will cause values to be silently truncated if they do not fit in the default precision and scale. Explicitly specify the SQL server column type that can accommodate all the values in 'OnModelCreating' using 'HasColumnType', specify precision and scale using 'HasPrecision', or configure a value converter using 'HasConversion'.
2022-09-20 16:01:09.505 +05:30  WRN  No store type was specified for the decimal property 'Score' on entity type 'Employees'. This will cause values to be silently truncated if they do not fit in the default precision and scale. Explicitly specify the SQL server column type that can accommodate all the values in 'OnModelCreating' using 'HasColumnType', specify precision and scale using 'HasPrecision', or configure a value converter using 'HasConversion'.
2022-09-20 16:01:22.368 +05:30  WRN  No store type was specified for the decimal property 'Salary' on entity type 'Employees'. This will cause values to be silently truncated if they do not fit in the default precision and scale. Explicitly specify the SQL server column type that can accommodate all the values in 'OnModelCreating' using 'HasColumnType', specify precision and scale using 'HasPrecision', or configure a value converter using 'HasConversion'.
2022-09-20 16:01:22.390 +05:30  WRN  No store type was specified for the decimal property 'Score' on entity type 'Employees'. This will cause values to be silently truncated if they do not fit in the default precision and scale. Explicitly specify the SQL server column type that can accommodate all the values in 'OnModelCreating' using 'HasColumnType', specify precision and scale using 'HasPrecision', or configure a value converter using 'HasConversion'.
2022-09-20 16:01:22.493 +05:30  INF  Entity Framework Core 6.0.9 initialized 'EmployeeContext' using provider 'Microsoft.EntityFrameworkCore.SqlServer:6.0.9' with options: MigrationsAssembly=Employee DAL, Version=1.0.0.0, Culture=neutral, PublicKeyToken=null 
2022-09-20 16:01:22.778 +05:30  INF  Executed DbCommand (13ms) [Parameters=[], CommandType='"Text"', CommandTimeout='30']
SELECT 1
2022-09-20 16:01:22.799 +05:30  INF  Executed DbCommand (10ms) [Parameters=[], CommandType='"Text"', CommandTimeout='30']
SELECT OBJECT_ID(N'[__EFMigrationsHistory]');
2022-09-20 16:01:22.802 +05:30  INF  Executed DbCommand (1ms) [Parameters=[], CommandType='"Text"', CommandTimeout='30']
SELECT 1
2022-09-20 16:01:22.803 +05:30  INF  Executed DbCommand (0ms) [Parameters=[], CommandType='"Text"', CommandTimeout='30']
SELECT OBJECT_ID(N'[__EFMigrationsHistory]');
2022-09-20 16:01:22.820 +05:30  INF  Executed DbCommand (2ms) [Parameters=[], CommandType='"Text"', CommandTimeout='30']
SELECT [MigrationId], [ProductVersion]
FROM [__EFMigrationsHistory]
ORDER BY [MigrationId];
2022-09-20 16:01:22.833 +05:30  INF  Applying migration '20220920102939_User'.
2022-09-20 16:01:22.892 +05:30  ERR  Failed executing DbCommand (21ms) [Parameters=[], CommandType='"Text"', CommandTimeout='30']
DECLARE @var0 sysname;
SELECT @var0 = [d].[name]
FROM [sys].[default_constraints] [d]
INNER JOIN [sys].[columns] [c] ON [d].[parent_column_id] = [c].[column_id] AND [d].[parent_object_id] = [c].[object_id]
WHERE ([d].[parent_object_id] = OBJECT_ID(N'[Users]') AND [c].[name] = N'Password');
IF @var0 IS NOT NULL EXEC(N'ALTER TABLE [Users] DROP CONSTRAINT [' + @var0 + '];');
ALTER TABLE [Users] DROP COLUMN [Password];
2022-09-20 16:02:20.237 +05:30  WRN  No store type was specified for the decimal property 'Salary' on entity type 'Employees'. This will cause values to be silently truncated if they do not fit in the default precision and scale. Explicitly specify the SQL server column type that can accommodate all the values in 'OnModelCreating' using 'HasColumnType', specify precision and scale using 'HasPrecision', or configure a value converter using 'HasConversion'.
2022-09-20 16:02:20.260 +05:30  WRN  No store type was specified for the decimal property 'Score' on entity type 'Employees'. This will cause values to be silently truncated if they do not fit in the default precision and scale. Explicitly specify the SQL server column type that can accommodate all the values in 'OnModelCreating' using 'HasColumnType', specify precision and scale using 'HasPrecision', or configure a value converter using 'HasConversion'.
2022-09-20 16:02:20.371 +05:30  INF  Entity Framework Core 6.0.9 initialized 'EmployeeContext' using provider 'Microsoft.EntityFrameworkCore.SqlServer:6.0.9' with options: MigrationsAssembly=Employee DAL, Version=1.0.0.0, Culture=neutral, PublicKeyToken=null 
2022-09-20 16:02:20.390 +05:30  WRN  No store type was specified for the decimal property 'Salary' on entity type 'Employees'. This will cause values to be silently truncated if they do not fit in the default precision and scale. Explicitly specify the SQL server column type that can accommodate all the values in 'OnModelCreating' using 'HasColumnType', specify precision and scale using 'HasPrecision', or configure a value converter using 'HasConversion'.
2022-09-20 16:02:20.391 +05:30  WRN  No store type was specified for the decimal property 'Score' on entity type 'Employees'. This will cause values to be silently truncated if they do not fit in the default precision and scale. Explicitly specify the SQL server column type that can accommodate all the values in 'OnModelCreating' using 'HasColumnType', specify precision and scale using 'HasPrecision', or configure a value converter using 'HasConversion'.
2022-09-20 16:02:27.199 +05:30  WRN  No store type was specified for the decimal property 'Salary' on entity type 'Employees'. This will cause values to be silently truncated if they do not fit in the default precision and scale. Explicitly specify the SQL server column type that can accommodate all the values in 'OnModelCreating' using 'HasColumnType', specify precision and scale using 'HasPrecision', or configure a value converter using 'HasConversion'.
2022-09-20 16:02:27.221 +05:30  WRN  No store type was specified for the decimal property 'Score' on entity type 'Employees'. This will cause values to be silently truncated if they do not fit in the default precision and scale. Explicitly specify the SQL server column type that can accommodate all the values in 'OnModelCreating' using 'HasColumnType', specify precision and scale using 'HasPrecision', or configure a value converter using 'HasConversion'.
2022-09-20 16:02:27.322 +05:30  INF  Entity Framework Core 6.0.9 initialized 'EmployeeContext' using provider 'Microsoft.EntityFrameworkCore.SqlServer:6.0.9' with options: MigrationsAssembly=Employee DAL, Version=1.0.0.0, Culture=neutral, PublicKeyToken=null 
2022-09-20 16:02:27.819 +05:30  INF  Executed DbCommand (13ms) [Parameters=[], CommandType='"Text"', CommandTimeout='30']
SELECT 1
2022-09-20 16:02:27.840 +05:30  INF  Executed DbCommand (10ms) [Parameters=[], CommandType='"Text"', CommandTimeout='30']
SELECT OBJECT_ID(N'[__EFMigrationsHistory]');
2022-09-20 16:02:27.843 +05:30  INF  Executed DbCommand (1ms) [Parameters=[], CommandType='"Text"', CommandTimeout='30']
SELECT 1
2022-09-20 16:02:27.844 +05:30  INF  Executed DbCommand (0ms) [Parameters=[], CommandType='"Text"', CommandTimeout='30']
SELECT OBJECT_ID(N'[__EFMigrationsHistory]');
2022-09-20 16:02:27.861 +05:30  INF  Executed DbCommand (2ms) [Parameters=[], CommandType='"Text"', CommandTimeout='30']
SELECT [MigrationId], [ProductVersion]
FROM [__EFMigrationsHistory]
ORDER BY [MigrationId];
2022-09-20 16:02:27.874 +05:30  INF  Applying migration '20220920102939_User'.
2022-09-20 16:02:27.933 +05:30  ERR  Failed executing DbCommand (22ms) [Parameters=[], CommandType='"Text"', CommandTimeout='30']
DECLARE @var0 sysname;
SELECT @var0 = [d].[name]
FROM [sys].[default_constraints] [d]
INNER JOIN [sys].[columns] [c] ON [d].[parent_column_id] = [c].[column_id] AND [d].[parent_object_id] = [c].[object_id]
WHERE ([d].[parent_object_id] = OBJECT_ID(N'[Users]') AND [c].[name] = N'Password');
IF @var0 IS NOT NULL EXEC(N'ALTER TABLE [Users] DROP CONSTRAINT [' + @var0 + '];');
ALTER TABLE [Users] DROP COLUMN [Password];
2022-09-20 16:07:49.157 +05:30  WRN  No store type was specified for the decimal property 'Salary' on entity type 'Employees'. This will cause values to be silently truncated if they do not fit in the default precision and scale. Explicitly specify the SQL server column type that can accommodate all the values in 'OnModelCreating' using 'HasColumnType', specify precision and scale using 'HasPrecision', or configure a value converter using 'HasConversion'.
2022-09-20 16:07:49.179 +05:30  WRN  No store type was specified for the decimal property 'Score' on entity type 'Employees'. This will cause values to be silently truncated if they do not fit in the default precision and scale. Explicitly specify the SQL server column type that can accommodate all the values in 'OnModelCreating' using 'HasColumnType', specify precision and scale using 'HasPrecision', or configure a value converter using 'HasConversion'.
2022-09-20 16:07:49.280 +05:30  INF  Entity Framework Core 6.0.9 initialized 'EmployeeContext' using provider 'Microsoft.EntityFrameworkCore.SqlServer:6.0.9' with options: MigrationsAssembly=Employee DAL, Version=1.0.0.0, Culture=neutral, PublicKeyToken=null 
2022-09-20 16:07:49.297 +05:30  WRN  No store type was specified for the decimal property 'Salary' on entity type 'Employees'. This will cause values to be silently truncated if they do not fit in the default precision and scale. Explicitly specify the SQL server column type that can accommodate all the values in 'OnModelCreating' using 'HasColumnType', specify precision and scale using 'HasPrecision', or configure a value converter using 'HasConversion'.
2022-09-20 16:07:49.298 +05:30  WRN  No store type was specified for the decimal property 'Score' on entity type 'Employees'. This will cause values to be silently truncated if they do not fit in the default precision and scale. Explicitly specify the SQL server column type that can accommodate all the values in 'OnModelCreating' using 'HasColumnType', specify precision and scale using 'HasPrecision', or configure a value converter using 'HasConversion'.
2022-09-20 16:07:59.892 +05:30  WRN  No store type was specified for the decimal property 'Salary' on entity type 'Employees'. This will cause values to be silently truncated if they do not fit in the default precision and scale. Explicitly specify the SQL server column type that can accommodate all the values in 'OnModelCreating' using 'HasColumnType', specify precision and scale using 'HasPrecision', or configure a value converter using 'HasConversion'.
2022-09-20 16:07:59.913 +05:30  WRN  No store type was specified for the decimal property 'Score' on entity type 'Employees'. This will cause values to be silently truncated if they do not fit in the default precision and scale. Explicitly specify the SQL server column type that can accommodate all the values in 'OnModelCreating' using 'HasColumnType', specify precision and scale using 'HasPrecision', or configure a value converter using 'HasConversion'.
2022-09-20 16:08:00.015 +05:30  INF  Entity Framework Core 6.0.9 initialized 'EmployeeContext' using provider 'Microsoft.EntityFrameworkCore.SqlServer:6.0.9' with options: MigrationsAssembly=Employee DAL, Version=1.0.0.0, Culture=neutral, PublicKeyToken=null 
2022-09-20 16:08:00.896 +05:30  INF  Executed DbCommand (12ms) [Parameters=[], CommandType='"Text"', CommandTimeout='30']
SELECT 1
2022-09-20 16:08:00.943 +05:30  INF  Executed DbCommand (35ms) [Parameters=[], CommandType='"Text"', CommandTimeout='30']
SELECT OBJECT_ID(N'[__EFMigrationsHistory]');
2022-09-20 16:08:00.946 +05:30  INF  Executed DbCommand (1ms) [Parameters=[], CommandType='"Text"', CommandTimeout='30']
SELECT 1
2022-09-20 16:08:00.946 +05:30  INF  Executed DbCommand (0ms) [Parameters=[], CommandType='"Text"', CommandTimeout='30']
SELECT OBJECT_ID(N'[__EFMigrationsHistory]');
2022-09-20 16:08:00.984 +05:30  INF  Executed DbCommand (23ms) [Parameters=[], CommandType='"Text"', CommandTimeout='30']
SELECT [MigrationId], [ProductVersion]
FROM [__EFMigrationsHistory]
ORDER BY [MigrationId];
2022-09-20 16:08:00.998 +05:30  INF  Applying migration '20220920102939_User'.
2022-09-20 16:08:01.404 +05:30  ERR  Failed executing DbCommand (369ms) [Parameters=[], CommandType='"Text"', CommandTimeout='30']
DECLARE @var0 sysname;
SELECT @var0 = [d].[name]
FROM [sys].[default_constraints] [d]
INNER JOIN [sys].[columns] [c] ON [d].[parent_column_id] = [c].[column_id] AND [d].[parent_object_id] = [c].[object_id]
WHERE ([d].[parent_object_id] = OBJECT_ID(N'[Users]') AND [c].[name] = N'Password');
IF @var0 IS NOT NULL EXEC(N'ALTER TABLE [Users] DROP CONSTRAINT [' + @var0 + '];');
ALTER TABLE [Users] DROP COLUMN [Password];
2022-09-20 16:23:41.711 +05:30  WRN  No store type was specified for the decimal property 'Salary' on entity type 'Employees'. This will cause values to be silently truncated if they do not fit in the default precision and scale. Explicitly specify the SQL server column type that can accommodate all the values in 'OnModelCreating' using 'HasColumnType', specify precision and scale using 'HasPrecision', or configure a value converter using 'HasConversion'.
2022-09-20 16:23:41.746 +05:30  WRN  No store type was specified for the decimal property 'Score' on entity type 'Employees'. This will cause values to be silently truncated if they do not fit in the default precision and scale. Explicitly specify the SQL server column type that can accommodate all the values in 'OnModelCreating' using 'HasColumnType', specify precision and scale using 'HasPrecision', or configure a value converter using 'HasConversion'.
2022-09-20 16:23:41.850 +05:30  INF  Entity Framework Core 6.0.9 initialized 'EmployeeContext' using provider 'Microsoft.EntityFrameworkCore.SqlServer:6.0.9' with options: MigrationsAssembly=Employee DAL, Version=1.0.0.0, Culture=neutral, PublicKeyToken=null 
2022-09-20 16:23:41.872 +05:30  WRN  No store type was specified for the decimal property 'Salary' on entity type 'Employees'. This will cause values to be silently truncated if they do not fit in the default precision and scale. Explicitly specify the SQL server column type that can accommodate all the values in 'OnModelCreating' using 'HasColumnType', specify precision and scale using 'HasPrecision', or configure a value converter using 'HasConversion'.
2022-09-20 16:23:41.872 +05:30  WRN  No store type was specified for the decimal property 'Score' on entity type 'Employees'. This will cause values to be silently truncated if they do not fit in the default precision and scale. Explicitly specify the SQL server column type that can accommodate all the values in 'OnModelCreating' using 'HasColumnType', specify precision and scale using 'HasPrecision', or configure a value converter using 'HasConversion'.
2022-09-20 16:23:50.909 +05:30  WRN  No store type was specified for the decimal property 'Salary' on entity type 'Employees'. This will cause values to be silently truncated if they do not fit in the default precision and scale. Explicitly specify the SQL server column type that can accommodate all the values in 'OnModelCreating' using 'HasColumnType', specify precision and scale using 'HasPrecision', or configure a value converter using 'HasConversion'.
2022-09-20 16:23:50.932 +05:30  WRN  No store type was specified for the decimal property 'Score' on entity type 'Employees'. This will cause values to be silently truncated if they do not fit in the default precision and scale. Explicitly specify the SQL server column type that can accommodate all the values in 'OnModelCreating' using 'HasColumnType', specify precision and scale using 'HasPrecision', or configure a value converter using 'HasConversion'.
2022-09-20 16:23:51.037 +05:30  INF  Entity Framework Core 6.0.9 initialized 'EmployeeContext' using provider 'Microsoft.EntityFrameworkCore.SqlServer:6.0.9' with options: MigrationsAssembly=Employee DAL, Version=1.0.0.0, Culture=neutral, PublicKeyToken=null 
2022-09-20 16:23:52.016 +05:30  INF  Executed DbCommand (13ms) [Parameters=[], CommandType='"Text"', CommandTimeout='30']
SELECT 1
2022-09-20 16:23:52.061 +05:30  INF  Executed DbCommand (33ms) [Parameters=[], CommandType='"Text"', CommandTimeout='30']
SELECT OBJECT_ID(N'[__EFMigrationsHistory]');
2022-09-20 16:23:52.064 +05:30  INF  Executed DbCommand (1ms) [Parameters=[], CommandType='"Text"', CommandTimeout='30']
SELECT 1
2022-09-20 16:23:52.065 +05:30  INF  Executed DbCommand (0ms) [Parameters=[], CommandType='"Text"', CommandTimeout='30']
SELECT OBJECT_ID(N'[__EFMigrationsHistory]');
2022-09-20 16:23:52.095 +05:30  INF  Executed DbCommand (12ms) [Parameters=[], CommandType='"Text"', CommandTimeout='30']
SELECT [MigrationId], [ProductVersion]
FROM [__EFMigrationsHistory]
ORDER BY [MigrationId];
2022-09-20 16:23:52.108 +05:30  INF  Applying migration '20220920105341_Init'.
2022-09-20 16:23:52.223 +05:30  ERR  Failed executing DbCommand (62ms) [Parameters=[], CommandType='"Text"', CommandTimeout='30']
CREATE TABLE [Department] (
    [Id] int NOT NULL IDENTITY,
    [Name] VARCHAR(250) NOT NULL,
    [Description] VARCHAR(250) NULL,
    [CreatedOn] datetime2 NULL,
    [UpdatedOn] datetime2 NULL,
    [DeletedOn] datetime2 NULL,
    CONSTRAINT [PK_Department] PRIMARY KEY ([Id])
);
2022-09-20 16:24:24.450 +05:30  WRN  No store type was specified for the decimal property 'Salary' on entity type 'Employees'. This will cause values to be silently truncated if they do not fit in the default precision and scale. Explicitly specify the SQL server column type that can accommodate all the values in 'OnModelCreating' using 'HasColumnType', specify precision and scale using 'HasPrecision', or configure a value converter using 'HasConversion'.
2022-09-20 16:24:24.482 +05:30  WRN  No store type was specified for the decimal property 'Score' on entity type 'Employees'. This will cause values to be silently truncated if they do not fit in the default precision and scale. Explicitly specify the SQL server column type that can accommodate all the values in 'OnModelCreating' using 'HasColumnType', specify precision and scale using 'HasPrecision', or configure a value converter using 'HasConversion'.
2022-09-20 16:24:24.612 +05:30  INF  Entity Framework Core 6.0.9 initialized 'EmployeeContext' using provider 'Microsoft.EntityFrameworkCore.SqlServer:6.0.9' with options: MigrationsAssembly=Employee DAL, Version=1.0.0.0, Culture=neutral, PublicKeyToken=null 
2022-09-20 16:24:24.848 +05:30  WRN  No store type was specified for the decimal property 'Salary' on entity type 'Employees'. This will cause values to be silently truncated if they do not fit in the default precision and scale. Explicitly specify the SQL server column type that can accommodate all the values in 'OnModelCreating' using 'HasColumnType', specify precision and scale using 'HasPrecision', or configure a value converter using 'HasConversion'.
2022-09-20 16:24:24.849 +05:30  WRN  No store type was specified for the decimal property 'Score' on entity type 'Employees'. This will cause values to be silently truncated if they do not fit in the default precision and scale. Explicitly specify the SQL server column type that can accommodate all the values in 'OnModelCreating' using 'HasColumnType', specify precision and scale using 'HasPrecision', or configure a value converter using 'HasConversion'.
2022-09-20 16:24:25.236 +05:30  INF  Executed DbCommand (341ms) [Parameters=[], CommandType='"Text"', CommandTimeout='60']
CREATE DATABASE [Employee Management Api];
2022-09-20 16:24:25.304 +05:30  INF  Executed DbCommand (65ms) [Parameters=[], CommandType='"Text"', CommandTimeout='60']
IF SERVERPROPERTY('EngineEdition') <> 5
BEGIN
    ALTER DATABASE [Employee Management Api] SET READ_COMMITTED_SNAPSHOT ON;
END;
2022-09-20 16:24:25.316 +05:30  INF  Executed DbCommand (4ms) [Parameters=[], CommandType='"Text"', CommandTimeout='30']
SELECT 1
2022-09-20 16:24:25.402 +05:30  INF  Executed DbCommand (7ms) [Parameters=[], CommandType='"Text"', CommandTimeout='30']
CREATE TABLE [__EFMigrationsHistory] (
    [MigrationId] nvarchar(150) NOT NULL,
    [ProductVersion] nvarchar(32) NOT NULL,
    CONSTRAINT [PK___EFMigrationsHistory] PRIMARY KEY ([MigrationId])
);
2022-09-20 16:24:25.404 +05:30  INF  Executed DbCommand (0ms) [Parameters=[], CommandType='"Text"', CommandTimeout='30']
SELECT 1
2022-09-20 16:24:25.424 +05:30  INF  Executed DbCommand (14ms) [Parameters=[], CommandType='"Text"', CommandTimeout='30']
SELECT OBJECT_ID(N'[__EFMigrationsHistory]');
2022-09-20 16:24:25.431 +05:30  INF  Executed DbCommand (4ms) [Parameters=[], CommandType='"Text"', CommandTimeout='30']
SELECT [MigrationId], [ProductVersion]
FROM [__EFMigrationsHistory]
ORDER BY [MigrationId];
2022-09-20 16:24:25.443 +05:30  INF  Applying migration '20220920105341_Init'.
2022-09-20 16:24:25.484 +05:30  INF  Executed DbCommand (3ms) [Parameters=[], CommandType='"Text"', CommandTimeout='30']
CREATE TABLE [Department] (
    [Id] int NOT NULL IDENTITY,
    [Name] VARCHAR(250) NOT NULL,
    [Description] VARCHAR(250) NULL,
    [CreatedOn] datetime2 NULL,
    [UpdatedOn] datetime2 NULL,
    [DeletedOn] datetime2 NULL,
    CONSTRAINT [PK_Department] PRIMARY KEY ([Id])
);
2022-09-20 16:24:25.486 +05:30  INF  Executed DbCommand (2ms) [Parameters=[], CommandType='"Text"', CommandTimeout='30']
CREATE TABLE [Project] (
    [Id] int NOT NULL IDENTITY,
    [CreatedOn] datetime2 NULL,
    [UpdatedOn] datetime2 NULL,
    [DeletedOn] datetime2 NULL,
    [Name] VARCHAR(250) NOT NULL,
    [Description] VARCHAR(250) NULL,
    [StartDate] datetime2 NULL,
    [EndDate] datetime2 NULL,
    CONSTRAINT [PK_Project] PRIMARY KEY ([Id])
);
2022-09-20 16:24:25.489 +05:30  INF  Executed DbCommand (3ms) [Parameters=[], CommandType='"Text"', CommandTimeout='30']
CREATE TABLE [Users] (
    [UserName] VARCHAR(250) NOT NULL,
    [PasswordHash] VARCHAR(250) NOT NULL,
    [PasswordSalt] VARCHAR(250) NOT NULL,
    CONSTRAINT [PK_Users] PRIMARY KEY ([UserName])
);
2022-09-20 16:24:25.492 +05:30  INF  Executed DbCommand (3ms) [Parameters=[], CommandType='"Text"', CommandTimeout='30']
CREATE TABLE [Employee] (
    [Id] int NOT NULL IDENTITY,
    [CreatedOn] datetime2 NULL,
    [UpdatedOn] datetime2 NULL,
    [DeletedOn] datetime2 NULL,
    [Name] VARCHAR(250) NOT NULL,
    [Email] VARCHAR(250) NULL,
    [PhoneNo] VARCHAR(15) NULL,
    [Address] VARCHAR(250) NULL,
    [Gender] int NOT NULL,
    [DOB] datetime2 NULL,
    [Score] decimal(18,2) NOT NULL,
    [Salary] decimal(18,2) NULL,
    [DepartmentId] int NOT NULL,
    CONSTRAINT [PK_Employee] PRIMARY KEY ([Id]),
    CONSTRAINT [FK_Employee_Department_DepartmentId] FOREIGN KEY ([DepartmentId]) REFERENCES [Department] ([Id]) ON DELETE CASCADE
);
2022-09-20 16:24:25.495 +05:30  INF  Executed DbCommand (2ms) [Parameters=[], CommandType='"Text"', CommandTimeout='30']
CREATE TABLE [ProjectsEmployeeMappings] (
    [Id] int NOT NULL IDENTITY,
    [CreatedOn] datetime2 NULL,
    [EmployeeId] int NOT NULL,
    [ProjectId] int NOT NULL,
    CONSTRAINT [PK_ProjectsEmployeeMappings] PRIMARY KEY ([Id]),
    CONSTRAINT [FK_ProjectsEmployeeMappings_Employee_EmployeeId] FOREIGN KEY ([EmployeeId]) REFERENCES [Employee] ([Id]) ON DELETE CASCADE,
    CONSTRAINT [FK_ProjectsEmployeeMappings_Project_ProjectId] FOREIGN KEY ([ProjectId]) REFERENCES [Project] ([Id]) ON DELETE CASCADE
);
2022-09-20 16:24:25.498 +05:30  INF  Executed DbCommand (3ms) [Parameters=[], CommandType='"Text"', CommandTimeout='30']
CREATE INDEX [IX_Employee_DepartmentId] ON [Employee] ([DepartmentId]);
2022-09-20 16:24:25.499 +05:30  INF  Executed DbCommand (1ms) [Parameters=[], CommandType='"Text"', CommandTimeout='30']
CREATE INDEX [IX_ProjectsEmployeeMappings_EmployeeId] ON [ProjectsEmployeeMappings] ([EmployeeId]);
2022-09-20 16:24:25.501 +05:30  INF  Executed DbCommand (1ms) [Parameters=[], CommandType='"Text"', CommandTimeout='30']
CREATE INDEX [IX_ProjectsEmployeeMappings_ProjectId] ON [ProjectsEmployeeMappings] ([ProjectId]);
2022-09-20 16:24:25.524 +05:30  INF  Executed DbCommand (23ms) [Parameters=[], CommandType='"Text"', CommandTimeout='30']
INSERT INTO [__EFMigrationsHistory] ([MigrationId], [ProductVersion])
VALUES (N'20220920105341_Init', N'6.0.9');
2022-09-20 18:53:43.724 +05:30  WRN  No store type was specified for the decimal property 'Salary' on entity type 'Employees'. This will cause values to be silently truncated if they do not fit in the default precision and scale. Explicitly specify the SQL server column type that can accommodate all the values in 'OnModelCreating' using 'HasColumnType', specify precision and scale using 'HasPrecision', or configure a value converter using 'HasConversion'.
2022-09-20 18:53:43.781 +05:30  WRN  No store type was specified for the decimal property 'Score' on entity type 'Employees'. This will cause values to be silently truncated if they do not fit in the default precision and scale. Explicitly specify the SQL server column type that can accommodate all the values in 'OnModelCreating' using 'HasColumnType', specify precision and scale using 'HasPrecision', or configure a value converter using 'HasConversion'.
2022-09-20 18:53:44.002 +05:30  INF  Entity Framework Core 6.0.9 initialized 'EmployeeContext' using provider 'Microsoft.EntityFrameworkCore.SqlServer:6.0.9' with options: MigrationsAssembly=Employee DAL, Version=1.0.0.0, Culture=neutral, PublicKeyToken=null 
2022-09-20 18:53:44.044 +05:30  WRN  No store type was specified for the decimal property 'Salary' on entity type 'Employees'. This will cause values to be silently truncated if they do not fit in the default precision and scale. Explicitly specify the SQL server column type that can accommodate all the values in 'OnModelCreating' using 'HasColumnType', specify precision and scale using 'HasPrecision', or configure a value converter using 'HasConversion'.
2022-09-20 18:53:44.046 +05:30  WRN  No store type was specified for the decimal property 'Score' on entity type 'Employees'. This will cause values to be silently truncated if they do not fit in the default precision and scale. Explicitly specify the SQL server column type that can accommodate all the values in 'OnModelCreating' using 'HasColumnType', specify precision and scale using 'HasPrecision', or configure a value converter using 'HasConversion'.
2022-09-20 18:53:57.025 +05:30  WRN  No store type was specified for the decimal property 'Salary' on entity type 'Employees'. This will cause values to be silently truncated if they do not fit in the default precision and scale. Explicitly specify the SQL server column type that can accommodate all the values in 'OnModelCreating' using 'HasColumnType', specify precision and scale using 'HasPrecision', or configure a value converter using 'HasConversion'.
2022-09-20 18:53:57.071 +05:30  WRN  No store type was specified for the decimal property 'Score' on entity type 'Employees'. This will cause values to be silently truncated if they do not fit in the default precision and scale. Explicitly specify the SQL server column type that can accommodate all the values in 'OnModelCreating' using 'HasColumnType', specify precision and scale using 'HasPrecision', or configure a value converter using 'HasConversion'.
2022-09-20 18:53:57.303 +05:30  INF  Entity Framework Core 6.0.9 initialized 'EmployeeContext' using provider 'Microsoft.EntityFrameworkCore.SqlServer:6.0.9' with options: MigrationsAssembly=Employee DAL, Version=1.0.0.0, Culture=neutral, PublicKeyToken=null 
2022-09-20 18:53:58.716 +05:30  INF  Executed DbCommand (37ms) [Parameters=[], CommandType='"Text"', CommandTimeout='30']
SELECT 1
2022-09-20 18:53:58.800 +05:30  INF  Executed DbCommand (54ms) [Parameters=[], CommandType='"Text"', CommandTimeout='30']
SELECT OBJECT_ID(N'[__EFMigrationsHistory]');
2022-09-20 18:53:58.808 +05:30  INF  Executed DbCommand (2ms) [Parameters=[], CommandType='"Text"', CommandTimeout='30']
SELECT 1
2022-09-20 18:53:58.809 +05:30  INF  Executed DbCommand (1ms) [Parameters=[], CommandType='"Text"', CommandTimeout='30']
SELECT OBJECT_ID(N'[__EFMigrationsHistory]');
2022-09-20 18:53:58.879 +05:30  INF  Executed DbCommand (31ms) [Parameters=[], CommandType='"Text"', CommandTimeout='30']
SELECT [MigrationId], [ProductVersion]
FROM [__EFMigrationsHistory]
ORDER BY [MigrationId];
2022-09-20 18:53:58.905 +05:30  INF  Applying migration '20220920132344_Users'.
2022-09-20 18:54:00.022 +05:30  INF  Executed DbCommand (1,036ms) [Parameters=[], CommandType='"Text"', CommandTimeout='30']
DECLARE @var0 sysname;
SELECT @var0 = [d].[name]
FROM [sys].[default_constraints] [d]
INNER JOIN [sys].[columns] [c] ON [d].[parent_column_id] = [c].[column_id] AND [d].[parent_object_id] = [c].[object_id]
WHERE ([d].[parent_object_id] = OBJECT_ID(N'[Users]') AND [c].[name] = N'PasswordHash');
IF @var0 IS NOT NULL EXEC(N'ALTER TABLE [Users] DROP CONSTRAINT [' + @var0 + '];');
ALTER TABLE [Users] DROP COLUMN [PasswordHash];
2022-09-20 18:54:01.870 +05:30  INF  Executed DbCommand (1,847ms) [Parameters=[], CommandType='"Text"', CommandTimeout='30']
EXEC sp_rename N'[Users].[PasswordSalt]', N'Password', N'COLUMN';
2022-09-20 18:54:01.874 +05:30  INF  Executed DbCommand (4ms) [Parameters=[], CommandType='"Text"', CommandTimeout='30']
INSERT INTO [__EFMigrationsHistory] ([MigrationId], [ProductVersion])
VALUES (N'20220920132344_Users', N'6.0.9');
2022-09-20 19:54:42.872 +05:30  WRN  No store type was specified for the decimal property 'Salary' on entity type 'Employees'. This will cause values to be silently truncated if they do not fit in the default precision and scale. Explicitly specify the SQL server column type that can accommodate all the values in 'OnModelCreating' using 'HasColumnType', specify precision and scale using 'HasPrecision', or configure a value converter using 'HasConversion'.
2022-09-20 19:54:42.935 +05:30  WRN  No store type was specified for the decimal property 'Score' on entity type 'Employees'. This will cause values to be silently truncated if they do not fit in the default precision and scale. Explicitly specify the SQL server column type that can accommodate all the values in 'OnModelCreating' using 'HasColumnType', specify precision and scale using 'HasPrecision', or configure a value converter using 'HasConversion'.
2022-09-20 19:54:43.168 +05:30  INF  Entity Framework Core 6.0.9 initialized 'EmployeeContext' using provider 'Microsoft.EntityFrameworkCore.SqlServer:6.0.9' with options: MigrationsAssembly=Employee DAL, Version=1.0.0.0, Culture=neutral, PublicKeyToken=null 
2022-09-20 19:54:43.209 +05:30  WRN  No store type was specified for the decimal property 'Salary' on entity type 'Employees'. This will cause values to be silently truncated if they do not fit in the default precision and scale. Explicitly specify the SQL server column type that can accommodate all the values in 'OnModelCreating' using 'HasColumnType', specify precision and scale using 'HasPrecision', or configure a value converter using 'HasConversion'.
2022-09-20 19:54:43.211 +05:30  WRN  No store type was specified for the decimal property 'Score' on entity type 'Employees'. This will cause values to be silently truncated if they do not fit in the default precision and scale. Explicitly specify the SQL server column type that can accommodate all the values in 'OnModelCreating' using 'HasColumnType', specify precision and scale using 'HasPrecision', or configure a value converter using 'HasConversion'.
2022-09-20 19:54:55.263 +05:30  WRN  No store type was specified for the decimal property 'Salary' on entity type 'Employees'. This will cause values to be silently truncated if they do not fit in the default precision and scale. Explicitly specify the SQL server column type that can accommodate all the values in 'OnModelCreating' using 'HasColumnType', specify precision and scale using 'HasPrecision', or configure a value converter using 'HasConversion'.
2022-09-20 19:54:55.310 +05:30  WRN  No store type was specified for the decimal property 'Score' on entity type 'Employees'. This will cause values to be silently truncated if they do not fit in the default precision and scale. Explicitly specify the SQL server column type that can accommodate all the values in 'OnModelCreating' using 'HasColumnType', specify precision and scale using 'HasPrecision', or configure a value converter using 'HasConversion'.
2022-09-20 19:54:55.529 +05:30  INF  Entity Framework Core 6.0.9 initialized 'EmployeeContext' using provider 'Microsoft.EntityFrameworkCore.SqlServer:6.0.9' with options: MigrationsAssembly=Employee DAL, Version=1.0.0.0, Culture=neutral, PublicKeyToken=null 
2022-09-20 19:54:56.958 +05:30  INF  Executed DbCommand (33ms) [Parameters=[], CommandType='"Text"', CommandTimeout='30']
SELECT 1
2022-09-20 19:54:57.037 +05:30  INF  Executed DbCommand (53ms) [Parameters=[], CommandType='"Text"', CommandTimeout='30']
SELECT OBJECT_ID(N'[__EFMigrationsHistory]');
2022-09-20 19:54:57.044 +05:30  INF  Executed DbCommand (2ms) [Parameters=[], CommandType='"Text"', CommandTimeout='30']
SELECT 1
2022-09-20 19:54:57.045 +05:30  INF  Executed DbCommand (1ms) [Parameters=[], CommandType='"Text"', CommandTimeout='30']
SELECT OBJECT_ID(N'[__EFMigrationsHistory]');
2022-09-20 19:54:57.099 +05:30  INF  Executed DbCommand (15ms) [Parameters=[], CommandType='"Text"', CommandTimeout='30']
SELECT [MigrationId], [ProductVersion]
FROM [__EFMigrationsHistory]
ORDER BY [MigrationId];
2022-09-20 19:54:57.129 +05:30  INF  Applying migration '20220920142443_UserTime'.
2022-09-20 19:54:57.292 +05:30  INF  Executed DbCommand (75ms) [Parameters=[], CommandType='"Text"', CommandTimeout='30']
ALTER TABLE [Users] ADD [LogOn] datetime2 NULL;
2022-09-20 19:54:57.294 +05:30  INF  Executed DbCommand (1ms) [Parameters=[], CommandType='"Text"', CommandTimeout='30']
ALTER TABLE [Users] ADD [RegisteredOn] datetime2 NULL;
2022-09-20 19:54:57.297 +05:30  INF  Executed DbCommand (2ms) [Parameters=[], CommandType='"Text"', CommandTimeout='30']
INSERT INTO [__EFMigrationsHistory] ([MigrationId], [ProductVersion])
VALUES (N'20220920142443_UserTime', N'6.0.9');
2022-09-20 19:59:29.206 +05:30  INF  Now listening on: https://localhost:7212
2022-09-20 19:59:29.275 +05:30  INF  Now listening on: http://localhost:5212
2022-09-20 19:59:29.281 +05:30  INF  Application started. Press Ctrl+C to shut down.
2022-09-20 19:59:29.282 +05:30  INF  Hosting environment: Development
2022-09-20 19:59:29.282 +05:30  INF  Content root path: C:\Users\jithj\source\repos\EmployeeTask\WebApi\
2022-09-20 19:59:30.816 +05:30  INF  Request starting HTTP/2 GET https://localhost:7212/swagger/index.html - -
2022-09-20 19:59:31.608 +05:30  INF  Request starting HTTP/2 GET https://localhost:7212/_vs/browserLink - -
2022-09-20 19:59:31.608 +05:30  INF  Request starting HTTP/2 GET https://localhost:7212/_framework/aspnetcore-browser-refresh.js - -
2022-09-20 19:59:31.630 +05:30  INF  Request finished HTTP/2 GET https://localhost:7212/_framework/aspnetcore-browser-refresh.js - - - 200 11982 application/javascript;+charset=utf-8 20.5957ms
2022-09-20 19:59:31.633 +05:30  INF  Request finished HTTP/2 GET https://localhost:7212/swagger/index.html - - - 200 - text/html;charset=utf-8 827.2043ms
2022-09-20 19:59:31.753 +05:30  INF  Request finished HTTP/2 GET https://localhost:7212/_vs/browserLink - - - 200 - text/javascript;+charset=UTF-8 145.2331ms
2022-09-20 19:59:31.864 +05:30  INF  Request starting HTTP/2 GET https://localhost:7212/swagger/v1/swagger.json - -
2022-09-20 19:59:32.188 +05:30  INF  Request finished HTTP/2 GET https://localhost:7212/swagger/v1/swagger.json - - - 200 - application/json;charset=utf-8 324.0206ms
2022-09-20 20:03:47.809 +05:30  INF  Now listening on: https://localhost:7212
2022-09-20 20:03:47.872 +05:30  INF  Now listening on: http://localhost:5212
2022-09-20 20:03:47.879 +05:30  INF  Application started. Press Ctrl+C to shut down.
2022-09-20 20:03:47.879 +05:30  INF  Hosting environment: Development
2022-09-20 20:03:47.879 +05:30  INF  Content root path: C:\Users\jithj\source\repos\EmployeeTask\WebApi\
2022-09-20 20:03:48.603 +05:30  INF  Request starting HTTP/2 GET https://localhost:7212/swagger/index.html - -
2022-09-20 20:03:49.156 +05:30  INF  Request starting HTTP/2 GET https://localhost:7212/_framework/aspnetcore-browser-refresh.js - -
2022-09-20 20:03:49.156 +05:30  INF  Request starting HTTP/2 GET https://localhost:7212/_vs/browserLink - -
2022-09-20 20:03:49.179 +05:30  INF  Request finished HTTP/2 GET https://localhost:7212/swagger/index.html - - - 200 - text/html;charset=utf-8 583.8600ms
2022-09-20 20:03:49.179 +05:30  INF  Request finished HTTP/2 GET https://localhost:7212/_framework/aspnetcore-browser-refresh.js - - - 200 11982 application/javascript;+charset=utf-8 19.5283ms
2022-09-20 20:03:49.205 +05:30  INF  Request finished HTTP/2 GET https://localhost:7212/_vs/browserLink - - - 200 - text/javascript;+charset=UTF-8 48.9074ms
2022-09-20 20:03:49.334 +05:30  INF  Request starting HTTP/2 GET https://localhost:7212/swagger/v1/swagger.json - -
2022-09-20 20:03:49.626 +05:30  INF  Request finished HTTP/2 GET https://localhost:7212/swagger/v1/swagger.json - - - 200 - application/json;charset=utf-8 291.5529ms
2022-09-20 22:52:12.868 +05:30  WRN  No store type was specified for the decimal property 'Salary' on entity type 'Employees'. This will cause values to be silently truncated if they do not fit in the default precision and scale. Explicitly specify the SQL server column type that can accommodate all the values in 'OnModelCreating' using 'HasColumnType', specify precision and scale using 'HasPrecision', or configure a value converter using 'HasConversion'.
2022-09-20 22:52:12.926 +05:30  WRN  No store type was specified for the decimal property 'Score' on entity type 'Employees'. This will cause values to be silently truncated if they do not fit in the default precision and scale. Explicitly specify the SQL server column type that can accommodate all the values in 'OnModelCreating' using 'HasColumnType', specify precision and scale using 'HasPrecision', or configure a value converter using 'HasConversion'.
2022-09-20 22:52:13.164 +05:30  INF  Entity Framework Core 6.0.9 initialized 'EmployeeContext' using provider 'Microsoft.EntityFrameworkCore.SqlServer:6.0.9' with options: MigrationsAssembly=Employee DAL, Version=1.0.0.0, Culture=neutral, PublicKeyToken=null 
2022-09-20 22:52:13.205 +05:30  WRN  No store type was specified for the decimal property 'Salary' on entity type 'Employees'. This will cause values to be silently truncated if they do not fit in the default precision and scale. Explicitly specify the SQL server column type that can accommodate all the values in 'OnModelCreating' using 'HasColumnType', specify precision and scale using 'HasPrecision', or configure a value converter using 'HasConversion'.
2022-09-20 22:52:13.207 +05:30  WRN  No store type was specified for the decimal property 'Score' on entity type 'Employees'. This will cause values to be silently truncated if they do not fit in the default precision and scale. Explicitly specify the SQL server column type that can accommodate all the values in 'OnModelCreating' using 'HasColumnType', specify precision and scale using 'HasPrecision', or configure a value converter using 'HasConversion'.
2022-09-20 22:52:28.851 +05:30  WRN  No store type was specified for the decimal property 'Salary' on entity type 'Employees'. This will cause values to be silently truncated if they do not fit in the default precision and scale. Explicitly specify the SQL server column type that can accommodate all the values in 'OnModelCreating' using 'HasColumnType', specify precision and scale using 'HasPrecision', or configure a value converter using 'HasConversion'.
2022-09-20 22:52:28.895 +05:30  WRN  No store type was specified for the decimal property 'Score' on entity type 'Employees'. This will cause values to be silently truncated if they do not fit in the default precision and scale. Explicitly specify the SQL server column type that can accommodate all the values in 'OnModelCreating' using 'HasColumnType', specify precision and scale using 'HasPrecision', or configure a value converter using 'HasConversion'.
2022-09-20 22:52:29.143 +05:30  INF  Entity Framework Core 6.0.9 initialized 'EmployeeContext' using provider 'Microsoft.EntityFrameworkCore.SqlServer:6.0.9' with options: MigrationsAssembly=Employee DAL, Version=1.0.0.0, Culture=neutral, PublicKeyToken=null 
2022-09-20 22:52:30.400 +05:30  INF  Executed DbCommand (33ms) [Parameters=[], CommandType='"Text"', CommandTimeout='30']
SELECT 1
2022-09-20 22:52:30.479 +05:30  INF  Executed DbCommand (49ms) [Parameters=[], CommandType='"Text"', CommandTimeout='30']
SELECT OBJECT_ID(N'[__EFMigrationsHistory]');
2022-09-20 22:52:30.485 +05:30  INF  Executed DbCommand (2ms) [Parameters=[], CommandType='"Text"', CommandTimeout='30']
SELECT 1
2022-09-20 22:52:30.486 +05:30  INF  Executed DbCommand (1ms) [Parameters=[], CommandType='"Text"', CommandTimeout='30']
SELECT OBJECT_ID(N'[__EFMigrationsHistory]');
2022-09-20 22:52:30.537 +05:30  INF  Executed DbCommand (17ms) [Parameters=[], CommandType='"Text"', CommandTimeout='30']
SELECT [MigrationId], [ProductVersion]
FROM [__EFMigrationsHistory]
ORDER BY [MigrationId];
2022-09-20 22:52:30.565 +05:30  INF  Applying migration '20220920172213_Userr'.
2022-09-20 22:52:32.203 +05:30  INF  Executed DbCommand (1,567ms) [Parameters=[], CommandType='"Text"', CommandTimeout='30']
EXEC sp_rename N'[Users].[Password]', N'PasswordHash', N'COLUMN';
2022-09-20 22:52:32.206 +05:30  INF  Executed DbCommand (3ms) [Parameters=[], CommandType='"Text"', CommandTimeout='30']
INSERT INTO [__EFMigrationsHistory] ([MigrationId], [ProductVersion])
VALUES (N'20220920172213_Userr', N'6.0.9');
2022-09-20 23:05:41.218 +05:30  WRN  No store type was specified for the decimal property 'Salary' on entity type 'Employees'. This will cause values to be silently truncated if they do not fit in the default precision and scale. Explicitly specify the SQL server column type that can accommodate all the values in 'OnModelCreating' using 'HasColumnType', specify precision and scale using 'HasPrecision', or configure a value converter using 'HasConversion'.
2022-09-20 23:05:41.273 +05:30  WRN  No store type was specified for the decimal property 'Score' on entity type 'Employees'. This will cause values to be silently truncated if they do not fit in the default precision and scale. Explicitly specify the SQL server column type that can accommodate all the values in 'OnModelCreating' using 'HasColumnType', specify precision and scale using 'HasPrecision', or configure a value converter using 'HasConversion'.
2022-09-20 23:05:41.481 +05:30  INF  Entity Framework Core 6.0.9 initialized 'EmployeeContext' using provider 'Microsoft.EntityFrameworkCore.SqlServer:6.0.9' with options: MigrationsAssembly=Employee DAL, Version=1.0.0.0, Culture=neutral, PublicKeyToken=null 
2022-09-20 23:05:41.516 +05:30  WRN  No store type was specified for the decimal property 'Salary' on entity type 'Employees'. This will cause values to be silently truncated if they do not fit in the default precision and scale. Explicitly specify the SQL server column type that can accommodate all the values in 'OnModelCreating' using 'HasColumnType', specify precision and scale using 'HasPrecision', or configure a value converter using 'HasConversion'.
2022-09-20 23:05:41.518 +05:30  WRN  No store type was specified for the decimal property 'Score' on entity type 'Employees'. This will cause values to be silently truncated if they do not fit in the default precision and scale. Explicitly specify the SQL server column type that can accommodate all the values in 'OnModelCreating' using 'HasColumnType', specify precision and scale using 'HasPrecision', or configure a value converter using 'HasConversion'.
2022-09-20 23:05:51.684 +05:30  WRN  No store type was specified for the decimal property 'Salary' on entity type 'Employees'. This will cause values to be silently truncated if they do not fit in the default precision and scale. Explicitly specify the SQL server column type that can accommodate all the values in 'OnModelCreating' using 'HasColumnType', specify precision and scale using 'HasPrecision', or configure a value converter using 'HasConversion'.
2022-09-20 23:05:51.729 +05:30  WRN  No store type was specified for the decimal property 'Score' on entity type 'Employees'. This will cause values to be silently truncated if they do not fit in the default precision and scale. Explicitly specify the SQL server column type that can accommodate all the values in 'OnModelCreating' using 'HasColumnType', specify precision and scale using 'HasPrecision', or configure a value converter using 'HasConversion'.
2022-09-20 23:05:51.950 +05:30  INF  Entity Framework Core 6.0.9 initialized 'EmployeeContext' using provider 'Microsoft.EntityFrameworkCore.SqlServer:6.0.9' with options: MigrationsAssembly=Employee DAL, Version=1.0.0.0, Culture=neutral, PublicKeyToken=null 
2022-09-20 23:05:52.656 +05:30  INF  Executed DbCommand (28ms) [Parameters=[], CommandType='"Text"', CommandTimeout='30']
SELECT 1
2022-09-20 23:05:52.703 +05:30  INF  Executed DbCommand (24ms) [Parameters=[], CommandType='"Text"', CommandTimeout='30']
SELECT OBJECT_ID(N'[__EFMigrationsHistory]');
2022-09-20 23:05:52.708 +05:30  INF  Executed DbCommand (2ms) [Parameters=[], CommandType='"Text"', CommandTimeout='30']
SELECT 1
2022-09-20 23:05:52.709 +05:30  INF  Executed DbCommand (1ms) [Parameters=[], CommandType='"Text"', CommandTimeout='30']
SELECT OBJECT_ID(N'[__EFMigrationsHistory]');
2022-09-20 23:05:52.744 +05:30  INF  Executed DbCommand (3ms) [Parameters=[], CommandType='"Text"', CommandTimeout='30']
SELECT [MigrationId], [ProductVersion]
FROM [__EFMigrationsHistory]
ORDER BY [MigrationId];
2022-09-20 23:05:52.769 +05:30  INF  Applying migration '20220920173541_UserReg'.
2022-09-20 23:05:52.864 +05:30  INF  Executed DbCommand (22ms) [Parameters=[], CommandType='"Text"', CommandTimeout='30']
ALTER TABLE [Users] ADD [Password] VARCHAR(250) NOT NULL DEFAULT '';
2022-09-20 23:05:52.867 +05:30  INF  Executed DbCommand (2ms) [Parameters=[], CommandType='"Text"', CommandTimeout='30']
INSERT INTO [__EFMigrationsHistory] ([MigrationId], [ProductVersion])
VALUES (N'20220920173541_UserReg', N'6.0.9');
2022-09-20 23:16:51.358 +05:30  INF  Now listening on: https://localhost:7212
2022-09-20 23:16:51.452 +05:30  INF  Now listening on: http://localhost:5212
2022-09-20 23:16:51.460 +05:30  INF  Application started. Press Ctrl+C to shut down.
2022-09-20 23:16:51.460 +05:30  INF  Hosting environment: Development
2022-09-20 23:16:51.460 +05:30  INF  Content root path: C:\Users\jithj\source\repos\EmployeeTask\WebApi\
2022-09-20 23:16:52.419 +05:30  INF  Request starting HTTP/2 GET https://localhost:7212/swagger/index.html - -
2022-09-20 23:16:53.282 +05:30  INF  Request starting HTTP/2 GET https://localhost:7212/_vs/browserLink - -
2022-09-20 23:16:53.282 +05:30  INF  Request starting HTTP/2 GET https://localhost:7212/_framework/aspnetcore-browser-refresh.js - -
2022-09-20 23:16:53.322 +05:30  INF  Request finished HTTP/2 GET https://localhost:7212/_framework/aspnetcore-browser-refresh.js - - - 200 11982 application/javascript;+charset=utf-8 36.7864ms
2022-09-20 23:16:53.322 +05:30  INF  Request finished HTTP/2 GET https://localhost:7212/swagger/index.html - - - 200 - text/html;charset=utf-8 912.7000ms
2022-09-20 23:16:53.390 +05:30  INF  Request finished HTTP/2 GET https://localhost:7212/_vs/browserLink - - - 200 - text/javascript;+charset=UTF-8 107.8659ms
2022-09-20 23:16:53.522 +05:30  INF  Request starting HTTP/2 GET https://localhost:7212/swagger/v1/swagger.json - -
2022-09-20 23:16:53.577 +05:30  INF  Request starting HTTP/2 GET https://localhost:7212/swagger/favicon-32x32.png - -
2022-09-20 23:16:53.599 +05:30  INF  The file /favicon-32x32.png was not modified
2022-09-20 23:16:53.601 +05:30  INF  Request finished HTTP/2 GET https://localhost:7212/swagger/favicon-32x32.png - - - 304 - image/png 24.1496ms
2022-09-20 23:16:53.840 +05:30  INF  Request finished HTTP/2 GET https://localhost:7212/swagger/v1/swagger.json - - - 200 - application/json;charset=utf-8 318.6288ms
2022-09-20 23:17:59.194 +05:30  INF  Now listening on: https://localhost:7212
2022-09-20 23:17:59.262 +05:30  INF  Now listening on: http://localhost:5212
2022-09-20 23:17:59.268 +05:30  INF  Application started. Press Ctrl+C to shut down.
2022-09-20 23:17:59.269 +05:30  INF  Hosting environment: Development
2022-09-20 23:17:59.269 +05:30  INF  Content root path: C:\Users\jithj\source\repos\EmployeeTask\WebApi\
2022-09-20 23:18:00.280 +05:30  INF  Request starting HTTP/2 GET https://localhost:7212/swagger/index.html - -
2022-09-20 23:18:00.826 +05:30  INF  Request starting HTTP/2 GET https://localhost:7212/_framework/aspnetcore-browser-refresh.js - -
2022-09-20 23:18:00.844 +05:30  INF  Request finished HTTP/2 GET https://localhost:7212/swagger/index.html - - - 200 - text/html;charset=utf-8 573.5605ms
2022-09-20 23:18:00.844 +05:30  INF  Request finished HTTP/2 GET https://localhost:7212/_framework/aspnetcore-browser-refresh.js - - - 200 11982 application/javascript;+charset=utf-8 16.2717ms
2022-09-20 23:18:00.871 +05:30  INF  Request starting HTTP/2 GET https://localhost:7212/_vs/browserLink - -
2022-09-20 23:18:00.908 +05:30  INF  Request finished HTTP/2 GET https://localhost:7212/_vs/browserLink - - - 200 - text/javascript;+charset=UTF-8 37.1642ms
2022-09-20 23:18:01.058 +05:30  INF  Request starting HTTP/2 GET https://localhost:7212/swagger/v1/swagger.json - -
2022-09-20 23:18:01.375 +05:30  INF  Request finished HTTP/2 GET https://localhost:7212/swagger/v1/swagger.json - - - 200 - application/json;charset=utf-8 316.6964ms
2022-09-20 23:18:35.496 +05:30  INF  Request starting HTTP/2 POST https://localhost:7212/api/v1/userRegister/Register application/json 54
2022-09-20 23:18:35.527 +05:30  INF  Executing endpoint 'WebApi.Controllers.UserRegisterController.Register (WebApi)'
2022-09-20 23:18:35.579 +05:30  INF  Route matched with {action = "Register", controller = "UserRegister"}. Executing controller action with signature Microsoft.AspNetCore.Mvc.IActionResult Register(Employee_BAL.Model.UserRegisterModel) on controller WebApi.Controllers.UserRegisterController (WebApi).
2022-09-20 23:18:35.598 +05:30  INF  Executed action WebApi.Controllers.UserRegisterController.Register (WebApi) in 4.934ms
2022-09-20 23:18:35.604 +05:30  INF  Executed endpoint 'WebApi.Controllers.UserRegisterController.Register (WebApi)'
2022-09-20 23:18:35.613 +05:30  ERR  An unhandled exception has occurred while executing the request.System.InvalidOperationException: Unable to resolve service for type 'Employee_BAL.Interfaces.IUserRegisterService' while attempting to activate 'WebApi.Controllers.UserRegisterController'.
   at Microsoft.Extensions.DependencyInjection.ActivatorUtilities.GetService(IServiceProvider sp, Type type, Type requiredBy, Boolean isDefaultParameterRequired)
   at lambda_method3(Closure , IServiceProvider , Object[] )
   at Microsoft.AspNetCore.Mvc.Controllers.ControllerActivatorProvider.<>c__DisplayClass7_0.<CreateActivator>b__0(ControllerContext controllerContext)
   at Microsoft.AspNetCore.Mvc.Controllers.ControllerFactoryProvider.<>c__DisplayClass6_0.<CreateControllerFactory>g__CreateController|0(ControllerContext controllerContext)
   at Microsoft.AspNetCore.Mvc.Infrastructure.ControllerActionInvoker.Next(State& next, Scope& scope, Object& state, Boolean& isCompleted)
   at Microsoft.AspNetCore.Mvc.Infrastructure.ControllerActionInvoker.InvokeInnerFilterAsync()
--- End of stack trace from previous location ---
   at Microsoft.AspNetCore.Mvc.Infrastructure.ResourceInvoker.<InvokeFilterPipelineAsync>g__Awaited|20_0(ResourceInvoker invoker, Task lastTask, State next, Scope scope, Object state, Boolean isCompleted)
   at Microsoft.AspNetCore.Mvc.Infrastructure.ResourceInvoker.<InvokeAsync>g__Logged|17_1(ResourceInvoker invoker)
   at Microsoft.AspNetCore.Mvc.Infrastructure.ResourceInvoker.<InvokeAsync>g__Logged|17_1(ResourceInvoker invoker)
   at Microsoft.AspNetCore.Routing.EndpointMiddleware.<Invoke>g__AwaitRequestTask|6_0(Endpoint endpoint, Task requestTask, ILogger logger)
   at Microsoft.AspNetCore.Authorization.AuthorizationMiddleware.Invoke(HttpContext context)
   at Swashbuckle.AspNetCore.SwaggerUI.SwaggerUIMiddleware.Invoke(HttpContext httpContext)
   at Swashbuckle.AspNetCore.Swagger.SwaggerMiddleware.Invoke(HttpContext httpContext, ISwaggerProvider swaggerProvider)
   at Microsoft.AspNetCore.Diagnostics.DeveloperExceptionPageMiddleware.Invoke(HttpContext context)

2022-09-20 23:18:36.132 +05:30  INF  Request finished HTTP/2 POST https://localhost:7212/api/v1/userRegister/Register application/json 54 - 500 - text/plain;+charset=utf-8 641.6426ms
2022-09-20 23:22:44.684 +05:30  INF  Now listening on: https://localhost:7212
2022-09-20 23:22:44.742 +05:30  INF  Now listening on: http://localhost:5212
2022-09-20 23:22:44.748 +05:30  INF  Application started. Press Ctrl+C to shut down.
2022-09-20 23:22:44.748 +05:30  INF  Hosting environment: Development
2022-09-20 23:22:44.748 +05:30  INF  Content root path: C:\Users\jithj\source\repos\EmployeeTask\WebApi\
2022-09-20 23:22:45.349 +05:30  INF  Request starting HTTP/2 GET https://localhost:7212/swagger/index.html - -
2022-09-20 23:22:45.974 +05:30  INF  Request starting HTTP/2 GET https://localhost:7212/_framework/aspnetcore-browser-refresh.js - -
2022-09-20 23:22:45.974 +05:30  INF  Request starting HTTP/2 GET https://localhost:7212/_vs/browserLink - -
2022-09-20 23:22:45.998 +05:30  INF  Request finished HTTP/2 GET https://localhost:7212/swagger/index.html - - - 200 - text/html;charset=utf-8 655.8510ms
2022-09-20 23:22:45.998 +05:30  INF  Request finished HTTP/2 GET https://localhost:7212/_framework/aspnetcore-browser-refresh.js - - - 200 11982 application/javascript;+charset=utf-8 20.5130ms
2022-09-20 23:22:46.021 +05:30  INF  Request finished HTTP/2 GET https://localhost:7212/_vs/browserLink - - - 200 - text/javascript;+charset=UTF-8 47.4786ms
2022-09-20 23:22:46.158 +05:30  INF  Request starting HTTP/2 GET https://localhost:7212/swagger/v1/swagger.json - -
2022-09-20 23:22:46.421 +05:30  INF  Request finished HTTP/2 GET https://localhost:7212/swagger/v1/swagger.json - - - 200 - application/json;charset=utf-8 263.3655ms
2022-09-20 23:23:03.433 +05:30  INF  Request starting HTTP/2 POST https://localhost:7212/api/v1/userRegister/Register application/json 50
2022-09-20 23:23:03.461 +05:30  INF  Executing endpoint 'WebApi.Controllers.UserRegisterController.Register (WebApi)'
2022-09-20 23:23:03.500 +05:30  INF  Route matched with {action = "Register", controller = "UserRegister"}. Executing controller action with signature Microsoft.AspNetCore.Mvc.IActionResult Register(Employee_BAL.Model.UserRegisterModel) on controller WebApi.Controllers.UserRegisterController (WebApi).
2022-09-20 23:23:03.515 +05:30  INF  Executed action WebApi.Controllers.UserRegisterController.Register (WebApi) in 3.6757ms
2022-09-20 23:23:03.521 +05:30  INF  Executed endpoint 'WebApi.Controllers.UserRegisterController.Register (WebApi)'
2022-09-20 23:23:03.528 +05:30  ERR  An unhandled exception has occurred while executing the request.System.InvalidOperationException: Unable to resolve service for type 'Employee_BAL.Interfaces.IUserRegisterService' while attempting to activate 'WebApi.Controllers.UserRegisterController'.
   at Microsoft.Extensions.DependencyInjection.ActivatorUtilities.GetService(IServiceProvider sp, Type type, Type requiredBy, Boolean isDefaultParameterRequired)
   at lambda_method3(Closure , IServiceProvider , Object[] )
   at Microsoft.AspNetCore.Mvc.Controllers.ControllerActivatorProvider.<>c__DisplayClass7_0.<CreateActivator>b__0(ControllerContext controllerContext)
   at Microsoft.AspNetCore.Mvc.Controllers.ControllerFactoryProvider.<>c__DisplayClass6_0.<CreateControllerFactory>g__CreateController|0(ControllerContext controllerContext)
   at Microsoft.AspNetCore.Mvc.Infrastructure.ControllerActionInvoker.Next(State& next, Scope& scope, Object& state, Boolean& isCompleted)
   at Microsoft.AspNetCore.Mvc.Infrastructure.ControllerActionInvoker.InvokeInnerFilterAsync()
--- End of stack trace from previous location ---
   at Microsoft.AspNetCore.Mvc.Infrastructure.ResourceInvoker.<InvokeFilterPipelineAsync>g__Awaited|20_0(ResourceInvoker invoker, Task lastTask, State next, Scope scope, Object state, Boolean isCompleted)
   at Microsoft.AspNetCore.Mvc.Infrastructure.ResourceInvoker.<InvokeAsync>g__Logged|17_1(ResourceInvoker invoker)
   at Microsoft.AspNetCore.Mvc.Infrastructure.ResourceInvoker.<InvokeAsync>g__Logged|17_1(ResourceInvoker invoker)
   at Microsoft.AspNetCore.Routing.EndpointMiddleware.<Invoke>g__AwaitRequestTask|6_0(Endpoint endpoint, Task requestTask, ILogger logger)
   at Microsoft.AspNetCore.Authorization.AuthorizationMiddleware.Invoke(HttpContext context)
   at Swashbuckle.AspNetCore.SwaggerUI.SwaggerUIMiddleware.Invoke(HttpContext httpContext)
   at Swashbuckle.AspNetCore.Swagger.SwaggerMiddleware.Invoke(HttpContext httpContext, ISwaggerProvider swaggerProvider)
   at Microsoft.AspNetCore.Diagnostics.DeveloperExceptionPageMiddleware.Invoke(HttpContext context)

2022-09-20 23:23:03.631 +05:30  INF  Request finished HTTP/2 POST https://localhost:7212/api/v1/userRegister/Register application/json 50 - 500 - text/plain;+charset=utf-8 197.2723ms
2022-09-20 23:29:05.181 +05:30  INF  Now listening on: https://localhost:7212
2022-09-20 23:29:05.243 +05:30  INF  Now listening on: http://localhost:5212
2022-09-20 23:29:05.250 +05:30  INF  Application started. Press Ctrl+C to shut down.
2022-09-20 23:29:05.251 +05:30  INF  Hosting environment: Development
2022-09-20 23:29:05.251 +05:30  INF  Content root path: C:\Users\jithj\source\repos\EmployeeTask\WebApi\
2022-09-20 23:29:06.134 +05:30  INF  Request starting HTTP/2 GET https://localhost:7212/swagger/index.html - -
2022-09-20 23:29:06.633 +05:30  INF  Request starting HTTP/2 GET https://localhost:7212/_framework/aspnetcore-browser-refresh.js - -
2022-09-20 23:29:06.633 +05:30  INF  Request starting HTTP/2 GET https://localhost:7212/_vs/browserLink - -
2022-09-20 23:29:06.660 +05:30  INF  Request finished HTTP/2 GET https://localhost:7212/_framework/aspnetcore-browser-refresh.js - - - 200 11982 application/javascript;+charset=utf-8 24.2299ms
2022-09-20 23:29:06.660 +05:30  INF  Request finished HTTP/2 GET https://localhost:7212/swagger/index.html - - - 200 - text/html;charset=utf-8 533.0941ms
2022-09-20 23:29:06.689 +05:30  INF  Request finished HTTP/2 GET https://localhost:7212/_vs/browserLink - - - 200 - text/javascript;+charset=UTF-8 56.7813ms
2022-09-20 23:29:06.833 +05:30  INF  Request starting HTTP/2 GET https://localhost:7212/swagger/v1/swagger.json - -
2022-09-20 23:29:07.131 +05:30  INF  Request finished HTTP/2 GET https://localhost:7212/swagger/v1/swagger.json - - - 200 - application/json;charset=utf-8 297.7976ms
2022-09-20 23:29:17.717 +05:30  INF  Request starting HTTP/2 POST https://localhost:7212/api/v1/userRegister/Register application/json 50
2022-09-20 23:29:17.748 +05:30  INF  Executing endpoint 'WebApi.Controllers.UserRegisterController.Register (WebApi)'
2022-09-20 23:29:17.792 +05:30  INF  Route matched with {action = "Register", controller = "UserRegister"}. Executing controller action with signature Microsoft.AspNetCore.Mvc.IActionResult Register(Employee_BAL.Model.UserRegisterModel) on controller WebApi.Controllers.UserRegisterController (WebApi).
2022-09-20 23:29:19.229 +05:30  INF  Adding Credentials
2022-09-20 23:29:19.522 +05:30  ERR  Error:AutoMapper.AutoMapperMappingException: Missing type map configuration or unsupported mapping.

Mapping types:
UserRegisterModel -> UserRegister
Employee_BAL.Model.UserRegisterModel -> Employee_DAL.Entities.UserRegister
   at lambda_method9(Closure , Object , UserRegister , ResolutionContext )
   at Employee_BAL.Service.UserRegisterService.Register(UserRegisterModel userModel) in C:\Users\jithj\source\repos\EmployeeTask\Employee BAL\Service\UserRegisterService.cs:line 53
   at WebApi.Controllers.UserRegisterController.<>c__DisplayClass3_0.<Register>b__0() in C:\Users\jithj\source\repos\EmployeeTask\WebApi\Controllers\UserRegisterController.cs:line 63
   at WebApi.BaseApiController.TryExecuteAndWrap[T](Func`1 operation, Func`2 OnSuccess, Func`2 transformExceptions, Func`2 onError) in C:\Users\jithj\source\repos\EmployeeTask\WebApi\BaseApiController.cs:line 34
2022-09-20 23:29:19.528 +05:30  INF  Executing ForbidResult with authentication schemes (["Missing type map configuration or unsupported mapping.\r\n\r\nMapping types:\r\nUserRegisterModel -> UserRegister\r\nEmployee_BAL.Model.UserRegisterModel -> Employee_DAL.Entities.UserRegister"]).
2022-09-20 23:29:19.553 +05:30  INF  Executed action WebApi.Controllers.UserRegisterController.Register (WebApi) in 1749.5022ms
2022-09-20 23:29:19.555 +05:30  INF  Executed endpoint 'WebApi.Controllers.UserRegisterController.Register (WebApi)'
2022-09-20 23:29:19.562 +05:30  ERR  An unhandled exception has occurred while executing the request.System.InvalidOperationException: No authentication handlers are registered. Did you forget to call AddAuthentication().Add[SomeAuthHandler]("Missing type map configuration or unsupported mapping.

Mapping types:
UserRegisterModel -> UserRegister
Employee_BAL.Model.UserRegisterModel -> Employee_DAL.Entities.UserRegister",...)?
   at Microsoft.AspNetCore.Authentication.AuthenticationService.ForbidAsync(HttpContext context, String scheme, AuthenticationProperties properties)
   at Microsoft.AspNetCore.Mvc.ForbidResult.ExecuteResultAsync(ActionContext context)
   at Microsoft.AspNetCore.Mvc.Infrastructure.ResourceInvoker.<InvokeNextResultFilterAsync>g__Awaited|30_0[TFilter,TFilterAsync](ResourceInvoker invoker, Task lastTask, State next, Scope scope, Object state, Boolean isCompleted)
   at Microsoft.AspNetCore.Mvc.Infrastructure.ResourceInvoker.Rethrow(ResultExecutedContextSealed context)
   at Microsoft.AspNetCore.Mvc.Infrastructure.ResourceInvoker.ResultNext[TFilter,TFilterAsync](State& next, Scope& scope, Object& state, Boolean& isCompleted)
   at Microsoft.AspNetCore.Mvc.Infrastructure.ResourceInvoker.InvokeResultFilters()
--- End of stack trace from previous location ---
   at Microsoft.AspNetCore.Mvc.Infrastructure.ResourceInvoker.<InvokeFilterPipelineAsync>g__Awaited|20_0(ResourceInvoker invoker, Task lastTask, State next, Scope scope, Object state, Boolean isCompleted)
   at Microsoft.AspNetCore.Mvc.Infrastructure.ResourceInvoker.<InvokeAsync>g__Logged|17_1(ResourceInvoker invoker)
   at Microsoft.AspNetCore.Mvc.Infrastructure.ResourceInvoker.<InvokeAsync>g__Logged|17_1(ResourceInvoker invoker)
   at Microsoft.AspNetCore.Routing.EndpointMiddleware.<Invoke>g__AwaitRequestTask|6_0(Endpoint endpoint, Task requestTask, ILogger logger)
   at Microsoft.AspNetCore.Authorization.AuthorizationMiddleware.Invoke(HttpContext context)
   at Swashbuckle.AspNetCore.SwaggerUI.SwaggerUIMiddleware.Invoke(HttpContext httpContext)
   at Swashbuckle.AspNetCore.Swagger.SwaggerMiddleware.Invoke(HttpContext httpContext, ISwaggerProvider swaggerProvider)
   at Microsoft.AspNetCore.Diagnostics.DeveloperExceptionPageMiddleware.Invoke(HttpContext context)

2022-09-20 23:29:19.579 +05:30  INF  Request finished HTTP/2 POST https://localhost:7212/api/v1/userRegister/Register application/json 50 - 500 - text/plain;+charset=utf-8 1862.3084ms
