2022-09-30 09:27:08.534 +05:30  WRN  No store type was specified for the decimal property 'Salary' on entity type 'Employees'. This will cause values to be silently truncated if they do not fit in the default precision and scale. Explicitly specify the SQL server column type that can accommodate all the values in 'OnModelCreating' using 'HasColumnType', specify precision and scale using 'HasPrecision', or configure a value converter using 'HasConversion'.
2022-09-30 09:27:08.587 +05:30  WRN  No store type was specified for the decimal property 'Score' on entity type 'Employees'. This will cause values to be silently truncated if they do not fit in the default precision and scale. Explicitly specify the SQL server column type that can accommodate all the values in 'OnModelCreating' using 'HasColumnType', specify precision and scale using 'HasPrecision', or configure a value converter using 'HasConversion'.
2022-09-30 09:27:08.854 +05:30  INF  Entity Framework Core 6.0.9 initialized 'EmployeeContext' using provider 'Microsoft.EntityFrameworkCore.SqlServer:6.0.9' with options: MigrationsAssembly=Employee DAL, Version=1.0.0.0, Culture=neutral, PublicKeyToken=null 
2022-09-30 09:27:08.901 +05:30  WRN  No store type was specified for the decimal property 'Salary' on entity type 'Employees'. This will cause values to be silently truncated if they do not fit in the default precision and scale. Explicitly specify the SQL server column type that can accommodate all the values in 'OnModelCreating' using 'HasColumnType', specify precision and scale using 'HasPrecision', or configure a value converter using 'HasConversion'.
2022-09-30 09:27:08.904 +05:30  WRN  No store type was specified for the decimal property 'Score' on entity type 'Employees'. This will cause values to be silently truncated if they do not fit in the default precision and scale. Explicitly specify the SQL server column type that can accommodate all the values in 'OnModelCreating' using 'HasColumnType', specify precision and scale using 'HasPrecision', or configure a value converter using 'HasConversion'.
2022-09-30 09:27:26.687 +05:30  WRN  No store type was specified for the decimal property 'Salary' on entity type 'Employees'. This will cause values to be silently truncated if they do not fit in the default precision and scale. Explicitly specify the SQL server column type that can accommodate all the values in 'OnModelCreating' using 'HasColumnType', specify precision and scale using 'HasPrecision', or configure a value converter using 'HasConversion'.
2022-09-30 09:27:26.734 +05:30  WRN  No store type was specified for the decimal property 'Score' on entity type 'Employees'. This will cause values to be silently truncated if they do not fit in the default precision and scale. Explicitly specify the SQL server column type that can accommodate all the values in 'OnModelCreating' using 'HasColumnType', specify precision and scale using 'HasPrecision', or configure a value converter using 'HasConversion'.
2022-09-30 09:27:26.967 +05:30  INF  Entity Framework Core 6.0.9 initialized 'EmployeeContext' using provider 'Microsoft.EntityFrameworkCore.SqlServer:6.0.9' with options: MigrationsAssembly=Employee DAL, Version=1.0.0.0, Culture=neutral, PublicKeyToken=null 
2022-09-30 09:27:28.270 +05:30  INF  Executed DbCommand (34ms) [Parameters=[], CommandType='"Text"', CommandTimeout='30']
SELECT 1
2022-09-30 09:27:28.351 +05:30  INF  Executed DbCommand (50ms) [Parameters=[], CommandType='"Text"', CommandTimeout='30']
SELECT OBJECT_ID(N'[__EFMigrationsHistory]');
2022-09-30 09:27:28.357 +05:30  INF  Executed DbCommand (2ms) [Parameters=[], CommandType='"Text"', CommandTimeout='30']
SELECT 1
2022-09-30 09:27:28.358 +05:30  INF  Executed DbCommand (1ms) [Parameters=[], CommandType='"Text"', CommandTimeout='30']
SELECT OBJECT_ID(N'[__EFMigrationsHistory]');
2022-09-30 09:27:28.438 +05:30  INF  Executed DbCommand (27ms) [Parameters=[], CommandType='"Text"', CommandTimeout='30']
SELECT [MigrationId], [ProductVersion]
FROM [__EFMigrationsHistory]
ORDER BY [MigrationId];
2022-09-30 09:27:28.474 +05:30  INF  Applying migration '20220930035709_jith'.
2022-09-30 09:27:28.554 +05:30  INF  Executed DbCommand (7ms) [Parameters=[], CommandType='"Text"', CommandTimeout='30']
INSERT INTO [__EFMigrationsHistory] ([MigrationId], [ProductVersion])
VALUES (N'20220930035709_jith', N'6.0.9');
2022-09-30 10:42:18.929 +05:30  WRN  No store type was specified for the decimal property 'Salary' on entity type 'Employees'. This will cause values to be silently truncated if they do not fit in the default precision and scale. Explicitly specify the SQL server column type that can accommodate all the values in 'OnModelCreating' using 'HasColumnType', specify precision and scale using 'HasPrecision', or configure a value converter using 'HasConversion'.
2022-09-30 10:42:18.987 +05:30  WRN  No store type was specified for the decimal property 'Score' on entity type 'Employees'. This will cause values to be silently truncated if they do not fit in the default precision and scale. Explicitly specify the SQL server column type that can accommodate all the values in 'OnModelCreating' using 'HasColumnType', specify precision and scale using 'HasPrecision', or configure a value converter using 'HasConversion'.
2022-09-30 10:42:19.223 +05:30  INF  Entity Framework Core 6.0.9 initialized 'EmployeeContext' using provider 'Microsoft.EntityFrameworkCore.SqlServer:6.0.9' with options: MigrationsAssembly=Employee DAL, Version=1.0.0.0, Culture=neutral, PublicKeyToken=null 
2022-09-30 10:42:19.273 +05:30  WRN  No store type was specified for the decimal property 'Salary' on entity type 'Employees'. This will cause values to be silently truncated if they do not fit in the default precision and scale. Explicitly specify the SQL server column type that can accommodate all the values in 'OnModelCreating' using 'HasColumnType', specify precision and scale using 'HasPrecision', or configure a value converter using 'HasConversion'.
2022-09-30 10:42:19.274 +05:30  WRN  No store type was specified for the decimal property 'Score' on entity type 'Employees'. This will cause values to be silently truncated if they do not fit in the default precision and scale. Explicitly specify the SQL server column type that can accommodate all the values in 'OnModelCreating' using 'HasColumnType', specify precision and scale using 'HasPrecision', or configure a value converter using 'HasConversion'.
2022-09-30 10:42:31.168 +05:30  WRN  No store type was specified for the decimal property 'Salary' on entity type 'Employees'. This will cause values to be silently truncated if they do not fit in the default precision and scale. Explicitly specify the SQL server column type that can accommodate all the values in 'OnModelCreating' using 'HasColumnType', specify precision and scale using 'HasPrecision', or configure a value converter using 'HasConversion'.
2022-09-30 10:42:31.228 +05:30  WRN  No store type was specified for the decimal property 'Score' on entity type 'Employees'. This will cause values to be silently truncated if they do not fit in the default precision and scale. Explicitly specify the SQL server column type that can accommodate all the values in 'OnModelCreating' using 'HasColumnType', specify precision and scale using 'HasPrecision', or configure a value converter using 'HasConversion'.
2022-09-30 10:42:31.468 +05:30  INF  Entity Framework Core 6.0.9 initialized 'EmployeeContext' using provider 'Microsoft.EntityFrameworkCore.SqlServer:6.0.9' with options: MigrationsAssembly=Employee DAL, Version=1.0.0.0, Culture=neutral, PublicKeyToken=null 
2022-09-30 10:42:32.783 +05:30  INF  Executed DbCommand (28ms) [Parameters=[], CommandType='"Text"', CommandTimeout='30']
SELECT 1
2022-09-30 10:42:32.851 +05:30  INF  Executed DbCommand (43ms) [Parameters=[], CommandType='"Text"', CommandTimeout='30']
SELECT OBJECT_ID(N'[__EFMigrationsHistory]');
2022-09-30 10:42:32.856 +05:30  INF  Executed DbCommand (2ms) [Parameters=[], CommandType='"Text"', CommandTimeout='30']
SELECT 1
2022-09-30 10:42:32.858 +05:30  INF  Executed DbCommand (1ms) [Parameters=[], CommandType='"Text"', CommandTimeout='30']
SELECT OBJECT_ID(N'[__EFMigrationsHistory]');
2022-09-30 10:42:32.919 +05:30  INF  Executed DbCommand (29ms) [Parameters=[], CommandType='"Text"', CommandTimeout='30']
SELECT [MigrationId], [ProductVersion]
FROM [__EFMigrationsHistory]
ORDER BY [MigrationId];
2022-09-30 10:42:32.945 +05:30  INF  Applying migration '20220930051219_jith1'.
2022-09-30 10:42:33.021 +05:30  INF  Executed DbCommand (5ms) [Parameters=[], CommandType='"Text"', CommandTimeout='30']
INSERT INTO [__EFMigrationsHistory] ([MigrationId], [ProductVersion])
VALUES (N'20220930051219_jith1', N'6.0.9');
2022-09-30 16:31:21.433 +05:30  WRN  No store type was specified for the decimal property 'Salary' on entity type 'Employees'. This will cause values to be silently truncated if they do not fit in the default precision and scale. Explicitly specify the SQL server column type that can accommodate all the values in 'OnModelCreating' using 'HasColumnType', specify precision and scale using 'HasPrecision', or configure a value converter using 'HasConversion'.
2022-09-30 16:31:21.490 +05:30  WRN  No store type was specified for the decimal property 'Score' on entity type 'Employees'. This will cause values to be silently truncated if they do not fit in the default precision and scale. Explicitly specify the SQL server column type that can accommodate all the values in 'OnModelCreating' using 'HasColumnType', specify precision and scale using 'HasPrecision', or configure a value converter using 'HasConversion'.
2022-09-30 16:31:21.723 +05:30  INF  Entity Framework Core 6.0.9 initialized 'EmployeeContext' using provider 'Microsoft.EntityFrameworkCore.SqlServer:6.0.9' with options: MigrationsAssembly=Employee DAL, Version=1.0.0.0, Culture=neutral, PublicKeyToken=null 
2022-09-30 16:31:21.779 +05:30  WRN  No store type was specified for the decimal property 'Salary' on entity type 'Employees'. This will cause values to be silently truncated if they do not fit in the default precision and scale. Explicitly specify the SQL server column type that can accommodate all the values in 'OnModelCreating' using 'HasColumnType', specify precision and scale using 'HasPrecision', or configure a value converter using 'HasConversion'.
2022-09-30 16:31:21.780 +05:30  WRN  No store type was specified for the decimal property 'Score' on entity type 'Employees'. This will cause values to be silently truncated if they do not fit in the default precision and scale. Explicitly specify the SQL server column type that can accommodate all the values in 'OnModelCreating' using 'HasColumnType', specify precision and scale using 'HasPrecision', or configure a value converter using 'HasConversion'.
2022-09-30 16:31:34.278 +05:30  WRN  No store type was specified for the decimal property 'Salary' on entity type 'Employees'. This will cause values to be silently truncated if they do not fit in the default precision and scale. Explicitly specify the SQL server column type that can accommodate all the values in 'OnModelCreating' using 'HasColumnType', specify precision and scale using 'HasPrecision', or configure a value converter using 'HasConversion'.
2022-09-30 16:31:34.332 +05:30  WRN  No store type was specified for the decimal property 'Score' on entity type 'Employees'. This will cause values to be silently truncated if they do not fit in the default precision and scale. Explicitly specify the SQL server column type that can accommodate all the values in 'OnModelCreating' using 'HasColumnType', specify precision and scale using 'HasPrecision', or configure a value converter using 'HasConversion'.
2022-09-30 16:31:34.580 +05:30  INF  Entity Framework Core 6.0.9 initialized 'EmployeeContext' using provider 'Microsoft.EntityFrameworkCore.SqlServer:6.0.9' with options: MigrationsAssembly=Employee DAL, Version=1.0.0.0, Culture=neutral, PublicKeyToken=null 
2022-09-30 16:31:35.964 +05:30  INF  Executed DbCommand (35ms) [Parameters=[], CommandType='"Text"', CommandTimeout='30']
SELECT 1
2022-09-30 16:31:36.060 +05:30  INF  Executed DbCommand (69ms) [Parameters=[], CommandType='"Text"', CommandTimeout='30']
SELECT OBJECT_ID(N'[__EFMigrationsHistory]');
2022-09-30 16:31:36.067 +05:30  INF  Executed DbCommand (2ms) [Parameters=[], CommandType='"Text"', CommandTimeout='30']
SELECT 1
2022-09-30 16:31:36.068 +05:30  INF  Executed DbCommand (1ms) [Parameters=[], CommandType='"Text"', CommandTimeout='30']
SELECT OBJECT_ID(N'[__EFMigrationsHistory]');
2022-09-30 16:31:36.123 +05:30  INF  Executed DbCommand (22ms) [Parameters=[], CommandType='"Text"', CommandTimeout='30']
SELECT [MigrationId], [ProductVersion]
FROM [__EFMigrationsHistory]
ORDER BY [MigrationId];
2022-09-30 16:31:36.150 +05:30  INF  Applying migration '20220930110121_jith2'.
2022-09-30 16:31:36.411 +05:30  INF  Executed DbCommand (168ms) [Parameters=[], CommandType='"Text"', CommandTimeout='30']
ALTER TABLE [RoleMembers] DROP CONSTRAINT [FK_RoleMembers_Roles_RoleId];
2022-09-30 16:31:36.416 +05:30  INF  Executed DbCommand (5ms) [Parameters=[], CommandType='"Text"', CommandTimeout='30']
ALTER TABLE [RoleMembers] DROP CONSTRAINT [FK_RoleMembers_Users_UsersId];
2022-09-30 16:31:36.488 +05:30  INF  Executed DbCommand (71ms) [Parameters=[], CommandType='"Text"', CommandTimeout='30']
DROP INDEX [IX_RoleMembers_RoleId] ON [RoleMembers];
2022-09-30 16:31:36.491 +05:30  INF  Executed DbCommand (2ms) [Parameters=[], CommandType='"Text"', CommandTimeout='30']
DROP INDEX [IX_RoleMembers_UsersId] ON [RoleMembers];
2022-09-30 16:31:37.437 +05:30  INF  Executed DbCommand (946ms) [Parameters=[], CommandType='"Text"', CommandTimeout='30']
DECLARE @var0 sysname;
SELECT @var0 = [d].[name]
FROM [sys].[default_constraints] [d]
INNER JOIN [sys].[columns] [c] ON [d].[parent_column_id] = [c].[column_id] AND [d].[parent_object_id] = [c].[object_id]
WHERE ([d].[parent_object_id] = OBJECT_ID(N'[RoleMembers]') AND [c].[name] = N'UsersId');
IF @var0 IS NOT NULL EXEC(N'ALTER TABLE [RoleMembers] DROP CONSTRAINT [' + @var0 + '];');
ALTER TABLE [RoleMembers] DROP COLUMN [UsersId];
2022-09-30 16:31:37.443 +05:30  INF  Executed DbCommand (6ms) [Parameters=[], CommandType='"Text"', CommandTimeout='30']
ALTER TABLE [Users] ADD [RoleMemberId] int NULL;
2022-09-30 16:31:37.447 +05:30  INF  Executed DbCommand (3ms) [Parameters=[], CommandType='"Text"', CommandTimeout='30']
ALTER TABLE [Roles] ADD [RoleMemberId] int NULL;
2022-09-30 16:31:37.523 +05:30  INF  Executed DbCommand (76ms) [Parameters=[], CommandType='"Text"', CommandTimeout='30']
CREATE INDEX [IX_Users_RoleMemberId] ON [Users] ([RoleMemberId]);
2022-09-30 16:31:37.525 +05:30  INF  Executed DbCommand (2ms) [Parameters=[], CommandType='"Text"', CommandTimeout='30']
CREATE INDEX [IX_Roles_RoleMemberId] ON [Roles] ([RoleMemberId]);
2022-09-30 16:31:37.529 +05:30  INF  Executed DbCommand (4ms) [Parameters=[], CommandType='"Text"', CommandTimeout='30']
ALTER TABLE [Roles] ADD CONSTRAINT [FK_Roles_RoleMembers_RoleMemberId] FOREIGN KEY ([RoleMemberId]) REFERENCES [RoleMembers] ([Id]);
2022-09-30 16:31:37.537 +05:30  INF  Executed DbCommand (7ms) [Parameters=[], CommandType='"Text"', CommandTimeout='30']
ALTER TABLE [Users] ADD CONSTRAINT [FK_Users_RoleMembers_RoleMemberId] FOREIGN KEY ([RoleMemberId]) REFERENCES [RoleMembers] ([Id]);
2022-09-30 16:31:37.540 +05:30  INF  Executed DbCommand (3ms) [Parameters=[], CommandType='"Text"', CommandTimeout='30']
INSERT INTO [__EFMigrationsHistory] ([MigrationId], [ProductVersion])
VALUES (N'20220930110121_jith2', N'6.0.9');
2022-09-30 19:10:36.148 +05:30  INF  User profile is available. Using 'C:\Users\jithj\AppData\Local\ASP.NET\DataProtection-Keys' as key repository and Windows DPAPI to encrypt keys at rest.
2022-09-30 19:10:37.185 +05:30  INF  Now listening on: https://localhost:7212
2022-09-30 19:10:37.186 +05:30  INF  Now listening on: http://localhost:5212
2022-09-30 19:10:37.191 +05:30  INF  Application started. Press Ctrl+C to shut down.
2022-09-30 19:10:37.191 +05:30  INF  Hosting environment: Development
2022-09-30 19:10:37.191 +05:30  INF  Content root path: C:\Users\jithj\source\repos\EmployeeTask\WebApi\
2022-09-30 19:10:39.500 +05:30  INF  Request starting HTTP/2 GET https://localhost:7212/swagger/index.html - -
2022-09-30 19:10:40.385 +05:30  INF  Request starting HTTP/2 GET https://localhost:7212/_framework/aspnetcore-browser-refresh.js - -
2022-09-30 19:10:40.385 +05:30  INF  Request starting HTTP/2 GET https://localhost:7212/_vs/browserLink - -
2022-09-30 19:10:40.415 +05:30  INF  Request finished HTTP/2 GET https://localhost:7212/_framework/aspnetcore-browser-refresh.js - - - 200 11982 application/javascript;+charset=utf-8 30.1987ms
2022-09-30 19:10:40.415 +05:30  INF  Request finished HTTP/2 GET https://localhost:7212/swagger/index.html - - - 200 - text/html;charset=utf-8 925.2682ms
2022-09-30 19:10:40.496 +05:30  INF  Request finished HTTP/2 GET https://localhost:7212/_vs/browserLink - - - 200 - text/javascript;+charset=UTF-8 113.6016ms
2022-09-30 19:10:40.632 +05:30  INF  Request starting HTTP/2 GET https://localhost:7212/swagger/v1/swagger.json - -
2022-09-30 19:10:40.681 +05:30  INF  Request starting HTTP/2 GET https://localhost:7212/swagger/favicon-32x32.png - -
2022-09-30 19:10:40.707 +05:30  INF  Sending file. Request path: '/favicon-32x32.png'. Physical path: 'N/A'
2022-09-30 19:10:40.707 +05:30  INF  Request finished HTTP/2 GET https://localhost:7212/swagger/favicon-32x32.png - - - 200 628 image/png 26.0102ms
2022-09-30 19:10:40.863 +05:30  ERR  An unhandled exception has occurred while executing the request.Swashbuckle.AspNetCore.SwaggerGen.SwaggerGeneratorException: Ambiguous HTTP method for action - WebApi.Controllers.RoleController.AddRole (WebApi). Actions require an explicit HttpMethod binding for Swagger/OpenAPI 3.0
   at Swashbuckle.AspNetCore.SwaggerGen.SwaggerGenerator.GenerateOperations(IEnumerable`1 apiDescriptions, SchemaRepository schemaRepository)
   at Swashbuckle.AspNetCore.SwaggerGen.SwaggerGenerator.GeneratePaths(IEnumerable`1 apiDescriptions, SchemaRepository schemaRepository)
   at Swashbuckle.AspNetCore.SwaggerGen.SwaggerGenerator.GetSwaggerDocumentWithoutFilters(String documentName, String host, String basePath)
   at Swashbuckle.AspNetCore.SwaggerGen.SwaggerGenerator.GetSwaggerAsync(String documentName, String host, String basePath)
   at Swashbuckle.AspNetCore.Swagger.SwaggerMiddleware.Invoke(HttpContext httpContext, ISwaggerProvider swaggerProvider)
   at Microsoft.AspNetCore.Diagnostics.DeveloperExceptionPageMiddleware.Invoke(HttpContext context)

2022-09-30 19:10:41.304 +05:30  INF  Request finished HTTP/2 GET https://localhost:7212/swagger/v1/swagger.json - - - 500 - text/plain;+charset=utf-8 672.1766ms
2022-09-30 19:19:52.899 +05:30  INF  User profile is available. Using 'C:\Users\jithj\AppData\Local\ASP.NET\DataProtection-Keys' as key repository and Windows DPAPI to encrypt keys at rest.
2022-09-30 19:19:53.535 +05:30  INF  Now listening on: https://localhost:7212
2022-09-30 19:19:53.536 +05:30  INF  Now listening on: http://localhost:5212
2022-09-30 19:19:53.540 +05:30  INF  Application started. Press Ctrl+C to shut down.
2022-09-30 19:19:53.541 +05:30  INF  Hosting environment: Development
2022-09-30 19:19:53.541 +05:30  INF  Content root path: C:\Users\jithj\source\repos\EmployeeTask\WebApi\
2022-09-30 19:19:55.266 +05:30  INF  Request starting HTTP/2 GET https://localhost:7212/swagger/index.html - -
2022-09-30 19:19:55.910 +05:30  INF  Request starting HTTP/2 GET https://localhost:7212/_framework/aspnetcore-browser-refresh.js - -
2022-09-30 19:19:55.910 +05:30  INF  Request starting HTTP/2 GET https://localhost:7212/_vs/browserLink - -
2022-09-30 19:19:55.937 +05:30  INF  Request finished HTTP/2 GET https://localhost:7212/_framework/aspnetcore-browser-refresh.js - - - 200 11982 application/javascript;+charset=utf-8 23.3678ms
2022-09-30 19:19:55.937 +05:30  INF  Request finished HTTP/2 GET https://localhost:7212/swagger/index.html - - - 200 - text/html;charset=utf-8 679.4875ms
2022-09-30 19:19:55.975 +05:30  INF  Request finished HTTP/2 GET https://localhost:7212/_vs/browserLink - - - 200 - text/javascript;+charset=UTF-8 64.6639ms
2022-09-30 19:19:56.180 +05:30  INF  Request starting HTTP/2 GET https://localhost:7212/swagger/v1/swagger.json - -
2022-09-30 19:19:56.448 +05:30  ERR  An unhandled exception has occurred while executing the request.Swashbuckle.AspNetCore.SwaggerGen.SwaggerGeneratorException: Ambiguous HTTP method for action - WebApi.Controllers.RoleController.AddRole (WebApi). Actions require an explicit HttpMethod binding for Swagger/OpenAPI 3.0
   at Swashbuckle.AspNetCore.SwaggerGen.SwaggerGenerator.GenerateOperations(IEnumerable`1 apiDescriptions, SchemaRepository schemaRepository)
   at Swashbuckle.AspNetCore.SwaggerGen.SwaggerGenerator.GeneratePaths(IEnumerable`1 apiDescriptions, SchemaRepository schemaRepository)
   at Swashbuckle.AspNetCore.SwaggerGen.SwaggerGenerator.GetSwaggerDocumentWithoutFilters(String documentName, String host, String basePath)
   at Swashbuckle.AspNetCore.SwaggerGen.SwaggerGenerator.GetSwaggerAsync(String documentName, String host, String basePath)
   at Swashbuckle.AspNetCore.Swagger.SwaggerMiddleware.Invoke(HttpContext httpContext, ISwaggerProvider swaggerProvider)
   at Microsoft.AspNetCore.Diagnostics.DeveloperExceptionPageMiddleware.Invoke(HttpContext context)

2022-09-30 19:19:56.597 +05:30  INF  Request finished HTTP/2 GET https://localhost:7212/swagger/v1/swagger.json - - - 500 - text/plain;+charset=utf-8 416.9093ms
2022-09-30 19:20:48.867 +05:30  WRN  No store type was specified for the decimal property 'Salary' on entity type 'Employees'. This will cause values to be silently truncated if they do not fit in the default precision and scale. Explicitly specify the SQL server column type that can accommodate all the values in 'OnModelCreating' using 'HasColumnType', specify precision and scale using 'HasPrecision', or configure a value converter using 'HasConversion'.
2022-09-30 19:20:48.911 +05:30  WRN  No store type was specified for the decimal property 'Score' on entity type 'Employees'. This will cause values to be silently truncated if they do not fit in the default precision and scale. Explicitly specify the SQL server column type that can accommodate all the values in 'OnModelCreating' using 'HasColumnType', specify precision and scale using 'HasPrecision', or configure a value converter using 'HasConversion'.
2022-09-30 19:20:49.127 +05:30  INF  Entity Framework Core 6.0.9 initialized 'EmployeeContext' using provider 'Microsoft.EntityFrameworkCore.SqlServer:6.0.9' with options: MigrationsAssembly=Employee DAL, Version=1.0.0.0, Culture=neutral, PublicKeyToken=null 
2022-09-30 19:20:49.166 +05:30  WRN  No store type was specified for the decimal property 'Salary' on entity type 'Employees'. This will cause values to be silently truncated if they do not fit in the default precision and scale. Explicitly specify the SQL server column type that can accommodate all the values in 'OnModelCreating' using 'HasColumnType', specify precision and scale using 'HasPrecision', or configure a value converter using 'HasConversion'.
2022-09-30 19:20:49.168 +05:30  WRN  No store type was specified for the decimal property 'Score' on entity type 'Employees'. This will cause values to be silently truncated if they do not fit in the default precision and scale. Explicitly specify the SQL server column type that can accommodate all the values in 'OnModelCreating' using 'HasColumnType', specify precision and scale using 'HasPrecision', or configure a value converter using 'HasConversion'.
2022-09-30 19:21:43.479 +05:30  WRN  No store type was specified for the decimal property 'Salary' on entity type 'Employees'. This will cause values to be silently truncated if they do not fit in the default precision and scale. Explicitly specify the SQL server column type that can accommodate all the values in 'OnModelCreating' using 'HasColumnType', specify precision and scale using 'HasPrecision', or configure a value converter using 'HasConversion'.
2022-09-30 19:21:43.527 +05:30  WRN  No store type was specified for the decimal property 'Score' on entity type 'Employees'. This will cause values to be silently truncated if they do not fit in the default precision and scale. Explicitly specify the SQL server column type that can accommodate all the values in 'OnModelCreating' using 'HasColumnType', specify precision and scale using 'HasPrecision', or configure a value converter using 'HasConversion'.
2022-09-30 19:21:43.736 +05:30  INF  Entity Framework Core 6.0.9 initialized 'EmployeeContext' using provider 'Microsoft.EntityFrameworkCore.SqlServer:6.0.9' with options: MigrationsAssembly=Employee DAL, Version=1.0.0.0, Culture=neutral, PublicKeyToken=null 
2022-09-30 19:21:44.301 +05:30  WRN  No store type was specified for the decimal property 'Salary' on entity type 'Employees'. This will cause values to be silently truncated if they do not fit in the default precision and scale. Explicitly specify the SQL server column type that can accommodate all the values in 'OnModelCreating' using 'HasColumnType', specify precision and scale using 'HasPrecision', or configure a value converter using 'HasConversion'.
2022-09-30 19:21:44.303 +05:30  WRN  No store type was specified for the decimal property 'Score' on entity type 'Employees'. This will cause values to be silently truncated if they do not fit in the default precision and scale. Explicitly specify the SQL server column type that can accommodate all the values in 'OnModelCreating' using 'HasColumnType', specify precision and scale using 'HasPrecision', or configure a value converter using 'HasConversion'.
2022-09-30 19:21:44.877 +05:30  INF  Executed DbCommand (485ms) [Parameters=[], CommandType='"Text"', CommandTimeout='60']
CREATE DATABASE [Employee Management Api];
2022-09-30 19:21:44.972 +05:30  INF  Executed DbCommand (89ms) [Parameters=[], CommandType='"Text"', CommandTimeout='60']
IF SERVERPROPERTY('EngineEdition') <> 5
BEGIN
    ALTER DATABASE [Employee Management Api] SET READ_COMMITTED_SNAPSHOT ON;
END;
2022-09-30 19:21:45.003 +05:30  INF  Executed DbCommand (11ms) [Parameters=[], CommandType='"Text"', CommandTimeout='30']
SELECT 1
2022-09-30 19:21:45.204 +05:30  INF  Executed DbCommand (10ms) [Parameters=[], CommandType='"Text"', CommandTimeout='30']
CREATE TABLE [__EFMigrationsHistory] (
    [MigrationId] nvarchar(150) NOT NULL,
    [ProductVersion] nvarchar(32) NOT NULL,
    CONSTRAINT [PK___EFMigrationsHistory] PRIMARY KEY ([MigrationId])
);
2022-09-30 19:21:45.208 +05:30  INF  Executed DbCommand (1ms) [Parameters=[], CommandType='"Text"', CommandTimeout='30']
SELECT 1
2022-09-30 19:21:45.248 +05:30  INF  Executed DbCommand (28ms) [Parameters=[], CommandType='"Text"', CommandTimeout='30']
SELECT OBJECT_ID(N'[__EFMigrationsHistory]');
2022-09-30 19:21:45.258 +05:30  INF  Executed DbCommand (5ms) [Parameters=[], CommandType='"Text"', CommandTimeout='30']
SELECT [MigrationId], [ProductVersion]
FROM [__EFMigrationsHistory]
ORDER BY [MigrationId];
2022-09-30 19:21:45.288 +05:30  INF  Applying migration '20220930135049_Init'.
2022-09-30 19:21:45.406 +05:30  INF  Executed DbCommand (36ms) [Parameters=[], CommandType='"Text"', CommandTimeout='30']
CREATE TABLE [Department] (
    [Id] int NOT NULL IDENTITY,
    [Name] VARCHAR(250) NOT NULL,
    [Description] VARCHAR(250) NULL,
    [CreatedOn] datetime2 NULL,
    [UpdatedOn] datetime2 NULL,
    [DeletedOn] datetime2 NULL,
    CONSTRAINT [PK_Department] PRIMARY KEY ([Id])
);
2022-09-30 19:21:45.411 +05:30  INF  Executed DbCommand (3ms) [Parameters=[], CommandType='"Text"', CommandTimeout='30']
CREATE TABLE [Project] (
    [Id] int NOT NULL IDENTITY,
    [CreatedOn] datetime2 NULL,
    [UpdatedOn] datetime2 NULL,
    [DeletedOn] datetime2 NULL,
    [Name] VARCHAR(250) NOT NULL,
    [Description] VARCHAR(250) NULL,
    [StartDate] datetime2 NULL,
    [EndDate] datetime2 NULL,
    CONSTRAINT [PK_Project] PRIMARY KEY ([Id])
);
2022-09-30 19:21:45.415 +05:30  INF  Executed DbCommand (4ms) [Parameters=[], CommandType='"Text"', CommandTimeout='30']
CREATE TABLE [RoleMembers] (
    [Id] int NOT NULL IDENTITY,
    [UserId] int NOT NULL,
    [RoleId] int NOT NULL,
    CONSTRAINT [PK_RoleMembers] PRIMARY KEY ([Id])
);
2022-09-30 19:21:45.420 +05:30  INF  Executed DbCommand (4ms) [Parameters=[], CommandType='"Text"', CommandTimeout='30']
CREATE TABLE [Employee] (
    [Id] int NOT NULL IDENTITY,
    [CreatedOn] datetime2 NULL,
    [UpdatedOn] datetime2 NULL,
    [DeletedOn] datetime2 NULL,
    [Name] VARCHAR(250) NOT NULL,
    [Email] VARCHAR(250) NULL,
    [PhoneNo] VARCHAR(15) NULL,
    [Address] VARCHAR(250) NULL,
    [Gender] int NOT NULL,
    [DOB] datetime2 NULL,
    [Score] decimal(18,2) NOT NULL,
    [Salary] decimal(18,2) NULL,
    [DepartmentId] int NOT NULL,
    CONSTRAINT [PK_Employee] PRIMARY KEY ([Id]),
    CONSTRAINT [FK_Employee_Department_DepartmentId] FOREIGN KEY ([DepartmentId]) REFERENCES [Department] ([Id]) ON DELETE CASCADE
);
2022-09-30 19:21:45.423 +05:30  INF  Executed DbCommand (3ms) [Parameters=[], CommandType='"Text"', CommandTimeout='30']
CREATE TABLE [Roles] (
    [Id] int NOT NULL IDENTITY,
    [Roles] VARCHAR(100) NOT NULL,
    [Description] VARCHAR(100) NOT NULL,
    [RoleMemberId] int NULL,
    CONSTRAINT [PK_Roles] PRIMARY KEY ([Id]),
    CONSTRAINT [FK_Roles_RoleMembers_RoleMemberId] FOREIGN KEY ([RoleMemberId]) REFERENCES [RoleMembers] ([Id])
);
2022-09-30 19:21:45.426 +05:30  INF  Executed DbCommand (3ms) [Parameters=[], CommandType='"Text"', CommandTimeout='30']
CREATE TABLE [Users] (
    [Id] int NOT NULL IDENTITY,
    [Email] VARCHAR(250) NOT NULL,
    [Password] VARCHAR(250) NOT NULL,
    [RegisteredOn] datetime2 NULL,
    [LogOn] datetime2 NULL,
    [RoleMemberId] int NULL,
    CONSTRAINT [PK_Users] PRIMARY KEY ([Id]),
    CONSTRAINT [FK_Users_RoleMembers_RoleMemberId] FOREIGN KEY ([RoleMemberId]) REFERENCES [RoleMembers] ([Id])
);
2022-09-30 19:21:45.429 +05:30  INF  Executed DbCommand (3ms) [Parameters=[], CommandType='"Text"', CommandTimeout='30']
CREATE TABLE [ProjectsEmployeeMappings] (
    [Id] int NOT NULL IDENTITY,
    [CreatedOn] datetime2 NULL,
    [EmployeeId] int NOT NULL,
    [ProjectId] int NOT NULL,
    CONSTRAINT [PK_ProjectsEmployeeMappings] PRIMARY KEY ([Id]),
    CONSTRAINT [FK_ProjectsEmployeeMappings_Employee_EmployeeId] FOREIGN KEY ([EmployeeId]) REFERENCES [Employee] ([Id]) ON DELETE CASCADE,
    CONSTRAINT [FK_ProjectsEmployeeMappings_Project_ProjectId] FOREIGN KEY ([ProjectId]) REFERENCES [Project] ([Id]) ON DELETE CASCADE
);
2022-09-30 19:21:45.433 +05:30  INF  Executed DbCommand (3ms) [Parameters=[], CommandType='"Text"', CommandTimeout='30']
CREATE INDEX [IX_Employee_DepartmentId] ON [Employee] ([DepartmentId]);
2022-09-30 19:21:45.435 +05:30  INF  Executed DbCommand (1ms) [Parameters=[], CommandType='"Text"', CommandTimeout='30']
CREATE INDEX [IX_ProjectsEmployeeMappings_EmployeeId] ON [ProjectsEmployeeMappings] ([EmployeeId]);
2022-09-30 19:21:45.437 +05:30  INF  Executed DbCommand (2ms) [Parameters=[], CommandType='"Text"', CommandTimeout='30']
CREATE INDEX [IX_ProjectsEmployeeMappings_ProjectId] ON [ProjectsEmployeeMappings] ([ProjectId]);
2022-09-30 19:21:45.439 +05:30  INF  Executed DbCommand (2ms) [Parameters=[], CommandType='"Text"', CommandTimeout='30']
CREATE INDEX [IX_Roles_RoleMemberId] ON [Roles] ([RoleMemberId]);
2022-09-30 19:21:45.441 +05:30  INF  Executed DbCommand (2ms) [Parameters=[], CommandType='"Text"', CommandTimeout='30']
CREATE INDEX [IX_Users_RoleMemberId] ON [Users] ([RoleMemberId]);
2022-09-30 19:21:45.446 +05:30  INF  Executed DbCommand (4ms) [Parameters=[], CommandType='"Text"', CommandTimeout='30']
INSERT INTO [__EFMigrationsHistory] ([MigrationId], [ProductVersion])
VALUES (N'20220930135049_Init', N'6.0.9');
